#
# A fatal error has been detected by the Java Runtime Environment:
#
#  EXCEPTION_ACCESS_VIOLATION (0xc0000005) at pc=0x6e9655eb, pid=532, tid=1764
#
# JRE version: 7.0_21-b11
# Java VM: Java HotSpot(TM) Client VM (23.21-b01 mixed mode, sharing windows-x86 )
# Problematic frame:
# V  [jvm.dll+0xa55eb]
#
# Failed to write core dump. Minidumps are not enabled by default on client versions of Windows
#
# If you would like to submit a bug report, please visit:
#   http://bugreport.sun.com/bugreport/crash.jsp
#

---------------  T H R E A D  ---------------

Current thread (0x03386400):  JavaThread "QuantumRenderer-0" daemon [_thread_in_vm, id=1764, stack(0x04b50000,0x04ba0000)]

siginfo: ExceptionCode=0xc0000005, reading address 0x00000000

Registers:
EAX=0x00000000, EBX=0x00000000, ECX=0x03386400, EDX=0x6eb4d5c0
ESP=0x04b9eb88, EBP=0x04b9eba4, ESI=0x03386400, EDI=0x00000000
EIP=0x6e9655eb, EFLAGS=0x00010202

Top of Stack: (sp=0x04b9eb88)
0x04b9eb88:   6e687d48 00000000 03386528 03386400
0x04b9eb98:   02a9ec7c 00000b9d 6eb4d5c0 00000000
0x04b9eba8:   6e6820f3 03386528 04b9f0c4 00000000
0x04b9ebb8:   00000000 033af280 6e683075 6e687d48
0x04b9ebc8:   332f7818 03386400 033af280 04b9f0b4
0x04b9ebd8:   04b9f070 7c90d96e 7ff90bf8 04b9ebd8
0x04b9ebe8:   7c90d97a 70786769 32336472 6c6c642e
0x04b9ebf8:   00320000 00000000 00000000 00000000 

Instructions: (pc=0x6e9655eb)
0x6e9655cb:   6e 00 53 57 8b 7d 10 74 13 8b 07 6a 01 57 50 6a
0x6e9655db:   00 6a 00 56 e8 9c df 04 00 83 c4 18 83 7d f4 00
0x6e9655eb:   8b 0f 8b 51 40 8b 47 08 8a 0c 02 88 4d 0b 74 08
0x6e9655fb:   8d 4d f0 e8 cd 8d 0c 00 8b 7e 28 8b 4f 08 83 39 


Register to memory mapping:

EAX=0x00000000 is an unknown value
EBX=0x00000000 is an unknown value
ECX=0x03386400 is a thread
EDX=0x6eb4d5c0 is an unknown value
ESP=0x04b9eb88 is pointing into the stack for thread: 0x03386400
EBP=0x04b9eba4 is pointing into the stack for thread: 0x03386400
ESI=0x03386400 is a thread
EDI=0x00000000 is an unknown value


Stack: [0x04b50000,0x04ba0000],  sp=0x04b9eb88,  free space=314k
Native frames: (J=compiled Java code, j=interpreted, Vv=VM code, C=native code)
V  [jvm.dll+0xa55eb]

Java frames: (J=compiled Java code, j=interpreted, Vv=VM code)
j  com.sun.prism.d3d.D3DPipeline.nInit(Ljava/lang/Class;)J+0
j  com.sun.prism.d3d.D3DPipeline.access$000(Ljava/lang/Class;)J+1
j  com.sun.prism.d3d.D3DPipeline$1.run()Ljava/lang/Boolean;+36
j  com.sun.prism.d3d.D3DPipeline$1.run()Ljava/lang/Object;+1
v  ~StubRoutines::call_stub
j  java.security.AccessController.doPrivileged(Ljava/security/PrivilegedAction;)Ljava/lang/Object;+0
j  com.sun.prism.d3d.D3DPipeline.<clinit>()V+24
v  ~StubRoutines::call_stub
j  java.lang.Class.forName0(Ljava/lang/String;ZLjava/lang/ClassLoader;)Ljava/lang/Class;+0
j  java.lang.Class.forName(Ljava/lang/String;)Ljava/lang/Class;+5
j  com.sun.prism.GraphicsPipeline.createPipeline()Lcom/sun/prism/GraphicsPipeline;+171
j  com.sun.javafx.tk.quantum.QuantumRenderer$PipelineRunnable.init()V+0
j  com.sun.javafx.tk.quantum.QuantumRenderer$PipelineRunnable.run()V+1
j  java.lang.Thread.run()V+11
v  ~StubRoutines::call_stub

---------------  P R O C E S S  ---------------

Java Threads: ( => current thread )
=>0x03386400 JavaThread "QuantumRenderer-0" daemon [_thread_in_vm, id=1764, stack(0x04b50000,0x04ba0000)]
  0x02a9d000 JavaThread "http-apr-8080-exec-10" daemon [_thread_blocked, id=2532, stack(0x04b00000,0x04b50000)]
  0x03416c00 JavaThread "http-apr-8080-exec-9" daemon [_thread_blocked, id=520, stack(0x04ab0000,0x04b00000)]
  0x02f91400 JavaThread "http-apr-8080-exec-8" daemon [_thread_blocked, id=1544, stack(0x04a60000,0x04ab0000)]
  0x032d7400 JavaThread "http-apr-8080-exec-7" daemon [_thread_blocked, id=3040, stack(0x04a10000,0x04a60000)]
  0x02f89400 JavaThread "http-apr-8080-exec-6" daemon [_thread_blocked, id=2904, stack(0x049c0000,0x04a10000)]
  0x02a9c400 JavaThread "http-apr-8080-exec-5" daemon [_thread_blocked, id=3460, stack(0x04970000,0x049c0000)]
  0x02abd400 JavaThread "http-apr-8080-exec-4" daemon [_thread_blocked, id=4092, stack(0x04920000,0x04970000)]
  0x034b1c00 JavaThread "http-apr-8080-exec-3" daemon [_thread_blocked, id=2820, stack(0x048d0000,0x04920000)]
  0x03221c00 JavaThread "http-apr-8080-exec-2" daemon [_thread_blocked, id=208, stack(0x03670000,0x036c0000)]
  0x03228400 JavaThread "http-apr-8080-exec-1" daemon [_thread_blocked, id=3860, stack(0x03620000,0x03670000)]
  0x034af800 JavaThread "ajp-apr-8009-AsyncTimeout" daemon [_thread_blocked, id=3740, stack(0x04870000,0x048c0000)]
  0x034a3000 JavaThread "ajp-apr-8009-Acceptor-0" daemon [_thread_in_native, id=3024, stack(0x04820000,0x04870000)]
  0x034a1800 JavaThread "ajp-apr-8009-CometPoller-7" daemon [_thread_blocked, id=1768, stack(0x047d0000,0x04820000)]
  0x034a0000 JavaThread "ajp-apr-8009-CometPoller-6" daemon [_thread_blocked, id=508, stack(0x04780000,0x047d0000)]
  0x0349e800 JavaThread "ajp-apr-8009-CometPoller-5" daemon [_thread_blocked, id=2712, stack(0x04330000,0x04380000)]
  0x0349d000 JavaThread "ajp-apr-8009-CometPoller-4" daemon [_thread_blocked, id=1356, stack(0x042e0000,0x04330000)]
  0x0349b800 JavaThread "ajp-apr-8009-CometPoller-3" daemon [_thread_blocked, id=3312, stack(0x04290000,0x042e0000)]
  0x03475000 JavaThread "ajp-apr-8009-CometPoller-2" daemon [_thread_blocked, id=3644, stack(0x04240000,0x04290000)]
  0x0346c800 JavaThread "ajp-apr-8009-CometPoller-1" daemon [_thread_blocked, id=3448, stack(0x041f0000,0x04240000)]
  0x0346b400 JavaThread "ajp-apr-8009-CometPoller-0" daemon [_thread_blocked, id=1104, stack(0x041a0000,0x041f0000)]
  0x03460800 JavaThread "ajp-apr-8009-Poller-7" daemon [_thread_blocked, id=2308, stack(0x04150000,0x041a0000)]
  0x032f6000 JavaThread "ajp-apr-8009-Poller-6" daemon [_thread_blocked, id=2764, stack(0x04100000,0x04150000)]
  0x032cd800 JavaThread "ajp-apr-8009-Poller-5" daemon [_thread_blocked, id=1884, stack(0x040b0000,0x04100000)]
  0x032cc400 JavaThread "ajp-apr-8009-Poller-4" daemon [_thread_blocked, id=1296, stack(0x04060000,0x040b0000)]
  0x03469800 JavaThread "ajp-apr-8009-Poller-3" daemon [_thread_blocked, id=3572, stack(0x04010000,0x04060000)]
  0x032cb800 JavaThread "ajp-apr-8009-Poller-2" daemon [_thread_blocked, id=3512, stack(0x03fc0000,0x04010000)]
  0x03466c00 JavaThread "ajp-apr-8009-Poller-1" daemon [_thread_blocked, id=3972, stack(0x03f70000,0x03fc0000)]
  0x03465400 JavaThread "ajp-apr-8009-Poller-0" daemon [_thread_blocked, id=4064, stack(0x03f20000,0x03f70000)]
  0x03463c00 JavaThread "http-apr-8080-AsyncTimeout" daemon [_thread_blocked, id=3588, stack(0x03ed0000,0x03f20000)]
  0x03381c00 JavaThread "http-apr-8080-Acceptor-0" daemon [_thread_in_native, id=840, stack(0x03e80000,0x03ed0000)]
  0x03380400 JavaThread "http-apr-8080-Sendfile-0" daemon [_thread_blocked, id=3696, stack(0x03e30000,0x03e80000)]
  0x03485800 JavaThread "http-apr-8080-CometPoller-7" daemon [_thread_blocked, id=2664, stack(0x03de0000,0x03e30000)]
  0x03484000 JavaThread "http-apr-8080-CometPoller-6" daemon [_thread_blocked, id=1836, stack(0x03d90000,0x03de0000)]
  0x03482800 JavaThread "http-apr-8080-CometPoller-5" daemon [_thread_blocked, id=1752, stack(0x03d40000,0x03d90000)]
  0x03481000 JavaThread "http-apr-8080-CometPoller-4" daemon [_thread_blocked, id=1936, stack(0x03cf0000,0x03d40000)]
  0x0347f800 JavaThread "http-apr-8080-CometPoller-3" daemon [_thread_blocked, id=2276, stack(0x03ca0000,0x03cf0000)]
  0x0347e000 JavaThread "http-apr-8080-CometPoller-2" daemon [_thread_blocked, id=4080, stack(0x03c50000,0x03ca0000)]
  0x0347c800 JavaThread "http-apr-8080-CometPoller-1" daemon [_thread_blocked, id=3340, stack(0x03c00000,0x03c50000)]
  0x0347b000 JavaThread "http-apr-8080-CometPoller-0" daemon [_thread_blocked, id=3668, stack(0x039b0000,0x03a00000)]
  0x03366800 JavaThread "http-apr-8080-Poller-7" daemon [_thread_blocked, id=2760, stack(0x03960000,0x039b0000)]
  0x03365400 JavaThread "http-apr-8080-Poller-6" daemon [_thread_in_native, id=3640, stack(0x03910000,0x03960000)]
  0x032ab800 JavaThread "http-apr-8080-Poller-5" daemon [_thread_in_native, id=1156, stack(0x038c0000,0x03910000)]
  0x0325e000 JavaThread "http-apr-8080-Poller-4" daemon [_thread_in_native, id=3524, stack(0x03870000,0x038c0000)]
  0x03479800 JavaThread "http-apr-8080-Poller-3" daemon [_thread_in_native, id=2556, stack(0x03820000,0x03870000)]
  0x03478000 JavaThread "http-apr-8080-Poller-2" daemon [_thread_blocked, id=3444, stack(0x037d0000,0x03820000)]
  0x03472000 JavaThread "http-apr-8080-Poller-1" daemon [_thread_in_native, id=2844, stack(0x03780000,0x037d0000)]
  0x03471000 JavaThread "http-apr-8080-Poller-0" daemon [_thread_blocked, id=1660, stack(0x03730000,0x03780000)]
  0x03382c00 JavaThread "ContainerBackgroundProcessor[StandardEngine[Catalina]]" daemon [_thread_blocked, id=636, stack(0x036e0000,0x03730000)]
  0x031a3000 JavaThread "GC Daemon" daemon [_thread_blocked, id=2456, stack(0x035d0000,0x03620000)]
  0x02a92400 JavaThread "Service Thread" daemon [_thread_blocked, id=4004, stack(0x02e30000,0x02e80000)]
  0x02a84400 JavaThread "C1 CompilerThread0" daemon [_thread_blocked, id=3656, stack(0x02de0000,0x02e30000)]
  0x02a82c00 JavaThread "Attach Listener" daemon [_thread_blocked, id=1280, stack(0x02d90000,0x02de0000)]
  0x02a81000 JavaThread "Signal Dispatcher" daemon [_thread_blocked, id=1272, stack(0x02d40000,0x02d90000)]
  0x02a65000 JavaThread "Finalizer" daemon [_thread_blocked, id=3344, stack(0x02cd0000,0x02d20000)]
  0x02a60000 JavaThread "Reference Handler" daemon [_thread_blocked, id=2704, stack(0x02c80000,0x02cd0000)]
  0x003e8c00 JavaThread "main" [_thread_in_native, id=3320, stack(0x008d0000,0x00920000)]

Other Threads:
  0x02a5e800 VMThread [stack: 0x02c30000,0x02c80000] [id=380]
  0x02aa5c00 WatcherThread [stack: 0x02e80000,0x02ed0000] [id=2368]

VM state:not at safepoint (normal execution)

VM Mutex/Monitor currently owned by a thread: None

Heap
 def new generation   total 7616K, used 2483K [0x22ac0000, 0x23300000, 0x28010000)
  eden space 6784K,  24% used [0x22ac0000, 0x22c5cd00, 0x23160000)
  from space 832K, 100% used [0x23160000, 0x23230000, 0x23230000)
  to   space 832K,   0% used [0x23230000, 0x23230000, 0x23300000)
 tenured generation   total 16820K, used 14408K [0x28010000, 0x2907d000, 0x32ac0000)
   the space 16820K,  85% used [0x28010000, 0x28e22108, 0x28e22200, 0x2907d000)
 compacting perm gen  total 12288K, used 8423K [0x32ac0000, 0x336c0000, 0x36ac0000)
   the space 12288K,  68% used [0x32ac0000, 0x332f9f10, 0x332fa000, 0x336c0000)
    ro space 10240K,  45% used [0x36ac0000, 0x36f47988, 0x36f47a00, 0x374c0000)
    rw space 12288K,  54% used [0x374c0000, 0x37b4b5d8, 0x37b4b600, 0x380c0000)

Card table byte_map: [0x02ad0000,0x02b80000] byte_map_base: 0x029baa00

Polling page: 0x00920000

Code Cache  [0x00950000, 0x00b68000, 0x02950000)
 total_blobs=974 nmethods=768 adapters=141 free_code_cache=30629Kb largest_free_block=31362048

Compilation events (10 events):
Event: 42.127 Thread 0x02a84400  771             java.util.jar.Attributes::get (11 bytes)
Event: 42.127 Thread 0x02a84400 nmethod 771 0x00b62088 code [0x00b62190, 0x00b6222c]
Event: 42.183 Thread 0x02a84400  772   !         java.lang.ClassLoader::getPackage (118 bytes)
Event: 42.184 Thread 0x02a84400 nmethod 772 0x00b63648 code [0x00b637a0, 0x00b63c34]
Event: 42.190 Thread 0x02a84400  773             java.net.URI$Parser::at (20 bytes)
Event: 42.191 Thread 0x02a84400 nmethod 773 0x00b63f08 code [0x00b64020, 0x00b6418c]
Event: 42.200 Thread 0x02a84400  774             java.util.jar.Attributes::getValue (9 bytes)
Event: 42.200 Thread 0x02a84400 nmethod 774 0x00abc888 code [0x00abc990, 0x00abca4c]
Event: 42.212 Thread 0x02a84400  775   !         java.text.MessageFormat::makeFormat (654 bytes)
Event: 42.216 Thread 0x02a84400 nmethod 775 0x00b643c8 code [0x00b64730, 0x00b65c14]

GC Heap History (10 events):
Event: 3.829 GC heap before
{Heap before GC invocations=52 (full 0):
 def new generation   total 4928K, used 4928K [0x22ac0000, 0x23010000, 0x28010000)
  eden space 4416K, 100% used [0x22ac0000, 0x22f10000, 0x22f10000)
  from space 512K, 100% used [0x22f10000, 0x22f90000, 0x22f90000)
  to   space 512K,   0% used [0x22f90000, 0x22f90000, 0x23010000)
 tenured generation   total 10944K, used 8717K [0x28010000, 0x28ac0000, 0x32ac0000)
   the space 10944K,  79% used [0x28010000, 0x28893788, 0x28893800, 0x28ac0000)
 compacting perm gen  total 12288K, used 5938K [0x32ac0000, 0x336c0000, 0x36ac0000)
   the space 12288K,  48% used [0x32ac0000, 0x3308cbc0, 0x3308cc00, 0x336c0000)
    ro space 10240K,  45% used [0x36ac0000, 0x36f47988, 0x36f47a00, 0x374c0000)
    rw space 12288K,  54% used [0x374c0000, 0x37b4b5d8, 0x37b4b600, 0x380c0000)
Event: 3.835 GC heap after
Heap after GC invocations=53 (full 0):
 def new generation   total 4928K, used 512K [0x22ac0000, 0x23010000, 0x28010000)
  eden space 4416K,   0% used [0x22ac0000, 0x22ac0000, 0x22f10000)
  from space 512K, 100% used [0x22f90000, 0x23010000, 0x23010000)
  to   space 512K,   0% used [0x22f10000, 0x22f10000, 0x22f90000)
 tenured generation   total 10944K, used 9240K [0x28010000, 0x28ac0000, 0x32ac0000)
   the space 10944K,  84% used [0x28010000, 0x289161a8, 0x28916200, 0x28ac0000)
 compacting perm gen  total 12288K, used 5938K [0x32ac0000, 0x336c0000, 0x36ac0000)
   the space 12288K,  48% used [0x32ac0000, 0x3308cbc0, 0x3308cc00, 0x336c0000)
    ro space 10240K,  45% used [0x36ac0000, 0x36f47988, 0x36f47a00, 0x374c0000)
    rw space 12288K,  54% used [0x374c0000, 0x37b4b5d8, 0x37b4b600, 0x380c0000)
}
Event: 3.909 GC heap before
{Heap before GC invocations=53 (full 0):
 def new generation   total 4928K, used 4760K [0x22ac0000, 0x23010000, 0x28010000)
  eden space 4416K,  96% used [0x22ac0000, 0x22ee6330, 0x22f10000)
  from space 512K, 100% used [0x22f90000, 0x23010000, 0x23010000)
  to   space 512K,   0% used [0x22f10000, 0x22f10000, 0x22f90000)
 tenured generation   total 10944K, used 9240K [0x28010000, 0x28ac0000, 0x32ac0000)
   the space 10944K,  84% used [0x28010000, 0x289161a8, 0x28916200, 0x28ac0000)
 compacting perm gen  total 12288K, used 5952K [0x32ac0000, 0x336c0000, 0x36ac0000)
   the space 12288K,  48% used [0x32ac0000, 0x33090150, 0x33090200, 0x336c0000)
    ro space 10240K,  45% used [0x36ac0000, 0x36f47988, 0x36f47a00, 0x374c0000)
    rw space 12288K,  54% used [0x374c0000, 0x37b4b5d8, 0x37b4b600, 0x380c0000)
Event: 3.915 GC heap after
Heap after GC invocations=54 (full 0):
 def new generation   total 4928K, used 512K [0x22ac0000, 0x23010000, 0x28010000)
  eden space 4416K,   0% used [0x22ac0000, 0x22ac0000, 0x22f10000)
  from space 512K, 100% used [0x22f10000, 0x22f90000, 0x22f90000)
  to   space 512K,   0% used [0x22f90000, 0x22f90000, 0x23010000)
 tenured generation   total 10944K, used 9837K [0x28010000, 0x28ac0000, 0x32ac0000)
   the space 10944K,  89% used [0x28010000, 0x289ab530, 0x289ab600, 0x28ac0000)
 compacting perm gen  total 12288K, used 5952K [0x32ac0000, 0x336c0000, 0x36ac0000)
   the space 12288K,  48% used [0x32ac0000, 0x33090150, 0x33090200, 0x336c0000)
    ro space 10240K,  45% used [0x36ac0000, 0x36f47988, 0x36f47a00, 0x374c0000)
    rw space 12288K,  54% used [0x374c0000, 0x37b4b5d8, 0x37b4b600, 0x380c0000)
}
Event: 3.970 GC heap before
{Heap before GC invocations=54 (full 0):
 def new generation   total 4928K, used 4928K [0x22ac0000, 0x23010000, 0x28010000)
  eden space 4416K, 100% used [0x22ac0000, 0x22f10000, 0x22f10000)
  from space 512K, 100% used [0x22f10000, 0x22f90000, 0x22f90000)
  to   space 512K,   0% used [0x22f90000, 0x22f90000, 0x23010000)
 tenured generation   total 10944K, used 9837K [0x28010000, 0x28ac0000, 0x32ac0000)
   the space 10944K,  89% used [0x28010000, 0x289ab530, 0x289ab600, 0x28ac0000)
 compacting perm gen  total 12288K, used 5973K [0x32ac0000, 0x336c0000, 0x36ac0000)
   the space 12288K,  48% used [0x32ac0000, 0x33095558, 0x33095600, 0x336c0000)
    ro space 10240K,  45% used [0x36ac0000, 0x36f47988, 0x36f47a00, 0x374c0000)
    rw space 12288K,  54% used [0x374c0000, 0x37b4b5d8, 0x37b4b600, 0x380c0000)
Event: 4.039 GC heap after
Heap after GC invocations=55 (full 1):
 def new generation   total 7616K, used 0K [0x22ac0000, 0x23300000, 0x28010000)
  eden space 6784K,   0% used [0x22ac0000, 0x22ac0000, 0x23160000)
  from space 832K,   0% used [0x23160000, 0x23160000, 0x23230000)
  to   space 832K,   0% used [0x23230000, 0x23230000, 0x23300000)
 tenured generation   total 16820K, used 10092K [0x28010000, 0x2907d000, 0x32ac0000)
   the space 16820K,  60% used [0x28010000, 0x289eb000, 0x289eb000, 0x2907d000)
 compacting perm gen  total 12288K, used 5973K [0x32ac0000, 0x336c0000, 0x36ac0000)
   the space 12288K,  48% used [0x32ac0000, 0x33095558, 0x33095600, 0x336c0000)
    ro space 10240K,  45% used [0x36ac0000, 0x36f47988, 0x36f47a00, 0x374c0000)
    rw space 12288K,  54% used [0x374c0000, 0x37b4b5d8, 0x37b4b600, 0x380c0000)
}
Event: 32.724 GC heap before
{Heap before GC invocations=55 (full 1):
 def new generation   total 7616K, used 6784K [0x22ac0000, 0x23300000, 0x28010000)
  eden space 6784K, 100% used [0x22ac0000, 0x23160000, 0x23160000)
  from space 832K,   0% used [0x23160000, 0x23160000, 0x23230000)
  to   space 832K,   0% used [0x23230000, 0x23230000, 0x23300000)
 tenured generation   total 16820K, used 10092K [0x28010000, 0x2907d000, 0x32ac0000)
   the space 16820K,  60% used [0x28010000, 0x289eb000, 0x289eb000, 0x2907d000)
 compacting perm gen  total 12288K, used 6866K [0x32ac0000, 0x336c0000, 0x36ac0000)
   the space 12288K,  55% used [0x32ac0000, 0x33174a98, 0x33174c00, 0x336c0000)
    ro space 10240K,  45% used [0x36ac0000, 0x36f47988, 0x36f47a00, 0x374c0000)
    rw space 12288K,  54% used [0x374c0000, 0x37b4b5d8, 0x37b4b600, 0x380c0000)
Event: 32.739 GC heap after
Heap after GC invocations=56 (full 1):
 def new generation   total 7616K, used 832K [0x22ac0000, 0x23300000, 0x28010000)
  eden space 6784K,   0% used [0x22ac0000, 0x22ac0000, 0x23160000)
  from space 832K, 100% used [0x23230000, 0x23300000, 0x23300000)
  to   space 832K,   0% used [0x23160000, 0x23160000, 0x23230000)
 tenured generation   total 16820K, used 13400K [0x28010000, 0x2907d000, 0x32ac0000)
   the space 16820K,  79% used [0x28010000, 0x28d261f0, 0x28d26200, 0x2907d000)
 compacting perm gen  total 12288K, used 6866K [0x32ac0000, 0x336c0000, 0x36ac0000)
   the space 12288K,  55% used [0x32ac0000, 0x33174a98, 0x33174c00, 0x336c0000)
    ro space 10240K,  45% used [0x36ac0000, 0x36f47988, 0x36f47a00, 0x374c0000)
    rw space 12288K,  54% used [0x374c0000, 0x37b4b5d8, 0x37b4b600, 0x380c0000)
}
Event: 42.146 GC heap before
{Heap before GC invocations=56 (full 1):
 def new generation   total 7616K, used 7616K [0x22ac0000, 0x23300000, 0x28010000)
  eden space 6784K, 100% used [0x22ac0000, 0x23160000, 0x23160000)
  from space 832K, 100% used [0x23230000, 0x23300000, 0x23300000)
  to   space 832K,   0% used [0x23160000, 0x23160000, 0x23230000)
 tenured generation   total 16820K, used 13400K [0x28010000, 0x2907d000, 0x32ac0000)
   the space 16820K,  79% used [0x28010000, 0x28d261f0, 0x28d26200, 0x2907d000)
 compacting perm gen  total 12288K, used 8123K [0x32ac0000, 0x336c0000, 0x36ac0000)
   the space 12288K,  66% used [0x32ac0000, 0x332aedf8, 0x332aee00, 0x336c0000)
    ro space 10240K,  45% used [0x36ac0000, 0x36f47988, 0x36f47a00, 0x374c0000)
    rw space 12288K,  54% used [0x374c0000, 0x37b4b5d8, 0x37b4b600, 0x380c0000)
Event: 42.156 GC heap after
Heap after GC invocations=57 (full 1):
 def new generation   total 7616K, used 832K [0x22ac0000, 0x23300000, 0x28010000)
  eden space 6784K,   0% used [0x22ac0000, 0x22ac0000, 0x23160000)
  from space 832K, 100% used [0x23160000, 0x23230000, 0x23230000)
  to   space 832K,   0% used [0x23230000, 0x23230000, 0x23300000)
 tenured generation   total 16820K, used 14408K [0x28010000, 0x2907d000, 0x32ac0000)
   the space 16820K,  85% used [0x28010000, 0x28e22108, 0x28e22200, 0x2907d000)
 compacting perm gen  total 12288K, used 8123K [0x32ac0000, 0x336c0000, 0x36ac0000)
   the space 12288K,  66% used [0x32ac0000, 0x332aedf8, 0x332aee00, 0x336c0000)
    ro space 10240K,  45% used [0x36ac0000, 0x36f47988, 0x36f47a00, 0x374c0000)
    rw space 12288K,  54% used [0x374c0000, 0x37b4b5d8, 0x37b4b600, 0x380c0000)
}

Deoptimization events (0 events):
No events

Internal exceptions (10 events):
Event: 42.248 Thread 0x03386400 Threw 0x22c47bd8 at C:\jdk7u2_32P\jdk7u21\hotspot\src\share\vm\prims\jvm.cpp:1166
Event: 42.249 Thread 0x03386400 Threw 0x22c4a828 at C:\jdk7u2_32P\jdk7u21\hotspot\src\share\vm\prims\jvm.cpp:1166
Event: 42.249 Thread 0x03386400 Threw 0x22c4ae38 at C:\jdk7u2_32P\jdk7u21\hotspot\src\share\vm\prims\jvm.cpp:1166
Event: 42.250 Thread 0x03386400 Threw 0x22c4ed20 at C:\jdk7u2_32P\jdk7u21\hotspot\src\share\vm\prims\jvm.cpp:1166
Event: 42.250 Thread 0x03386400 Threw 0x22c4f330 at C:\jdk7u2_32P\jdk7u21\hotspot\src\share\vm\prims\jvm.cpp:1166
Event: 42.251 Thread 0x03386400 Threw 0x22c520b0 at C:\jdk7u2_32P\jdk7u21\hotspot\src\share\vm\prims\jvm.cpp:1166
Event: 42.251 Thread 0x03386400 Threw 0x22c526c0 at C:\jdk7u2_32P\jdk7u21\hotspot\src\share\vm\prims\jvm.cpp:1166
Event: 42.251 Thread 0x03386400 Threw 0x22c55140 at C:\jdk7u2_32P\jdk7u21\hotspot\src\share\vm\prims\jvm.cpp:1166
Event: 42.251 Thread 0x03386400 Threw 0x22c55788 at C:\jdk7u2_32P\jdk7u21\hotspot\src\share\vm\prims\jvm.cpp:1166
Event: 42.266 Thread 0x03386400 Threw 0x22c592f8 at C:\jdk7u2_32P\jdk7u21\hotspot\src\share\vm\prims\jni.cpp:2973

Events (10 events):
Event: 42.249 loading class 0x033af030
Event: 42.249 loading class 0x033af030 done
Event: 42.250 loading class 0x03387160
Event: 42.250 loading class 0x03387160 done
Event: 42.251 loading class 0x033af940
Event: 42.251 loading class 0x033af940 done
Event: 42.251 loading class 0x033b0af0
Event: 42.251 loading class 0x033b0af0 done
Event: 42.252 Executing VM operation: RevokeBias
Event: 42.252 Executing VM operation: RevokeBias done


Dynamic libraries:
0x00400000 - 0x0042f000 	C:\Program Files\Java\jdk1.7.0_21\bin\java.exe
0x7c900000 - 0x7c9b2000 	C:\WINDOWS\system32\ntdll.dll
0x7c800000 - 0x7c8f6000 	C:\WINDOWS\system32\kernel32.dll
0x77dd0000 - 0x77e6b000 	C:\WINDOWS\system32\ADVAPI32.dll
0x77e70000 - 0x77f03000 	C:\WINDOWS\system32\RPCRT4.dll
0x77fe0000 - 0x77ff1000 	C:\WINDOWS\system32\Secur32.dll
0x7e410000 - 0x7e4a1000 	C:\WINDOWS\system32\USER32.dll
0x77f10000 - 0x77f59000 	C:\WINDOWS\system32\GDI32.dll
0x773d0000 - 0x774d3000 	C:\WINDOWS\WinSxS\x86_Microsoft.Windows.Common-Controls_6595b64144ccf1df_6.0.2600.6028_x-ww_61e65202\COMCTL32.dll
0x77c10000 - 0x77c68000 	C:\WINDOWS\system32\msvcrt.dll
0x77f60000 - 0x77fd6000 	C:\WINDOWS\system32\SHLWAPI.dll
0x76390000 - 0x763ad000 	C:\WINDOWS\system32\IMM32.DLL
0x629c0000 - 0x629c9000 	C:\WINDOWS\system32\LPK.DLL
0x74d90000 - 0x74dfb000 	C:\WINDOWS\system32\USP10.dll
0x78aa0000 - 0x78b5e000 	C:\Program Files\Java\jdk1.7.0_21\jre\bin\msvcr100.dll
0x6e8c0000 - 0x6ec0f000 	C:\Program Files\Java\jdk1.7.0_21\jre\bin\client\jvm.dll
0x71ad0000 - 0x71ad9000 	C:\WINDOWS\system32\WSOCK32.dll
0x71ab0000 - 0x71ac7000 	C:\WINDOWS\system32\WS2_32.dll
0x71aa0000 - 0x71aa8000 	C:\WINDOWS\system32\WS2HELP.dll
0x76b40000 - 0x76b6d000 	C:\WINDOWS\system32\WINMM.dll
0x76bf0000 - 0x76bfb000 	C:\WINDOWS\system32\PSAPI.DLL
0x6e810000 - 0x6e81c000 	C:\Program Files\Java\jdk1.7.0_21\jre\bin\verify.dll
0x6d5a0000 - 0x6d5c0000 	C:\Program Files\Java\jdk1.7.0_21\jre\bin\java.dll
0x6e8a0000 - 0x6e8b3000 	C:\Program Files\Java\jdk1.7.0_21\jre\bin\zip.dll
0x6e5c0000 - 0x6e5d4000 	C:\Program Files\Java\jdk1.7.0_21\jre\bin\net.dll
0x6e5e0000 - 0x6e5ee000 	C:\Program Files\Java\jdk1.7.0_21\jre\bin\nio.dll
0x6e520000 - 0x6e52a000 	C:\Program Files\Java\jdk1.7.0_21\jre\bin\management.dll
0x10000000 - 0x1011d000 	C:\apache-tomcat-7.0.42\bin\tcnative-1.dll
0x71a50000 - 0x71a8f000 	C:\WINDOWS\system32\MSWSOCK.dll
0x68000000 - 0x68036000 	C:\WINDOWS\system32\rsaenh.dll
0x6e790000 - 0x6e7b0000 	C:\Program Files\Java\jdk1.7.0_21\jre\bin\sunec.dll
0x6e7b0000 - 0x6e7b9000 	C:\Program Files\Java\jdk1.7.0_21\jre\bin\sunmscapi.dll
0x77a80000 - 0x77b15000 	C:\WINDOWS\system32\CRYPT32.dll
0x77b20000 - 0x77b32000 	C:\WINDOWS\system32\MSASN1.dll
0x662b0000 - 0x66308000 	C:\WINDOWS\system32\hnetcfg.dll
0x71a90000 - 0x71a98000 	C:\WINDOWS\System32\wshtcpip.dll
0x769c0000 - 0x76a74000 	C:\WINDOWS\system32\USERENV.dll
0x5b860000 - 0x5b8b6000 	C:\WINDOWS\system32\netapi32.dll
0x76f20000 - 0x76f47000 	C:\WINDOWS\system32\DNSAPI.dll
0x76d60000 - 0x76d79000 	C:\WINDOWS\system32\iphlpapi.dll
0x76fb0000 - 0x76fb8000 	C:\WINDOWS\System32\winrnr.dll
0x76f60000 - 0x76f8c000 	C:\WINDOWS\system32\WLDAP32.dll
0x76fc0000 - 0x76fc6000 	C:\WINDOWS\system32\rasadhlp.dll
0x6e680000 - 0x6e68d000 	C:\Program Files\Java\jdk1.7.0_21\jre\bin\prism-d3d.dll
0x4fdd0000 - 0x4ff76000 	C:\WINDOWS\system32\d3d9.dll
0x6d990000 - 0x6d996000 	C:\WINDOWS\system32\d3d8thk.dll
0x77c00000 - 0x77c08000 	C:\WINDOWS\system32\VERSION.dll
0x59a60000 - 0x59b01000 	C:\WINDOWS\system32\dbghelp.dll

VM Arguments:
jvm_args: -Djava.util.logging.config.file=C:\apache-tomcat-7.0.42\conf\logging.properties -Djava.util.logging.manager=org.apache.juli.ClassLoaderLogManager -Djava.endorsed.dirs=C:\apache-tomcat-7.0.42\endorsed -Dcatalina.base=C:\apache-tomcat-7.0.42 -Dcatalina.home=C:\apache-tomcat-7.0.42 -Djava.io.tmpdir=C:\apache-tomcat-7.0.42\temp 
java_command: org.apache.catalina.startup.Bootstrap start
Launcher Type: SUN_STANDARD

Environment Variables:
JAVA_HOME=C:\Program Files\Java\jdk1.7.0_21
JRE_HOME=C:\Program Files\Java\jdk1.7.0_21
CLASSPATH=C:\apache-tomcat-7.0.42\bin\bootstrap.jar;C:\apache-tomcat-7.0.42\bin\tomcat-juli.jar
PATH=C:\WINDOWS\system32;C:\WINDOWS;C:\WINDOWS\System32\Wbem;C:\Program Files\TortoiseSVN\bin;C:\Program Files\Microsoft SQL Server\90\Tools\binn\;C:\Program Files\MiKTeX 2.9\miktex\bin\;C:\strawberry\c\bin;C:\strawberry\perl\site\bin;C:\strawberry\perl\bin;C:\AppServ\Apache2.2\bin;C:\AppServ\php5;C:\AppServ\MySQL\bin
USERNAME=BNK
OS=Windows_NT
PROCESSOR_IDENTIFIER=x86 Family 6 Model 23 Stepping 10, GenuineIntel



---------------  S Y S T E M  ---------------

OS: Windows XP Build 2600 Service Pack 3

CPU:total 1 (1 cores per cpu, 1 threads per core) family 6 model 23 stepping 10, cmov, cx8, fxsr, mmx, sse, sse2, sse3, ssse3, sse4.1, tsc

Memory: 4k page, physical 3073768k(1446040k free), swap 4999892k(3485724k free)

vm_info: Java HotSpot(TM) Client VM (23.21-b01) for windows-x86 JRE (1.7.0_21-b11), built on Apr  4 2013 04:43:10 by "java_re" with unknown MS VC++:1600

time: Tue Oct 08 11:11:46 2013
elapsed time: 42 seconds

