#
# A fatal error has been detected by the Java Runtime Environment:
#
#  EXCEPTION_ACCESS_VIOLATION (0xc0000005) at pc=0x6e9655eb, pid=996, tid=1636
#
# JRE version: 7.0_21-b11
# Java VM: Java HotSpot(TM) Client VM (23.21-b01 mixed mode, sharing windows-x86 )
# Problematic frame:
# V  [jvm.dll+0xa55eb]
#
# Failed to write core dump. Minidumps are not enabled by default on client versions of Windows
#
# If you would like to submit a bug report, please visit:
#   http://bugreport.sun.com/bugreport/crash.jsp
#

---------------  T H R E A D  ---------------

Current thread (0x030d3400):  JavaThread "QuantumRenderer-0" daemon [_thread_in_vm, id=1636, stack(0x053f0000,0x05440000)]

siginfo: ExceptionCode=0xc0000005, reading address 0x00000000

Registers:
EAX=0x00000000, EBX=0x00000000, ECX=0x030d3400, EDX=0x6eb4d5c0
ESP=0x0543eb88, EBP=0x0543eba4, ESI=0x030d3400, EDI=0x00000000
EIP=0x6e9655eb, EFLAGS=0x00010206

Top of Stack: (sp=0x0543eb88)
0x0543eb88:   6e687d48 00000000 030d3528 030d3400
0x0543eb98:   02aa20fc 00000b9d 6eb4d5c0 00000000
0x0543eba8:   6e6820f3 030d3528 0543f0c4 00000000
0x0543ebb8:   00000000 030d71b8 6e683075 6e687d48
0x0543ebc8:   332b4550 030d3400 030d71b8 0543f0b4
0x0543ebd8:   0543f070 7c90d96e 7ff8dbf8 0543ebd8
0x0543ebe8:   7c90d97a 70786769 32336472 6c6c642e
0x0543ebf8:   00320000 00000000 00000000 00000000 

Instructions: (pc=0x6e9655eb)
0x6e9655cb:   6e 00 53 57 8b 7d 10 74 13 8b 07 6a 01 57 50 6a
0x6e9655db:   00 6a 00 56 e8 9c df 04 00 83 c4 18 83 7d f4 00
0x6e9655eb:   8b 0f 8b 51 40 8b 47 08 8a 0c 02 88 4d 0b 74 08
0x6e9655fb:   8d 4d f0 e8 cd 8d 0c 00 8b 7e 28 8b 4f 08 83 39 


Register to memory mapping:

EAX=0x00000000 is an unknown value
EBX=0x00000000 is an unknown value
ECX=0x030d3400 is a thread
EDX=0x6eb4d5c0 is an unknown value
ESP=0x0543eb88 is pointing into the stack for thread: 0x030d3400
EBP=0x0543eba4 is pointing into the stack for thread: 0x030d3400
ESI=0x030d3400 is a thread
EDI=0x00000000 is an unknown value


Stack: [0x053f0000,0x05440000],  sp=0x0543eb88,  free space=314k
Native frames: (J=compiled Java code, j=interpreted, Vv=VM code, C=native code)
V  [jvm.dll+0xa55eb]

Java frames: (J=compiled Java code, j=interpreted, Vv=VM code)
j  com.sun.prism.d3d.D3DPipeline.nInit(Ljava/lang/Class;)J+0
j  com.sun.prism.d3d.D3DPipeline.access$000(Ljava/lang/Class;)J+1
j  com.sun.prism.d3d.D3DPipeline$1.run()Ljava/lang/Boolean;+36
j  com.sun.prism.d3d.D3DPipeline$1.run()Ljava/lang/Object;+1
v  ~StubRoutines::call_stub
j  java.security.AccessController.doPrivileged(Ljava/security/PrivilegedAction;)Ljava/lang/Object;+0
j  com.sun.prism.d3d.D3DPipeline.<clinit>()V+24
v  ~StubRoutines::call_stub
j  java.lang.Class.forName0(Ljava/lang/String;ZLjava/lang/ClassLoader;)Ljava/lang/Class;+0
j  java.lang.Class.forName(Ljava/lang/String;)Ljava/lang/Class;+5
j  com.sun.prism.GraphicsPipeline.createPipeline()Lcom/sun/prism/GraphicsPipeline;+171
j  com.sun.javafx.tk.quantum.QuantumRenderer$PipelineRunnable.init()V+0
j  com.sun.javafx.tk.quantum.QuantumRenderer$PipelineRunnable.run()V+1
j  java.lang.Thread.run()V+11
v  ~StubRoutines::call_stub

---------------  P R O C E S S  ---------------

Java Threads: ( => current thread )
=>0x030d3400 JavaThread "QuantumRenderer-0" daemon [_thread_in_vm, id=1636, stack(0x053f0000,0x05440000)]
  0x03465400 JavaThread "http-apr-8080-exec-10" daemon [_thread_blocked, id=3020, stack(0x053a0000,0x053f0000)]
  0x03455c00 JavaThread "http-apr-8080-exec-9" daemon [_thread_blocked, id=3832, stack(0x05350000,0x053a0000)]
  0x030e0800 JavaThread "http-apr-8080-exec-8" daemon [_thread_blocked, id=1292, stack(0x05300000,0x05350000)]
  0x02fb1400 JavaThread "http-apr-8080-exec-7" daemon [_thread_blocked, id=3404, stack(0x052b0000,0x05300000)]
  0x02f13400 JavaThread "http-apr-8080-exec-6" daemon [_thread_blocked, id=1356, stack(0x05260000,0x052b0000)]
  0x02aa4800 JavaThread "http-apr-8080-exec-5" daemon [_thread_blocked, id=772, stack(0x05210000,0x05260000)]
  0x02aadc00 JavaThread "http-apr-8080-exec-4" daemon [_thread_blocked, id=2844, stack(0x051c0000,0x05210000)]
  0x03447400 JavaThread "http-apr-8080-exec-3" daemon [_thread_blocked, id=3620, stack(0x05170000,0x051c0000)]
  0x040e9c00 JavaThread "ajp-apr-8009-AsyncTimeout" daemon [_thread_blocked, id=4016, stack(0x05110000,0x05160000)]
  0x040e8400 JavaThread "ajp-apr-8009-Acceptor-0" daemon [_thread_in_native, id=624, stack(0x050c0000,0x05110000)]
  0x040e6c00 JavaThread "ajp-apr-8009-CometPoller-7" daemon [_thread_blocked, id=3648, stack(0x05070000,0x050c0000)]
  0x040e5c00 JavaThread "ajp-apr-8009-CometPoller-6" daemon [_thread_blocked, id=3664, stack(0x05020000,0x05070000)]
  0x040df800 JavaThread "ajp-apr-8009-CometPoller-5" daemon [_thread_blocked, id=3152, stack(0x04bd0000,0x04c20000)]
  0x040de000 JavaThread "ajp-apr-8009-CometPoller-4" daemon [_thread_blocked, id=1884, stack(0x04b80000,0x04bd0000)]
  0x040dc800 JavaThread "ajp-apr-8009-CometPoller-3" daemon [_thread_blocked, id=972, stack(0x04b30000,0x04b80000)]
  0x040db000 JavaThread "ajp-apr-8009-CometPoller-2" daemon [_thread_blocked, id=3084, stack(0x04ae0000,0x04b30000)]
  0x040d9800 JavaThread "ajp-apr-8009-CometPoller-1" daemon [_thread_blocked, id=3540, stack(0x04a90000,0x04ae0000)]
  0x040d6c00 JavaThread "ajp-apr-8009-CometPoller-0" daemon [_thread_blocked, id=2836, stack(0x04a40000,0x04a90000)]
  0x040d5400 JavaThread "ajp-apr-8009-Poller-7" daemon [_thread_blocked, id=1468, stack(0x049f0000,0x04a40000)]
  0x040d3c00 JavaThread "ajp-apr-8009-Poller-6" daemon [_thread_blocked, id=3128, stack(0x049a0000,0x049f0000)]
  0x040d2800 JavaThread "ajp-apr-8009-Poller-5" daemon [_thread_blocked, id=1004, stack(0x04950000,0x049a0000)]
  0x03ff4c00 JavaThread "ajp-apr-8009-Poller-4" daemon [_thread_blocked, id=4008, stack(0x04900000,0x04950000)]
  0x03ff3400 JavaThread "ajp-apr-8009-Poller-3" daemon [_thread_blocked, id=3740, stack(0x048b0000,0x04900000)]
  0x03ff1c00 JavaThread "ajp-apr-8009-Poller-2" daemon [_thread_blocked, id=2812, stack(0x04860000,0x048b0000)]
  0x03ff0400 JavaThread "ajp-apr-8009-Poller-1" daemon [_thread_blocked, id=3004, stack(0x04810000,0x04860000)]
  0x03fef400 JavaThread "ajp-apr-8009-Poller-0" daemon [_thread_blocked, id=3800, stack(0x047c0000,0x04810000)]
  0x034a7800 JavaThread "http-apr-8080-exec-2" daemon [_thread_blocked, id=1136, stack(0x03f70000,0x03fc0000)]
  0x03498c00 JavaThread "http-apr-8080-exec-1" daemon [_thread_blocked, id=644, stack(0x03f20000,0x03f70000)]
  0x03496800 JavaThread "http-apr-8080-AsyncTimeout" daemon [_thread_blocked, id=3572, stack(0x03ed0000,0x03f20000)]
  0x03495800 JavaThread "http-apr-8080-Acceptor-0" daemon [_thread_in_native, id=1100, stack(0x03e80000,0x03ed0000)]
  0x03493800 JavaThread "http-apr-8080-Sendfile-0" daemon [_thread_blocked, id=3476, stack(0x03e30000,0x03e80000)]
  0x03492400 JavaThread "http-apr-8080-CometPoller-7" daemon [_thread_blocked, id=800, stack(0x03de0000,0x03e30000)]
  0x03490000 JavaThread "http-apr-8080-CometPoller-6" daemon [_thread_blocked, id=3320, stack(0x03d90000,0x03de0000)]
  0x0348e800 JavaThread "http-apr-8080-CometPoller-5" daemon [_thread_blocked, id=4000, stack(0x03d40000,0x03d90000)]
  0x0348d000 JavaThread "http-apr-8080-CometPoller-4" daemon [_thread_blocked, id=3588, stack(0x03cf0000,0x03d40000)]
  0x0348bc00 JavaThread "http-apr-8080-CometPoller-3" daemon [_thread_blocked, id=3272, stack(0x03ca0000,0x03cf0000)]
  0x03489c00 JavaThread "http-apr-8080-CometPoller-2" daemon [_thread_blocked, id=812, stack(0x03c50000,0x03ca0000)]
  0x03488400 JavaThread "http-apr-8080-CometPoller-1" daemon [_thread_blocked, id=3104, stack(0x03c00000,0x03c50000)]
  0x03476c00 JavaThread "http-apr-8080-CometPoller-0" daemon [_thread_blocked, id=3488, stack(0x039b0000,0x03a00000)]
  0x03475400 JavaThread "http-apr-8080-Poller-7" daemon [_thread_in_native, id=2388, stack(0x03960000,0x039b0000)]
  0x03473c00 JavaThread "http-apr-8080-Poller-6" daemon [_thread_blocked, id=1784, stack(0x03910000,0x03960000)]
  0x03472400 JavaThread "http-apr-8080-Poller-5" daemon [_thread_in_native, id=1876, stack(0x038c0000,0x03910000)]
  0x03470400 JavaThread "http-apr-8080-Poller-4" daemon [_thread_blocked, id=1896, stack(0x03870000,0x038c0000)]
  0x03290400 JavaThread "http-apr-8080-Poller-3" daemon [_thread_blocked, id=4024, stack(0x03820000,0x03870000)]
  0x0346b400 JavaThread "http-apr-8080-Poller-2" daemon [_thread_blocked, id=4004, stack(0x037d0000,0x03820000)]
  0x0346a000 JavaThread "http-apr-8080-Poller-1" daemon [_thread_blocked, id=1280, stack(0x03780000,0x037d0000)]
  0x03484c00 JavaThread "http-apr-8080-Poller-0" daemon [_thread_in_native, id=1992, stack(0x03730000,0x03780000)]
  0x0344c800 JavaThread "ContainerBackgroundProcessor[StandardEngine[Catalina]]" daemon [_thread_blocked, id=3956, stack(0x036e0000,0x03730000)]
  0x03227400 JavaThread "localhost-startStop-1" daemon [_thread_blocked, id=508, stack(0x03670000,0x036c0000)]
  0x03220c00 JavaThread "Catalina-startStop-1" daemon [_thread_blocked, id=1104, stack(0x03620000,0x03670000)]
  0x031a0800 JavaThread "GC Daemon" daemon [_thread_blocked, id=4064, stack(0x035d0000,0x03620000)]
  0x02a92400 JavaThread "Service Thread" daemon [_thread_blocked, id=396, stack(0x02e30000,0x02e80000)]
  0x02a84000 JavaThread "C1 CompilerThread0" daemon [_thread_blocked, id=2392, stack(0x02de0000,0x02e30000)]
  0x02a82800 JavaThread "Attach Listener" daemon [_thread_blocked, id=3848, stack(0x02d90000,0x02de0000)]
  0x02a81400 JavaThread "Signal Dispatcher" daemon [_thread_blocked, id=716, stack(0x02d40000,0x02d90000)]
  0x02a65000 JavaThread "Finalizer" daemon [_thread_blocked, id=2532, stack(0x02cd0000,0x02d20000)]
  0x02a60000 JavaThread "Reference Handler" daemon [_thread_blocked, id=1764, stack(0x02c80000,0x02cd0000)]
  0x003e8c00 JavaThread "main" [_thread_in_native, id=3016, stack(0x008d0000,0x00920000)]

Other Threads:
  0x02a5e800 VMThread [stack: 0x02c30000,0x02c80000] [id=1176]
  0x02aa5c00 WatcherThread [stack: 0x02e80000,0x02ed0000] [id=3524]

VM state:not at safepoint (normal execution)

VM Mutex/Monitor currently owned by a thread: None

Heap
 def new generation   total 8832K, used 4998K [0x22ac0000, 0x23450000, 0x28010000)
  eden space 7872K,  51% used [0x22ac0000, 0x22eb1998, 0x23270000)
  from space 960K, 100% used [0x23360000, 0x23450000, 0x23450000)
  to   space 960K,   0% used [0x23270000, 0x23270000, 0x23360000)
 tenured generation   total 19536K, used 13363K [0x28010000, 0x29324000, 0x32ac0000)
   the space 19536K,  68% used [0x28010000, 0x28d1cc80, 0x28d1ce00, 0x29324000)
 compacting perm gen  total 12288K, used 8155K [0x32ac0000, 0x336c0000, 0x36ac0000)
   the space 12288K,  66% used [0x32ac0000, 0x332b6c48, 0x332b6e00, 0x336c0000)
    ro space 10240K,  45% used [0x36ac0000, 0x36f47988, 0x36f47a00, 0x374c0000)
    rw space 12288K,  54% used [0x374c0000, 0x37b4b5d8, 0x37b4b600, 0x380c0000)

Card table byte_map: [0x02ad0000,0x02b80000] byte_map_base: 0x029baa00

Polling page: 0x00920000

Code Cache  [0x00950000, 0x00b60000, 0x02950000)
 total_blobs=954 nmethods=748 adapters=141 free_code_cache=30677Kb largest_free_block=31413312

Compilation events (10 events):
Event: 9.178 Thread 0x02a84000  751             java.io.Win32FileSystem::normalizePrefix (132 bytes)
Event: 9.180 Thread 0x02a84000 nmethod 751 0x00b56688 code [0x00b56850, 0x00b57360]
Event: 9.187 Thread 0x02a84000  752             java.io.File::getPath (5 bytes)
Event: 9.188 Thread 0x02a84000 nmethod 752 0x00b58388 code [0x00b58480, 0x00b58500]
Event: 9.190 Thread 0x02a84000  753             java.net.URI::access$300 (7 bytes)
Event: 9.190 Thread 0x02a84000 nmethod 753 0x00b58548 code [0x00b58640, 0x00b586dc]
Event: 9.197 Thread 0x02a84000  754   !         java.lang.ClassLoader::getPackage (118 bytes)
Event: 9.198 Thread 0x02a84000 nmethod 754 0x00b58748 code [0x00b588a0, 0x00b58d34]
Event: 9.199 Thread 0x02a84000  755             java.net.URI$Parser::at (20 bytes)
Event: 9.199 Thread 0x02a84000 nmethod 755 0x00b59008 code [0x00b59120, 0x00b5928c]

GC Heap History (10 events):
Event: 3.919 GC heap before
{Heap before GC invocations=30 (full 0):
 def new generation   total 4928K, used 4928K [0x22ac0000, 0x23010000, 0x28010000)
  eden space 4416K, 100% used [0x22ac0000, 0x22f10000, 0x22f10000)
  from space 512K, 100% used [0x22f10000, 0x22f90000, 0x22f90000)
  to   space 512K,   0% used [0x22f90000, 0x22f90000, 0x23010000)
 tenured generation   total 10944K, used 7956K [0x28010000, 0x28ac0000, 0x32ac0000)
   the space 10944K,  72% used [0x28010000, 0x287d5308, 0x287d5400, 0x28ac0000)
 compacting perm gen  total 12288K, used 5895K [0x32ac0000, 0x336c0000, 0x36ac0000)
   the space 12288K,  47% used [0x32ac0000, 0x33081cc0, 0x33081e00, 0x336c0000)
    ro space 10240K,  45% used [0x36ac0000, 0x36f47988, 0x36f47a00, 0x374c0000)
    rw space 12288K,  54% used [0x374c0000, 0x37b4b5d8, 0x37b4b600, 0x380c0000)
Event: 3.924 GC heap after
Heap after GC invocations=31 (full 0):
 def new generation   total 4928K, used 512K [0x22ac0000, 0x23010000, 0x28010000)
  eden space 4416K,   0% used [0x22ac0000, 0x22ac0000, 0x22f10000)
  from space 512K, 100% used [0x22f90000, 0x23010000, 0x23010000)
  to   space 512K,   0% used [0x22f10000, 0x22f10000, 0x22f90000)
 tenured generation   total 10944K, used 8423K [0x28010000, 0x28ac0000, 0x32ac0000)
   the space 10944K,  76% used [0x28010000, 0x28849e10, 0x2884a000, 0x28ac0000)
 compacting perm gen  total 12288K, used 5895K [0x32ac0000, 0x336c0000, 0x36ac0000)
   the space 12288K,  47% used [0x32ac0000, 0x33081cc0, 0x33081e00, 0x336c0000)
    ro space 10240K,  45% used [0x36ac0000, 0x36f47988, 0x36f47a00, 0x374c0000)
    rw space 12288K,  54% used [0x374c0000, 0x37b4b5d8, 0x37b4b600, 0x380c0000)
}
Event: 4.023 GC heap before
{Heap before GC invocations=31 (full 0):
 def new generation   total 4928K, used 4928K [0x22ac0000, 0x23010000, 0x28010000)
  eden space 4416K, 100% used [0x22ac0000, 0x22f10000, 0x22f10000)
  from space 512K, 100% used [0x22f90000, 0x23010000, 0x23010000)
  to   space 512K,   0% used [0x22f10000, 0x22f10000, 0x22f90000)
 tenured generation   total 10944K, used 8423K [0x28010000, 0x28ac0000, 0x32ac0000)
   the space 10944K,  76% used [0x28010000, 0x28849e10, 0x2884a000, 0x28ac0000)
 compacting perm gen  total 12288K, used 5954K [0x32ac0000, 0x336c0000, 0x36ac0000)
   the space 12288K,  48% used [0x32ac0000, 0x33090b48, 0x33090c00, 0x336c0000)
    ro space 10240K,  45% used [0x36ac0000, 0x36f47988, 0x36f47a00, 0x374c0000)
    rw space 12288K,  54% used [0x374c0000, 0x37b4b5d8, 0x37b4b600, 0x380c0000)
Event: 4.029 GC heap after
Heap after GC invocations=32 (full 0):
 def new generation   total 4928K, used 512K [0x22ac0000, 0x23010000, 0x28010000)
  eden space 4416K,   0% used [0x22ac0000, 0x22ac0000, 0x22f10000)
  from space 512K, 100% used [0x22f10000, 0x22f90000, 0x22f90000)
  to   space 512K,   0% used [0x22f90000, 0x22f90000, 0x23010000)
 tenured generation   total 10944K, used 9049K [0x28010000, 0x28ac0000, 0x32ac0000)
   the space 10944K,  82% used [0x28010000, 0x288e6458, 0x288e6600, 0x28ac0000)
 compacting perm gen  total 12288K, used 5954K [0x32ac0000, 0x336c0000, 0x36ac0000)
   the space 12288K,  48% used [0x32ac0000, 0x33090b48, 0x33090c00, 0x336c0000)
    ro space 10240K,  45% used [0x36ac0000, 0x36f47988, 0x36f47a00, 0x374c0000)
    rw space 12288K,  54% used [0x374c0000, 0x37b4b5d8, 0x37b4b600, 0x380c0000)
}
Event: 4.195 GC heap before
{Heap before GC invocations=32 (full 0):
 def new generation   total 4928K, used 4928K [0x22ac0000, 0x23010000, 0x28010000)
  eden space 4416K, 100% used [0x22ac0000, 0x22f10000, 0x22f10000)
  from space 512K, 100% used [0x22f10000, 0x22f90000, 0x22f90000)
  to   space 512K,   0% used [0x22f90000, 0x22f90000, 0x23010000)
 tenured generation   total 10944K, used 9049K [0x28010000, 0x28ac0000, 0x32ac0000)
   the space 10944K,  82% used [0x28010000, 0x288e6458, 0x288e6600, 0x28ac0000)
 compacting perm gen  total 12288K, used 5957K [0x32ac0000, 0x336c0000, 0x36ac0000)
   the space 12288K,  48% used [0x32ac0000, 0x33091608, 0x33091800, 0x336c0000)
    ro space 10240K,  45% used [0x36ac0000, 0x36f47988, 0x36f47a00, 0x374c0000)
    rw space 12288K,  54% used [0x374c0000, 0x37b4b5d8, 0x37b4b600, 0x380c0000)
Event: 4.201 GC heap after
Heap after GC invocations=33 (full 0):
 def new generation   total 4928K, used 512K [0x22ac0000, 0x23010000, 0x28010000)
  eden space 4416K,   0% used [0x22ac0000, 0x22ac0000, 0x22f10000)
  from space 512K, 100% used [0x22f90000, 0x23010000, 0x23010000)
  to   space 512K,   0% used [0x22f10000, 0x22f10000, 0x22f90000)
 tenured generation   total 10944K, used 10031K [0x28010000, 0x28ac0000, 0x32ac0000)
   the space 10944K,  91% used [0x28010000, 0x289dbd00, 0x289dbe00, 0x28ac0000)
 compacting perm gen  total 12288K, used 5957K [0x32ac0000, 0x336c0000, 0x36ac0000)
   the space 12288K,  48% used [0x32ac0000, 0x33091608, 0x33091800, 0x336c0000)
    ro space 10240K,  45% used [0x36ac0000, 0x36f47988, 0x36f47a00, 0x374c0000)
    rw space 12288K,  54% used [0x374c0000, 0x37b4b5d8, 0x37b4b600, 0x380c0000)
}
Event: 4.377 GC heap before
{Heap before GC invocations=33 (full 0):
 def new generation   total 4928K, used 4928K [0x22ac0000, 0x23010000, 0x28010000)
  eden space 4416K, 100% used [0x22ac0000, 0x22f10000, 0x22f10000)
  from space 512K, 100% used [0x22f90000, 0x23010000, 0x23010000)
  to   space 512K,   0% used [0x22f10000, 0x22f10000, 0x22f90000)
 tenured generation   total 10944K, used 10031K [0x28010000, 0x28ac0000, 0x32ac0000)
   the space 10944K,  91% used [0x28010000, 0x289dbd00, 0x289dbe00, 0x28ac0000)
 compacting perm gen  total 12288K, used 6410K [0x32ac0000, 0x336c0000, 0x36ac0000)
   the space 12288K,  52% used [0x32ac0000, 0x33102958, 0x33102a00, 0x336c0000)
    ro space 10240K,  45% used [0x36ac0000, 0x36f47988, 0x36f47a00, 0x374c0000)
    rw space 12288K,  54% used [0x374c0000, 0x37b4b5d8, 0x37b4b600, 0x380c0000)
Event: 4.460 GC heap after
Heap after GC invocations=34 (full 1):
 def new generation   total 8832K, used 0K [0x22ac0000, 0x23450000, 0x28010000)
  eden space 7872K,   0% used [0x22ac0000, 0x22ac0000, 0x23270000)
  from space 960K,   0% used [0x23270000, 0x23270000, 0x23360000)
  to   space 960K,   0% used [0x23360000, 0x23360000, 0x23450000)
 tenured generation   total 19536K, used 11719K [0x28010000, 0x29324000, 0x32ac0000)
   the space 19536K,  59% used [0x28010000, 0x28b81f68, 0x28b82000, 0x29324000)
 compacting perm gen  total 12288K, used 6410K [0x32ac0000, 0x336c0000, 0x36ac0000)
   the space 12288K,  52% used [0x32ac0000, 0x33102958, 0x33102a00, 0x336c0000)
    ro space 10240K,  45% used [0x36ac0000, 0x36f47988, 0x36f47a00, 0x374c0000)
    rw space 12288K,  54% used [0x374c0000, 0x37b4b5d8, 0x37b4b600, 0x380c0000)
}
Event: 8.958 GC heap before
{Heap before GC invocations=34 (full 1):
 def new generation   total 8832K, used 7872K [0x22ac0000, 0x23450000, 0x28010000)
  eden space 7872K, 100% used [0x22ac0000, 0x23270000, 0x23270000)
  from space 960K,   0% used [0x23270000, 0x23270000, 0x23360000)
  to   space 960K,   0% used [0x23360000, 0x23360000, 0x23450000)
 tenured generation   total 19536K, used 11719K [0x28010000, 0x29324000, 0x32ac0000)
   the space 19536K,  59% used [0x28010000, 0x28b81f68, 0x28b82000, 0x29324000)
 compacting perm gen  total 12288K, used 7238K [0x32ac0000, 0x336c0000, 0x36ac0000)
   the space 12288K,  58% used [0x32ac0000, 0x331d1a90, 0x331d1c00, 0x336c0000)
    ro space 10240K,  45% used [0x36ac0000, 0x36f47988, 0x36f47a00, 0x374c0000)
    rw space 12288K,  54% used [0x374c0000, 0x37b4b5d8, 0x37b4b600, 0x380c0000)
Event: 8.977 GC heap after
Heap after GC invocations=35 (full 1):
 def new generation   total 8832K, used 960K [0x22ac0000, 0x23450000, 0x28010000)
  eden space 7872K,   0% used [0x22ac0000, 0x22ac0000, 0x23270000)
  from space 960K, 100% used [0x23360000, 0x23450000, 0x23450000)
  to   space 960K,   0% used [0x23270000, 0x23270000, 0x23360000)
 tenured generation   total 19536K, used 13363K [0x28010000, 0x29324000, 0x32ac0000)
   the space 19536K,  68% used [0x28010000, 0x28d1cc80, 0x28d1ce00, 0x29324000)
 compacting perm gen  total 12288K, used 7238K [0x32ac0000, 0x336c0000, 0x36ac0000)
   the space 12288K,  58% used [0x32ac0000, 0x331d1a90, 0x331d1c00, 0x336c0000)
    ro space 10240K,  45% used [0x36ac0000, 0x36f47988, 0x36f47a00, 0x374c0000)
    rw space 12288K,  54% used [0x374c0000, 0x37b4b5d8, 0x37b4b600, 0x380c0000)
}

Deoptimization events (0 events):
No events

Internal exceptions (10 events):
Event: 9.250 Thread 0x030d3400 Threw 0x22e9c840 at C:\jdk7u2_32P\jdk7u21\hotspot\src\share\vm\prims\jvm.cpp:1166
Event: 9.251 Thread 0x030d3400 Threw 0x22e9fed8 at C:\jdk7u2_32P\jdk7u21\hotspot\src\share\vm\prims\jvm.cpp:1166
Event: 9.251 Thread 0x030d3400 Threw 0x22ea0540 at C:\jdk7u2_32P\jdk7u21\hotspot\src\share\vm\prims\jvm.cpp:1166
Event: 9.251 Thread 0x030d3400 Threw 0x22ea4eb0 at C:\jdk7u2_32P\jdk7u21\hotspot\src\share\vm\prims\jvm.cpp:1166
Event: 9.251 Thread 0x030d3400 Threw 0x22ea54c0 at C:\jdk7u2_32P\jdk7u21\hotspot\src\share\vm\prims\jvm.cpp:1166
Event: 9.252 Thread 0x030d3400 Threw 0x22ea8cd0 at C:\jdk7u2_32P\jdk7u21\hotspot\src\share\vm\prims\jvm.cpp:1166
Event: 9.252 Thread 0x030d3400 Threw 0x22ea92f0 at C:\jdk7u2_32P\jdk7u21\hotspot\src\share\vm\prims\jvm.cpp:1166
Event: 9.253 Thread 0x030d3400 Threw 0x22eac7d0 at C:\jdk7u2_32P\jdk7u21\hotspot\src\share\vm\prims\jvm.cpp:1166
Event: 9.253 Thread 0x030d3400 Threw 0x22eace18 at C:\jdk7u2_32P\jdk7u21\hotspot\src\share\vm\prims\jvm.cpp:1166
Event: 9.266 Thread 0x030d3400 Threw 0x22eb1640 at C:\jdk7u2_32P\jdk7u21\hotspot\src\share\vm\prims\jni.cpp:2973

Events (10 events):
Event: 9.250 loading class 0x030d40e8
Event: 9.251 loading class 0x030d40e8 done
Event: 9.251 loading class 0x030d4010
Event: 9.251 loading class 0x030d4010 done
Event: 9.252 loading class 0x030d5ab0
Event: 9.252 loading class 0x030d5ab0 done
Event: 9.253 loading class 0x030d6cd0
Event: 9.253 loading class 0x030d6cd0 done
Event: 9.253 Executing VM operation: RevokeBias
Event: 9.253 Executing VM operation: RevokeBias done


Dynamic libraries:
0x00400000 - 0x0042f000 	C:\Program Files\Java\jdk1.7.0_21\bin\java.exe
0x7c900000 - 0x7c9b2000 	C:\WINDOWS\system32\ntdll.dll
0x7c800000 - 0x7c8f6000 	C:\WINDOWS\system32\kernel32.dll
0x77dd0000 - 0x77e6b000 	C:\WINDOWS\system32\ADVAPI32.dll
0x77e70000 - 0x77f03000 	C:\WINDOWS\system32\RPCRT4.dll
0x77fe0000 - 0x77ff1000 	C:\WINDOWS\system32\Secur32.dll
0x7e410000 - 0x7e4a1000 	C:\WINDOWS\system32\USER32.dll
0x77f10000 - 0x77f59000 	C:\WINDOWS\system32\GDI32.dll
0x773d0000 - 0x774d3000 	C:\WINDOWS\WinSxS\x86_Microsoft.Windows.Common-Controls_6595b64144ccf1df_6.0.2600.6028_x-ww_61e65202\COMCTL32.dll
0x77c10000 - 0x77c68000 	C:\WINDOWS\system32\msvcrt.dll
0x77f60000 - 0x77fd6000 	C:\WINDOWS\system32\SHLWAPI.dll
0x76390000 - 0x763ad000 	C:\WINDOWS\system32\IMM32.DLL
0x629c0000 - 0x629c9000 	C:\WINDOWS\system32\LPK.DLL
0x74d90000 - 0x74dfb000 	C:\WINDOWS\system32\USP10.dll
0x78aa0000 - 0x78b5e000 	C:\Program Files\Java\jdk1.7.0_21\jre\bin\msvcr100.dll
0x6e8c0000 - 0x6ec0f000 	C:\Program Files\Java\jdk1.7.0_21\jre\bin\client\jvm.dll
0x71ad0000 - 0x71ad9000 	C:\WINDOWS\system32\WSOCK32.dll
0x71ab0000 - 0x71ac7000 	C:\WINDOWS\system32\WS2_32.dll
0x71aa0000 - 0x71aa8000 	C:\WINDOWS\system32\WS2HELP.dll
0x76b40000 - 0x76b6d000 	C:\WINDOWS\system32\WINMM.dll
0x76bf0000 - 0x76bfb000 	C:\WINDOWS\system32\PSAPI.DLL
0x6e810000 - 0x6e81c000 	C:\Program Files\Java\jdk1.7.0_21\jre\bin\verify.dll
0x6d5a0000 - 0x6d5c0000 	C:\Program Files\Java\jdk1.7.0_21\jre\bin\java.dll
0x6e8a0000 - 0x6e8b3000 	C:\Program Files\Java\jdk1.7.0_21\jre\bin\zip.dll
0x6e5c0000 - 0x6e5d4000 	C:\Program Files\Java\jdk1.7.0_21\jre\bin\net.dll
0x6e5e0000 - 0x6e5ee000 	C:\Program Files\Java\jdk1.7.0_21\jre\bin\nio.dll
0x6e520000 - 0x6e52a000 	C:\Program Files\Java\jdk1.7.0_21\jre\bin\management.dll
0x10000000 - 0x1011d000 	C:\apache-tomcat-7.0.42\bin\tcnative-1.dll
0x71a50000 - 0x71a8f000 	C:\WINDOWS\system32\MSWSOCK.dll
0x68000000 - 0x68036000 	C:\WINDOWS\system32\rsaenh.dll
0x6e790000 - 0x6e7b0000 	C:\Program Files\Java\jdk1.7.0_21\jre\bin\sunec.dll
0x6e7b0000 - 0x6e7b9000 	C:\Program Files\Java\jdk1.7.0_21\jre\bin\sunmscapi.dll
0x77a80000 - 0x77b15000 	C:\WINDOWS\system32\CRYPT32.dll
0x77b20000 - 0x77b32000 	C:\WINDOWS\system32\MSASN1.dll
0x662b0000 - 0x66308000 	C:\WINDOWS\system32\hnetcfg.dll
0x71a90000 - 0x71a98000 	C:\WINDOWS\System32\wshtcpip.dll
0x769c0000 - 0x76a74000 	C:\WINDOWS\system32\USERENV.dll
0x5b860000 - 0x5b8b6000 	C:\WINDOWS\system32\netapi32.dll
0x76f20000 - 0x76f47000 	C:\WINDOWS\system32\DNSAPI.dll
0x76d60000 - 0x76d79000 	C:\WINDOWS\system32\iphlpapi.dll
0x76fb0000 - 0x76fb8000 	C:\WINDOWS\System32\winrnr.dll
0x76f60000 - 0x76f8c000 	C:\WINDOWS\system32\WLDAP32.dll
0x76fc0000 - 0x76fc6000 	C:\WINDOWS\system32\rasadhlp.dll
0x6e680000 - 0x6e68d000 	C:\Program Files\Java\jdk1.7.0_21\jre\bin\prism-d3d.dll
0x4fdd0000 - 0x4ff76000 	C:\WINDOWS\system32\d3d9.dll
0x6d990000 - 0x6d996000 	C:\WINDOWS\system32\d3d8thk.dll
0x77c00000 - 0x77c08000 	C:\WINDOWS\system32\VERSION.dll
0x59a60000 - 0x59b01000 	C:\WINDOWS\system32\dbghelp.dll

VM Arguments:
jvm_args: -Djava.util.logging.config.file=C:\apache-tomcat-7.0.42\conf\logging.properties -Djava.util.logging.manager=org.apache.juli.ClassLoaderLogManager -Djava.endorsed.dirs=C:\apache-tomcat-7.0.42\endorsed -Dcatalina.base=C:\apache-tomcat-7.0.42 -Dcatalina.home=C:\apache-tomcat-7.0.42 -Djava.io.tmpdir=C:\apache-tomcat-7.0.42\temp 
java_command: org.apache.catalina.startup.Bootstrap start
Launcher Type: SUN_STANDARD

Environment Variables:
JAVA_HOME=C:\Program Files\Java\jdk1.7.0_21
JRE_HOME=C:\Program Files\Java\jdk1.7.0_21
CLASSPATH=C:\apache-tomcat-7.0.42\bin\bootstrap.jar;C:\apache-tomcat-7.0.42\bin\tomcat-juli.jar
PATH=C:\WINDOWS\system32;C:\WINDOWS;C:\WINDOWS\System32\Wbem;C:\Program Files\TortoiseSVN\bin;C:\Program Files\Microsoft SQL Server\90\Tools\binn\;C:\Program Files\MiKTeX 2.9\miktex\bin\;C:\strawberry\c\bin;C:\strawberry\perl\site\bin;C:\strawberry\perl\bin;C:\AppServ\Apache2.2\bin;C:\AppServ\php5;C:\AppServ\MySQL\bin
USERNAME=BNK
OS=Windows_NT
PROCESSOR_IDENTIFIER=x86 Family 6 Model 23 Stepping 10, GenuineIntel



---------------  S Y S T E M  ---------------

OS: Windows XP Build 2600 Service Pack 3

CPU:total 1 (1 cores per cpu, 1 threads per core) family 6 model 23 stepping 10, cmov, cx8, fxsr, mmx, sse, sse2, sse3, ssse3, sse4.1, tsc

Memory: 4k page, physical 3073768k(1458764k free), swap 4999892k(3523224k free)

vm_info: Java HotSpot(TM) Client VM (23.21-b01) for windows-x86 JRE (1.7.0_21-b11), built on Apr  4 2013 04:43:10 by "java_re" with unknown MS VC++:1600

time: Tue Oct 08 10:52:10 2013
elapsed time: 9 seconds

