#
# A fatal error has been detected by the Java Runtime Environment:
#
#  EXCEPTION_ACCESS_VIOLATION (0xc0000005) at pc=0x6e9655eb, pid=3128, tid=3968
#
# JRE version: 7.0_21-b11
# Java VM: Java HotSpot(TM) Client VM (23.21-b01 mixed mode, sharing windows-x86 )
# Problematic frame:
# V  [jvm.dll+0xa55eb]
#
# Failed to write core dump. Minidumps are not enabled by default on client versions of Windows
#
# If you would like to submit a bug report, please visit:
#   http://bugreport.sun.com/bugreport/crash.jsp
#

---------------  T H R E A D  ---------------

Current thread (0x04a62000):  JavaThread "QuantumRenderer-0" daemon [_thread_in_vm, id=3968, stack(0x03620000,0x03670000)]

siginfo: ExceptionCode=0xc0000005, reading address 0x00000000

Registers:
EAX=0x00000000, EBX=0x00000000, ECX=0x04a62000, EDX=0x6eb4d5c0
ESP=0x0366ed88, EBP=0x0366eda4, ESI=0x04a62000, EDI=0x00000000
EIP=0x6e9655eb, EFLAGS=0x00010206

Top of Stack: (sp=0x0366ed88)
0x0366ed88:   6e687d48 00000000 04a62128 04a62000
0x0366ed98:   03222c44 00000b9d 6eb4d5c0 00000000
0x0366eda8:   6e6820f3 04a62128 0366f2c4 00000000
0x0366edb8:   00000000 04a5f540 6e683075 6e687d48
0x0366edc8:   33614a28 04a62000 04a5f540 0366f2b4
0x0366edd8:   0366f270 7c90d96e 7ffd4bf8 0366edd8
0x0366ede8:   7c90d97a 70786769 32336472 6c6c642e
0x0366edf8:   00320000 00000000 00000000 00000000 

Instructions: (pc=0x6e9655eb)
0x6e9655cb:   6e 00 53 57 8b 7d 10 74 13 8b 07 6a 01 57 50 6a
0x6e9655db:   00 6a 00 56 e8 9c df 04 00 83 c4 18 83 7d f4 00
0x6e9655eb:   8b 0f 8b 51 40 8b 47 08 8a 0c 02 88 4d 0b 74 08
0x6e9655fb:   8d 4d f0 e8 cd 8d 0c 00 8b 7e 28 8b 4f 08 83 39 


Register to memory mapping:

EAX=0x00000000 is an unknown value
EBX=0x00000000 is an unknown value
ECX=0x04a62000 is a thread
EDX=0x6eb4d5c0 is an unknown value
ESP=0x0366ed88 is pointing into the stack for thread: 0x04a62000
EBP=0x0366eda4 is pointing into the stack for thread: 0x04a62000
ESI=0x04a62000 is a thread
EDI=0x00000000 is an unknown value


Stack: [0x03620000,0x03670000],  sp=0x0366ed88,  free space=315k
Native frames: (J=compiled Java code, j=interpreted, Vv=VM code, C=native code)
V  [jvm.dll+0xa55eb]

Java frames: (J=compiled Java code, j=interpreted, Vv=VM code)
j  com.sun.prism.d3d.D3DPipeline.nInit(Ljava/lang/Class;)J+0
j  com.sun.prism.d3d.D3DPipeline.access$000(Ljava/lang/Class;)J+1
j  com.sun.prism.d3d.D3DPipeline$1.run()Ljava/lang/Boolean;+36
j  com.sun.prism.d3d.D3DPipeline$1.run()Ljava/lang/Object;+1
v  ~StubRoutines::call_stub
j  java.security.AccessController.doPrivileged(Ljava/security/PrivilegedAction;)Ljava/lang/Object;+0
j  com.sun.prism.d3d.D3DPipeline.<clinit>()V+24
v  ~StubRoutines::call_stub
j  java.lang.Class.forName0(Ljava/lang/String;ZLjava/lang/ClassLoader;)Ljava/lang/Class;+0
j  java.lang.Class.forName(Ljava/lang/String;)Ljava/lang/Class;+5
j  com.sun.prism.GraphicsPipeline.createPipeline()Lcom/sun/prism/GraphicsPipeline;+171
j  com.sun.javafx.tk.quantum.QuantumRenderer$PipelineRunnable.init()V+0
j  com.sun.javafx.tk.quantum.QuantumRenderer$PipelineRunnable.run()V+1
j  java.lang.Thread.run()V+11
v  ~StubRoutines::call_stub

---------------  P R O C E S S  ---------------

Java Threads: ( => current thread )
=>0x04a62000 JavaThread "QuantumRenderer-0" daemon [_thread_in_vm, id=3968, stack(0x03620000,0x03670000)]
  0x049f2400 JavaThread "http-apr-8080-exec-10" daemon [_thread_blocked, id=3872, stack(0x05390000,0x053e0000)]
  0x049f1400 JavaThread "http-apr-8080-exec-9" daemon [_thread_blocked, id=1156, stack(0x05340000,0x05390000)]
  0x049ee400 JavaThread "http-apr-8080-exec-8" daemon [_thread_blocked, id=3740, stack(0x052f0000,0x05340000)]
  0x049ecc00 JavaThread "http-apr-8080-exec-7" daemon [_thread_blocked, id=2760, stack(0x052a0000,0x052f0000)]
  0x049df400 JavaThread "http-apr-8080-exec-6" daemon [_thread_blocked, id=788, stack(0x05250000,0x052a0000)]
  0x049e6c00 JavaThread "http-apr-8080-exec-5" daemon [_thread_blocked, id=2664, stack(0x05200000,0x05250000)]
  0x049e5400 JavaThread "http-apr-8080-exec-4" daemon [_thread_blocked, id=1176, stack(0x051b0000,0x05200000)]
  0x049eb000 JavaThread "http-apr-8080-exec-3" daemon [_thread_blocked, id=1468, stack(0x05160000,0x051b0000)]
  0x04964400 JavaThread "ajp-apr-8009-AsyncTimeout" daemon [_thread_blocked, id=4016, stack(0x05110000,0x05160000)]
  0x0490c000 JavaThread "ajp-apr-8009-Acceptor-0" daemon [_thread_in_native, id=644, stack(0x050c0000,0x05110000)]
  0x034c2400 JavaThread "ajp-apr-8009-CometPoller-7" daemon [_thread_blocked, id=2676, stack(0x04870000,0x048c0000)]
  0x034c0c00 JavaThread "ajp-apr-8009-CometPoller-6" daemon [_thread_blocked, id=636, stack(0x04820000,0x04870000)]
  0x034bf400 JavaThread "ajp-apr-8009-CometPoller-5" daemon [_thread_blocked, id=3016, stack(0x043d0000,0x04420000)]
  0x034bdc00 JavaThread "ajp-apr-8009-CometPoller-4" daemon [_thread_blocked, id=3712, stack(0x04380000,0x043d0000)]
  0x034bd000 JavaThread "ajp-apr-8009-CometPoller-3" daemon [_thread_blocked, id=3572, stack(0x04330000,0x04380000)]
  0x034ae400 JavaThread "ajp-apr-8009-CometPoller-2" daemon [_thread_blocked, id=3584, stack(0x042e0000,0x04330000)]
  0x034acc00 JavaThread "ajp-apr-8009-CometPoller-1" daemon [_thread_blocked, id=1388, stack(0x04290000,0x042e0000)]
  0x034ab400 JavaThread "ajp-apr-8009-CometPoller-0" daemon [_thread_blocked, id=624, stack(0x04240000,0x04290000)]
  0x034a9c00 JavaThread "ajp-apr-8009-Poller-7" daemon [_thread_blocked, id=3220, stack(0x041f0000,0x04240000)]
  0x034a8400 JavaThread "ajp-apr-8009-Poller-6" daemon [_thread_blocked, id=3244, stack(0x041a0000,0x041f0000)]
  0x034a6c00 JavaThread "ajp-apr-8009-Poller-5" daemon [_thread_blocked, id=3444, stack(0x04150000,0x041a0000)]
  0x034a5800 JavaThread "http-apr-8080-exec-2" daemon [_thread_blocked, id=1796, stack(0x04100000,0x04150000)]
  0x034a0000 JavaThread "ajp-apr-8009-Poller-4" daemon [_thread_blocked, id=648, stack(0x040b0000,0x04100000)]
  0x0349e800 JavaThread "ajp-apr-8009-Poller-3" daemon [_thread_blocked, id=4036, stack(0x04060000,0x040b0000)]
  0x0349d000 JavaThread "ajp-apr-8009-Poller-2" daemon [_thread_blocked, id=968, stack(0x04010000,0x04060000)]
  0x0349b800 JavaThread "ajp-apr-8009-Poller-1" daemon [_thread_blocked, id=3472, stack(0x03fc0000,0x04010000)]
  0x02fb8400 JavaThread "ajp-apr-8009-Poller-0" daemon [_thread_blocked, id=2836, stack(0x03f70000,0x03fc0000)]
  0x03498800 JavaThread "http-apr-8080-AsyncTimeout" daemon [_thread_blocked, id=3048, stack(0x03f20000,0x03f70000)]
  0x03497000 JavaThread "http-apr-8080-exec-1" daemon [_thread_blocked, id=1340, stack(0x03ed0000,0x03f20000)]
  0x03492000 JavaThread "http-apr-8080-Acceptor-0" daemon [_thread_in_native, id=2404, stack(0x03e80000,0x03ed0000)]
  0x03490000 JavaThread "http-apr-8080-Sendfile-0" daemon [_thread_blocked, id=972, stack(0x03e30000,0x03e80000)]
  0x0348e800 JavaThread "http-apr-8080-CometPoller-7" daemon [_thread_blocked, id=1316, stack(0x03de0000,0x03e30000)]
  0x0348d000 JavaThread "http-apr-8080-CometPoller-6" daemon [_thread_blocked, id=3820, stack(0x03d90000,0x03de0000)]
  0x0348bc00 JavaThread "http-apr-8080-CometPoller-5" daemon [_thread_blocked, id=632, stack(0x03d40000,0x03d90000)]
  0x0347c400 JavaThread "http-apr-8080-CometPoller-4" daemon [_thread_blocked, id=3980, stack(0x03cf0000,0x03d40000)]
  0x0347b000 JavaThread "http-apr-8080-CometPoller-3" daemon [_thread_blocked, id=804, stack(0x03ca0000,0x03cf0000)]
  0x0344b400 JavaThread "http-apr-8080-CometPoller-2" daemon [_thread_blocked, id=1892, stack(0x03c50000,0x03ca0000)]
  0x032d4c00 JavaThread "http-apr-8080-CometPoller-1" daemon [_thread_blocked, id=3320, stack(0x03c00000,0x03c50000)]
  0x032c7400 JavaThread "http-apr-8080-CometPoller-0" daemon [_thread_blocked, id=3028, stack(0x039b0000,0x03a00000)]
  0x03473c00 JavaThread "http-apr-8080-Poller-7" daemon [_thread_blocked, id=3140, stack(0x03960000,0x039b0000)]
  0x032aa800 JavaThread "http-apr-8080-Poller-6" daemon [_thread_in_native, id=768, stack(0x03910000,0x03960000)]
  0x032a9400 JavaThread "http-apr-8080-Poller-5" daemon [_thread_blocked, id=2368, stack(0x038c0000,0x03910000)]
  0x0346f800 JavaThread "http-apr-8080-Poller-4" daemon [_thread_blocked, id=2552, stack(0x03870000,0x038c0000)]
  0x0346e000 JavaThread "http-apr-8080-Poller-3" daemon [_thread_blocked, id=576, stack(0x03820000,0x03870000)]
  0x03452800 JavaThread "http-apr-8080-Poller-2" daemon [_thread_in_native, id=1572, stack(0x037d0000,0x03820000)]
  0x0346c400 JavaThread "http-apr-8080-Poller-1" daemon [_thread_blocked, id=3172, stack(0x03780000,0x037d0000)]
  0x032d8c00 JavaThread "http-apr-8080-Poller-0" daemon [_thread_blocked, id=1136, stack(0x03730000,0x03780000)]
  0x03454400 JavaThread "ContainerBackgroundProcessor[StandardEngine[Catalina]]" daemon [_thread_blocked, id=3312, stack(0x036e0000,0x03730000)]
  0x031a0800 JavaThread "GC Daemon" daemon [_thread_blocked, id=3828, stack(0x035d0000,0x03620000)]
  0x02a92400 JavaThread "Service Thread" daemon [_thread_blocked, id=3432, stack(0x02e30000,0x02e80000)]
  0x02a84000 JavaThread "C1 CompilerThread0" daemon [_thread_blocked, id=3900, stack(0x02de0000,0x02e30000)]
  0x02a82800 JavaThread "Attach Listener" daemon [_thread_blocked, id=2912, stack(0x02d90000,0x02de0000)]
  0x02a81400 JavaThread "Signal Dispatcher" daemon [_thread_blocked, id=964, stack(0x02d40000,0x02d90000)]
  0x02a65000 JavaThread "Finalizer" daemon [_thread_blocked, id=2396, stack(0x02cd0000,0x02d20000)]
  0x02a60000 JavaThread "Reference Handler" daemon [_thread_blocked, id=772, stack(0x02c80000,0x02cd0000)]
  0x003e8c00 JavaThread "main" [_thread_in_native, id=3516, stack(0x008d0000,0x00920000)]

Other Threads:
  0x02a5e800 VMThread [stack: 0x02c30000,0x02c80000] [id=3404]
  0x02aa5c00 WatcherThread [stack: 0x02e80000,0x02ed0000] [id=3080]

VM state:not at safepoint (normal execution)

VM Mutex/Monitor currently owned by a thread: None

Heap
 def new generation   total 8640K, used 3629K [0x22ac0000, 0x23410000, 0x28010000)
  eden space 7744K,  39% used [0x22ac0000, 0x22dbe3c0, 0x23250000)
  from space 896K,  62% used [0x23330000, 0x233bd1c8, 0x23410000)
  to   space 896K,   0% used [0x23250000, 0x23250000, 0x23330000)
 tenured generation   total 19064K, used 17171K [0x28010000, 0x292ae000, 0x32ac0000)
   the space 19064K,  90% used [0x28010000, 0x290d4f28, 0x290d5000, 0x292ae000)
 compacting perm gen  total 12288K, used 11612K [0x32ac0000, 0x336c0000, 0x36ac0000)
   the space 12288K,  94% used [0x32ac0000, 0x33617120, 0x33617200, 0x336c0000)
    ro space 10240K,  45% used [0x36ac0000, 0x36f47988, 0x36f47a00, 0x374c0000)
    rw space 12288K,  54% used [0x374c0000, 0x37b4b5d8, 0x37b4b600, 0x380c0000)

Card table byte_map: [0x02ad0000,0x02b80000] byte_map_base: 0x029baa00

Polling page: 0x00920000

Code Cache  [0x00950000, 0x00bf8000, 0x02950000)
 total_blobs=1122 nmethods=926 adapters=131 free_code_cache=30077Kb largest_free_block=30797376

Compilation events (10 events):
Event: 66.580 Thread 0x02a84000  938             java.io.File::getPath (5 bytes)
Event: 66.580 Thread 0x02a84000 nmethod 938 0x00be1cc8 code [0x00be1dc0, 0x00be1e40]
Event: 66.644 Thread 0x02a84000  939             java.net.URI::access$300 (7 bytes)
Event: 66.644 Thread 0x02a84000 nmethod 939 0x00be1e88 code [0x00be1f80, 0x00be201c]
Event: 66.646 Thread 0x02a84000  940             java.net.URI$Parser::at (20 bytes)
Event: 66.646 Thread 0x02a84000 nmethod 940 0x00be2088 code [0x00be21a0, 0x00be230c]
Event: 66.664 Thread 0x02a84000  941   !         org.apache.catalina.loader.WebappClassLoader::findResourceInternal (1479 bytes)
Event: 66.682 Thread 0x02a84000 nmethod 941 0x00be2548 code [0x00be2da0, 0x00be7014]
Event: 66.724 Thread 0x02a84000  942             org.apache.naming.resources.ProxyDirContext::cacheLookup (139 bytes)
Event: 66.725 Thread 0x02a84000 nmethod 942 0x00bef788 code [0x00bef900, 0x00befbb8]

GC Heap History (10 events):
Event: 9.691 GC heap before
{Heap before GC invocations=34 (full 1):
 def new generation   total 8640K, used 7744K [0x22ac0000, 0x23410000, 0x28010000)
  eden space 7744K, 100% used [0x22ac0000, 0x23250000, 0x23250000)
  from space 896K,   0% used [0x23250000, 0x23250000, 0x23330000)
  to   space 896K,   0% used [0x23330000, 0x23330000, 0x23410000)
 tenured generation   total 19064K, used 11437K [0x28010000, 0x292ae000, 0x32ac0000)
   the space 19064K,  59% used [0x28010000, 0x28b3b400, 0x28b3b400, 0x292ae000)
 compacting perm gen  total 12288K, used 7252K [0x32ac0000, 0x336c0000, 0x36ac0000)
   the space 12288K,  59% used [0x32ac0000, 0x331d50f8, 0x331d5200, 0x336c0000)
    ro space 10240K,  45% used [0x36ac0000, 0x36f47988, 0x36f47a00, 0x374c0000)
    rw space 12288K,  54% used [0x374c0000, 0x37b4b5d8, 0x37b4b600, 0x380c0000)
Event: 9.710 GC heap after
Heap after GC invocations=35 (full 1):
 def new generation   total 8640K, used 896K [0x22ac0000, 0x23410000, 0x28010000)
  eden space 7744K,   0% used [0x22ac0000, 0x22ac0000, 0x23250000)
  from space 896K, 100% used [0x23330000, 0x23410000, 0x23410000)
  to   space 896K,   0% used [0x23250000, 0x23250000, 0x23330000)
 tenured generation   total 19064K, used 13370K [0x28010000, 0x292ae000, 0x32ac0000)
   the space 19064K,  70% used [0x28010000, 0x28d1e888, 0x28d1ea00, 0x292ae000)
 compacting perm gen  total 12288K, used 7252K [0x32ac0000, 0x336c0000, 0x36ac0000)
   the space 12288K,  59% used [0x32ac0000, 0x331d50f8, 0x331d5200, 0x336c0000)
    ro space 10240K,  45% used [0x36ac0000, 0x36f47988, 0x36f47a00, 0x374c0000)
    rw space 12288K,  54% used [0x374c0000, 0x37b4b5d8, 0x37b4b600, 0x380c0000)
}
Event: 10.227 GC heap before
{Heap before GC invocations=35 (full 1):
 def new generation   total 8640K, used 8640K [0x22ac0000, 0x23410000, 0x28010000)
  eden space 7744K, 100% used [0x22ac0000, 0x23250000, 0x23250000)
  from space 896K, 100% used [0x23330000, 0x23410000, 0x23410000)
  to   space 896K,   0% used [0x23250000, 0x23250000, 0x23330000)
 tenured generation   total 19064K, used 13370K [0x28010000, 0x292ae000, 0x32ac0000)
   the space 19064K,  70% used [0x28010000, 0x28d1e888, 0x28d1ea00, 0x292ae000)
 compacting perm gen  total 12288K, used 8516K [0x32ac0000, 0x336c0000, 0x36ac0000)
   the space 12288K,  69% used [0x32ac0000, 0x33311180, 0x33311200, 0x336c0000)
    ro space 10240K,  45% used [0x36ac0000, 0x36f47988, 0x36f47a00, 0x374c0000)
    rw space 12288K,  54% used [0x374c0000, 0x37b4b5d8, 0x37b4b600, 0x380c0000)
Event: 10.235 GC heap after
Heap after GC invocations=36 (full 1):
 def new generation   total 8640K, used 896K [0x22ac0000, 0x23410000, 0x28010000)
  eden space 7744K,   0% used [0x22ac0000, 0x22ac0000, 0x23250000)
  from space 896K, 100% used [0x23250000, 0x23330000, 0x23330000)
  to   space 896K,   0% used [0x23330000, 0x23330000, 0x23410000)
 tenured generation   total 19064K, used 14849K [0x28010000, 0x292ae000, 0x32ac0000)
   the space 19064K,  77% used [0x28010000, 0x28e90798, 0x28e90800, 0x292ae000)
 compacting perm gen  total 12288K, used 8516K [0x32ac0000, 0x336c0000, 0x36ac0000)
   the space 12288K,  69% used [0x32ac0000, 0x33311180, 0x33311200, 0x336c0000)
    ro space 10240K,  45% used [0x36ac0000, 0x36f47988, 0x36f47a00, 0x374c0000)
    rw space 12288K,  54% used [0x374c0000, 0x37b4b5d8, 0x37b4b600, 0x380c0000)
}
Event: 10.551 GC heap before
{Heap before GC invocations=36 (full 1):
 def new generation   total 8640K, used 8628K [0x22ac0000, 0x23410000, 0x28010000)
  eden space 7744K,  99% used [0x22ac0000, 0x2324d1e0, 0x23250000)
  from space 896K, 100% used [0x23250000, 0x23330000, 0x23330000)
  to   space 896K,   0% used [0x23330000, 0x23330000, 0x23410000)
 tenured generation   total 19064K, used 14849K [0x28010000, 0x292ae000, 0x32ac0000)
   the space 19064K,  77% used [0x28010000, 0x28e90798, 0x28e90800, 0x292ae000)
 compacting perm gen  total 12288K, used 9699K [0x32ac0000, 0x336c0000, 0x36ac0000)
   the space 12288K,  78% used [0x32ac0000, 0x33438f00, 0x33439000, 0x336c0000)
    ro space 10240K,  45% used [0x36ac0000, 0x36f47988, 0x36f47a00, 0x374c0000)
    rw space 12288K,  54% used [0x374c0000, 0x37b4b5d8, 0x37b4b600, 0x380c0000)
Event: 10.558 GC heap after
Heap after GC invocations=37 (full 1):
 def new generation   total 8640K, used 896K [0x22ac0000, 0x23410000, 0x28010000)
  eden space 7744K,   0% used [0x22ac0000, 0x22ac0000, 0x23250000)
  from space 896K, 100% used [0x23330000, 0x23410000, 0x23410000)
  to   space 896K,   0% used [0x23250000, 0x23250000, 0x23330000)
 tenured generation   total 19064K, used 16082K [0x28010000, 0x292ae000, 0x32ac0000)
   the space 19064K,  84% used [0x28010000, 0x28fc4968, 0x28fc4a00, 0x292ae000)
 compacting perm gen  total 12288K, used 9699K [0x32ac0000, 0x336c0000, 0x36ac0000)
   the space 12288K,  78% used [0x32ac0000, 0x33438f00, 0x33439000, 0x336c0000)
    ro space 10240K,  45% used [0x36ac0000, 0x36f47988, 0x36f47a00, 0x374c0000)
    rw space 12288K,  54% used [0x374c0000, 0x37b4b5d8, 0x37b4b600, 0x380c0000)
}
Event: 11.096 GC heap before
{Heap before GC invocations=37 (full 1):
 def new generation   total 8640K, used 8640K [0x22ac0000, 0x23410000, 0x28010000)
  eden space 7744K, 100% used [0x22ac0000, 0x23250000, 0x23250000)
  from space 896K, 100% used [0x23330000, 0x23410000, 0x23410000)
  to   space 896K,   0% used [0x23250000, 0x23250000, 0x23330000)
 tenured generation   total 19064K, used 16082K [0x28010000, 0x292ae000, 0x32ac0000)
   the space 19064K,  84% used [0x28010000, 0x28fc4968, 0x28fc4a00, 0x292ae000)
 compacting perm gen  total 12288K, used 10460K [0x32ac0000, 0x336c0000, 0x36ac0000)
   the space 12288K,  85% used [0x32ac0000, 0x334f7190, 0x334f7200, 0x336c0000)
    ro space 10240K,  45% used [0x36ac0000, 0x36f47988, 0x36f47a00, 0x374c0000)
    rw space 12288K,  54% used [0x374c0000, 0x37b4b5d8, 0x37b4b600, 0x380c0000)
Event: 11.106 GC heap after
Heap after GC invocations=38 (full 1):
 def new generation   total 8640K, used 896K [0x22ac0000, 0x23410000, 0x28010000)
  eden space 7744K,   0% used [0x22ac0000, 0x22ac0000, 0x23250000)
  from space 896K, 100% used [0x23250000, 0x23330000, 0x23330000)
  to   space 896K,   0% used [0x23330000, 0x23330000, 0x23410000)
 tenured generation   total 19064K, used 16705K [0x28010000, 0x292ae000, 0x32ac0000)
   the space 19064K,  87% used [0x28010000, 0x29060688, 0x29060800, 0x292ae000)
 compacting perm gen  total 12288K, used 10460K [0x32ac0000, 0x336c0000, 0x36ac0000)
   the space 12288K,  85% used [0x32ac0000, 0x334f7190, 0x334f7200, 0x336c0000)
    ro space 10240K,  45% used [0x36ac0000, 0x36f47988, 0x36f47a00, 0x374c0000)
    rw space 12288K,  54% used [0x374c0000, 0x37b4b5d8, 0x37b4b600, 0x380c0000)
}
Event: 66.571 GC heap before
{Heap before GC invocations=38 (full 1):
 def new generation   total 8640K, used 8640K [0x22ac0000, 0x23410000, 0x28010000)
  eden space 7744K, 100% used [0x22ac0000, 0x23250000, 0x23250000)
  from space 896K, 100% used [0x23250000, 0x23330000, 0x23330000)
  to   space 896K,   0% used [0x23330000, 0x23330000, 0x23410000)
 tenured generation   total 19064K, used 16705K [0x28010000, 0x292ae000, 0x32ac0000)
   the space 19064K,  87% used [0x28010000, 0x29060688, 0x29060800, 0x292ae000)
 compacting perm gen  total 12288K, used 11147K [0x32ac0000, 0x336c0000, 0x36ac0000)
   the space 12288K,  90% used [0x32ac0000, 0x335a2fe0, 0x335a3000, 0x336c0000)
    ro space 10240K,  45% used [0x36ac0000, 0x36f47988, 0x36f47a00, 0x374c0000)
    rw space 12288K,  54% used [0x374c0000, 0x37b4b5d8, 0x37b4b600, 0x380c0000)
Event: 66.578 GC heap after
Heap after GC invocations=39 (full 1):
 def new generation   total 8640K, used 564K [0x22ac0000, 0x23410000, 0x28010000)
  eden space 7744K,   0% used [0x22ac0000, 0x22ac0000, 0x23250000)
  from space 896K,  62% used [0x23330000, 0x233bd1c8, 0x23410000)
  to   space 896K,   0% used [0x23250000, 0x23250000, 0x23330000)
 tenured generation   total 19064K, used 17171K [0x28010000, 0x292ae000, 0x32ac0000)
   the space 19064K,  90% used [0x28010000, 0x290d4f28, 0x290d5000, 0x292ae000)
 compacting perm gen  total 12288K, used 11147K [0x32ac0000, 0x336c0000, 0x36ac0000)
   the space 12288K,  90% used [0x32ac0000, 0x335a2fe0, 0x335a3000, 0x336c0000)
    ro space 10240K,  45% used [0x36ac0000, 0x36f47988, 0x36f47a00, 0x374c0000)
    rw space 12288K,  54% used [0x374c0000, 0x37b4b5d8, 0x37b4b600, 0x380c0000)
}

Deoptimization events (0 events):
No events

Internal exceptions (10 events):
Event: 66.748 Thread 0x04a62000 Threw 0x22da7b48 at C:\jdk7u2_32P\jdk7u21\hotspot\src\share\vm\prims\jvm.cpp:1166
Event: 66.749 Thread 0x04a62000 Threw 0x22dab208 at C:\jdk7u2_32P\jdk7u21\hotspot\src\share\vm\prims\jvm.cpp:1166
Event: 66.749 Thread 0x04a62000 Threw 0x22dab818 at C:\jdk7u2_32P\jdk7u21\hotspot\src\share\vm\prims\jvm.cpp:1166
Event: 66.750 Thread 0x04a62000 Threw 0x22db0368 at C:\jdk7u2_32P\jdk7u21\hotspot\src\share\vm\prims\jvm.cpp:1166
Event: 66.750 Thread 0x04a62000 Threw 0x22db0978 at C:\jdk7u2_32P\jdk7u21\hotspot\src\share\vm\prims\jvm.cpp:1166
Event: 66.750 Thread 0x04a62000 Threw 0x22db4250 at C:\jdk7u2_32P\jdk7u21\hotspot\src\share\vm\prims\jvm.cpp:1166
Event: 66.750 Thread 0x04a62000 Threw 0x22db4860 at C:\jdk7u2_32P\jdk7u21\hotspot\src\share\vm\prims\jvm.cpp:1166
Event: 66.751 Thread 0x04a62000 Threw 0x22db7d40 at C:\jdk7u2_32P\jdk7u21\hotspot\src\share\vm\prims\jvm.cpp:1166
Event: 66.751 Thread 0x04a62000 Threw 0x22db8388 at C:\jdk7u2_32P\jdk7u21\hotspot\src\share\vm\prims\jvm.cpp:1166
Event: 66.803 Thread 0x04a62000 Threw 0x22dbcc00 at C:\jdk7u2_32P\jdk7u21\hotspot\src\share\vm\prims\jni.cpp:2973

Events (10 events):
Event: 66.749 loading class 0x04a623f0
Event: 66.749 loading class 0x04a623f0 done
Event: 66.750 loading class 0x04a623b8
Event: 66.750 loading class 0x04a623b8 done
Event: 66.750 loading class 0x04a5f208
Event: 66.750 loading class 0x04a5f208 done
Event: 66.751 loading class 0x04a629c8
Event: 66.751 loading class 0x04a629c8 done
Event: 66.752 Executing VM operation: RevokeBias
Event: 66.752 Executing VM operation: RevokeBias done


Dynamic libraries:
0x00400000 - 0x0042f000 	C:\Program Files\Java\jdk1.7.0_21\bin\java.exe
0x7c900000 - 0x7c9b2000 	C:\WINDOWS\system32\ntdll.dll
0x7c800000 - 0x7c8f6000 	C:\WINDOWS\system32\kernel32.dll
0x77dd0000 - 0x77e6b000 	C:\WINDOWS\system32\ADVAPI32.dll
0x77e70000 - 0x77f03000 	C:\WINDOWS\system32\RPCRT4.dll
0x77fe0000 - 0x77ff1000 	C:\WINDOWS\system32\Secur32.dll
0x7e410000 - 0x7e4a1000 	C:\WINDOWS\system32\USER32.dll
0x77f10000 - 0x77f59000 	C:\WINDOWS\system32\GDI32.dll
0x773d0000 - 0x774d3000 	C:\WINDOWS\WinSxS\x86_Microsoft.Windows.Common-Controls_6595b64144ccf1df_6.0.2600.6028_x-ww_61e65202\COMCTL32.dll
0x77c10000 - 0x77c68000 	C:\WINDOWS\system32\msvcrt.dll
0x77f60000 - 0x77fd6000 	C:\WINDOWS\system32\SHLWAPI.dll
0x76390000 - 0x763ad000 	C:\WINDOWS\system32\IMM32.DLL
0x629c0000 - 0x629c9000 	C:\WINDOWS\system32\LPK.DLL
0x74d90000 - 0x74dfb000 	C:\WINDOWS\system32\USP10.dll
0x78aa0000 - 0x78b5e000 	C:\Program Files\Java\jdk1.7.0_21\jre\bin\msvcr100.dll
0x6e8c0000 - 0x6ec0f000 	C:\Program Files\Java\jdk1.7.0_21\jre\bin\client\jvm.dll
0x71ad0000 - 0x71ad9000 	C:\WINDOWS\system32\WSOCK32.dll
0x71ab0000 - 0x71ac7000 	C:\WINDOWS\system32\WS2_32.dll
0x71aa0000 - 0x71aa8000 	C:\WINDOWS\system32\WS2HELP.dll
0x76b40000 - 0x76b6d000 	C:\WINDOWS\system32\WINMM.dll
0x76bf0000 - 0x76bfb000 	C:\WINDOWS\system32\PSAPI.DLL
0x6e810000 - 0x6e81c000 	C:\Program Files\Java\jdk1.7.0_21\jre\bin\verify.dll
0x6d5a0000 - 0x6d5c0000 	C:\Program Files\Java\jdk1.7.0_21\jre\bin\java.dll
0x6e8a0000 - 0x6e8b3000 	C:\Program Files\Java\jdk1.7.0_21\jre\bin\zip.dll
0x6e5c0000 - 0x6e5d4000 	C:\Program Files\Java\jdk1.7.0_21\jre\bin\net.dll
0x6e5e0000 - 0x6e5ee000 	C:\Program Files\Java\jdk1.7.0_21\jre\bin\nio.dll
0x6e520000 - 0x6e52a000 	C:\Program Files\Java\jdk1.7.0_21\jre\bin\management.dll
0x10000000 - 0x1011d000 	C:\apache-tomcat-7.0.42\bin\tcnative-1.dll
0x71a50000 - 0x71a8f000 	C:\WINDOWS\system32\MSWSOCK.dll
0x68000000 - 0x68036000 	C:\WINDOWS\system32\rsaenh.dll
0x6e790000 - 0x6e7b0000 	C:\Program Files\Java\jdk1.7.0_21\jre\bin\sunec.dll
0x6e7b0000 - 0x6e7b9000 	C:\Program Files\Java\jdk1.7.0_21\jre\bin\sunmscapi.dll
0x77a80000 - 0x77b15000 	C:\WINDOWS\system32\CRYPT32.dll
0x77b20000 - 0x77b32000 	C:\WINDOWS\system32\MSASN1.dll
0x662b0000 - 0x66308000 	C:\WINDOWS\system32\hnetcfg.dll
0x71a90000 - 0x71a98000 	C:\WINDOWS\System32\wshtcpip.dll
0x769c0000 - 0x76a74000 	C:\WINDOWS\system32\USERENV.dll
0x5b860000 - 0x5b8b6000 	C:\WINDOWS\system32\netapi32.dll
0x76f20000 - 0x76f47000 	C:\WINDOWS\system32\DNSAPI.dll
0x76d60000 - 0x76d79000 	C:\WINDOWS\system32\iphlpapi.dll
0x76fb0000 - 0x76fb8000 	C:\WINDOWS\System32\winrnr.dll
0x76f60000 - 0x76f8c000 	C:\WINDOWS\system32\WLDAP32.dll
0x76fc0000 - 0x76fc6000 	C:\WINDOWS\system32\rasadhlp.dll
0x6e680000 - 0x6e68d000 	C:\Program Files\Java\jdk1.7.0_21\jre\bin\prism-d3d.dll
0x4fdd0000 - 0x4ff76000 	C:\WINDOWS\system32\d3d9.dll
0x6d990000 - 0x6d996000 	C:\WINDOWS\system32\d3d8thk.dll
0x77c00000 - 0x77c08000 	C:\WINDOWS\system32\VERSION.dll
0x59a60000 - 0x59b01000 	C:\WINDOWS\system32\dbghelp.dll

VM Arguments:
jvm_args: -Djava.util.logging.config.file=C:\apache-tomcat-7.0.42\conf\logging.properties -Djava.util.logging.manager=org.apache.juli.ClassLoaderLogManager -Djava.endorsed.dirs=C:\apache-tomcat-7.0.42\endorsed -Dcatalina.base=C:\apache-tomcat-7.0.42 -Dcatalina.home=C:\apache-tomcat-7.0.42 -Djava.io.tmpdir=C:\apache-tomcat-7.0.42\temp 
java_command: org.apache.catalina.startup.Bootstrap start
Launcher Type: SUN_STANDARD

Environment Variables:
JAVA_HOME=C:\Program Files\Java\jdk1.7.0_21
JRE_HOME=C:\Program Files\Java\jdk1.7.0_21
CLASSPATH=C:\apache-tomcat-7.0.42\bin\bootstrap.jar;C:\apache-tomcat-7.0.42\bin\tomcat-juli.jar
PATH=C:\WINDOWS\system32;C:\WINDOWS;C:\WINDOWS\System32\Wbem;C:\Program Files\TortoiseSVN\bin;C:\Program Files\Microsoft SQL Server\90\Tools\binn\;C:\Program Files\MiKTeX 2.9\miktex\bin\;C:\strawberry\c\bin;C:\strawberry\perl\site\bin;C:\strawberry\perl\bin;C:\AppServ\Apache2.2\bin;C:\AppServ\php5;C:\AppServ\MySQL\bin
USERNAME=BNK
OS=Windows_NT
PROCESSOR_IDENTIFIER=x86 Family 6 Model 23 Stepping 10, GenuineIntel



---------------  S Y S T E M  ---------------

OS: Windows XP Build 2600 Service Pack 3

CPU:total 1 (1 cores per cpu, 1 threads per core) family 6 model 23 stepping 10, cmov, cx8, fxsr, mmx, sse, sse2, sse3, ssse3, sse4.1, tsc

Memory: 4k page, physical 3073768k(1536084k free), swap 4999892k(3565148k free)

vm_info: Java HotSpot(TM) Client VM (23.21-b01) for windows-x86 JRE (1.7.0_21-b11), built on Apr  4 2013 04:43:10 by "java_re" with unknown MS VC++:1600

time: Tue Oct 08 10:07:56 2013
elapsed time: 66 seconds

