#
# A fatal error has been detected by the Java Runtime Environment:
#
#  EXCEPTION_ACCESS_VIOLATION (0xc0000005) at pc=0x6e9655eb, pid=3300, tid=852
#
# JRE version: 7.0_21-b11
# Java VM: Java HotSpot(TM) Client VM (23.21-b01 mixed mode, sharing windows-x86 )
# Problematic frame:
# V  [jvm.dll+0xa55eb]
#
# Failed to write core dump. Minidumps are not enabled by default on client versions of Windows
#
# If you would like to submit a bug report, please visit:
#   http://bugreport.sun.com/bugreport/crash.jsp
#

---------------  T H R E A D  ---------------

Current thread (0x02f4b000):  JavaThread "QuantumRenderer-0" daemon [_thread_in_vm, id=852, stack(0x048c0000,0x04910000)]

siginfo: ExceptionCode=0xc0000005, reading address 0x00000000

Registers:
EAX=0x00000000, EBX=0x00000000, ECX=0x02f4b000, EDX=0x6eb4d5c0
ESP=0x0490ed08, EBP=0x0490ed24, ESI=0x02f4b000, EDI=0x00000000
EIP=0x6e9655eb, EFLAGS=0x00010206

Top of Stack: (sp=0x0490ed08)
0x0490ed08:   6e687d48 00000000 02f4b128 02f4b000
0x0490ed18:   034c10d4 00000b9d 6eb4d5c0 00000000
0x0490ed28:   6e6820f3 02f4b128 0490f244 00000000
0x0490ed38:   00000000 02f47178 6e683075 6e687d48
0x0490ed48:   332ed460 02f4b000 02f47178 0490f234
0x0490ed58:   0490f1f0 7c90d96e 7ff98bf8 0490ed58
0x0490ed68:   7c90d97a 70786769 32336472 6c6c642e
0x0490ed78:   00320000 00000000 00000000 00000000 

Instructions: (pc=0x6e9655eb)
0x6e9655cb:   6e 00 53 57 8b 7d 10 74 13 8b 07 6a 01 57 50 6a
0x6e9655db:   00 6a 00 56 e8 9c df 04 00 83 c4 18 83 7d f4 00
0x6e9655eb:   8b 0f 8b 51 40 8b 47 08 8a 0c 02 88 4d 0b 74 08
0x6e9655fb:   8d 4d f0 e8 cd 8d 0c 00 8b 7e 28 8b 4f 08 83 39 


Register to memory mapping:

EAX=0x00000000 is an unknown value
EBX=0x00000000 is an unknown value
ECX=0x02f4b000 is a thread
EDX=0x6eb4d5c0 is an unknown value
ESP=0x0490ed08 is pointing into the stack for thread: 0x02f4b000
EBP=0x0490ed24 is pointing into the stack for thread: 0x02f4b000
ESI=0x02f4b000 is a thread
EDI=0x00000000 is an unknown value


Stack: [0x048c0000,0x04910000],  sp=0x0490ed08,  free space=315k
Native frames: (J=compiled Java code, j=interpreted, Vv=VM code, C=native code)
V  [jvm.dll+0xa55eb]

Java frames: (J=compiled Java code, j=interpreted, Vv=VM code)
j  com.sun.prism.d3d.D3DPipeline.nInit(Ljava/lang/Class;)J+0
j  com.sun.prism.d3d.D3DPipeline.access$000(Ljava/lang/Class;)J+1
j  com.sun.prism.d3d.D3DPipeline$1.run()Ljava/lang/Boolean;+36
j  com.sun.prism.d3d.D3DPipeline$1.run()Ljava/lang/Object;+1
v  ~StubRoutines::call_stub
j  java.security.AccessController.doPrivileged(Ljava/security/PrivilegedAction;)Ljava/lang/Object;+0
j  com.sun.prism.d3d.D3DPipeline.<clinit>()V+24
v  ~StubRoutines::call_stub
j  java.lang.Class.forName0(Ljava/lang/String;ZLjava/lang/ClassLoader;)Ljava/lang/Class;+0
j  java.lang.Class.forName(Ljava/lang/String;)Ljava/lang/Class;+5
j  com.sun.prism.GraphicsPipeline.createPipeline()Lcom/sun/prism/GraphicsPipeline;+171
j  com.sun.javafx.tk.quantum.QuantumRenderer$PipelineRunnable.init()V+0
j  com.sun.javafx.tk.quantum.QuantumRenderer$PipelineRunnable.run()V+1
j  java.lang.Thread.run()V+11
v  ~StubRoutines::call_stub

---------------  P R O C E S S  ---------------

Java Threads: ( => current thread )
=>0x02f4b000 JavaThread "QuantumRenderer-0" daemon [_thread_in_vm, id=852, stack(0x048c0000,0x04910000)]
  0x02f98800 JavaThread "http-apr-8080-exec-23" daemon [_thread_blocked, id=3576, stack(0x052b0000,0x05300000)]
  0x03227400 JavaThread "http-apr-8080-exec-22" daemon [_thread_blocked, id=3684, stack(0x03620000,0x03670000)]
  0x03046000 JavaThread "http-apr-8080-exec-21" daemon [_thread_blocked, id=3140, stack(0x05260000,0x052b0000)]
  0x02abc400 JavaThread "http-apr-8080-exec-20" daemon [_thread_blocked, id=3352, stack(0x05200000,0x05250000)]
  0x02fae800 JavaThread "http-apr-8080-exec-19" daemon [_thread_blocked, id=3620, stack(0x051b0000,0x05200000)]
  0x034c2400 JavaThread "http-apr-8080-exec-17" daemon [_thread_blocked, id=1768, stack(0x04910000,0x04960000)]
  0x030afc00 JavaThread "http-apr-8080-exec-15" daemon [_thread_blocked, id=1772, stack(0x05160000,0x051b0000)]
  0x04a87400 JavaThread "http-apr-8080-exec-14" daemon [_thread_blocked, id=3996, stack(0x03670000,0x036c0000)]
  0x04a8f800 JavaThread "http-apr-8080-exec-10" daemon [_thread_blocked, id=3056, stack(0x05390000,0x053e0000)]
  0x04a8e800 JavaThread "http-apr-8080-exec-9" daemon [_thread_blocked, id=2552, stack(0x05340000,0x05390000)]
  0x034bb000 JavaThread "ajp-apr-8009-AsyncTimeout" daemon [_thread_blocked, id=2788, stack(0x04870000,0x048c0000)]
  0x034b9800 JavaThread "ajp-apr-8009-Acceptor-0" daemon [_thread_in_native, id=3360, stack(0x04820000,0x04870000)]
  0x034b8000 JavaThread "ajp-apr-8009-CometPoller-7" daemon [_thread_blocked, id=2760, stack(0x047d0000,0x04820000)]
  0x034b6c00 JavaThread "ajp-apr-8009-CometPoller-6" daemon [_thread_blocked, id=2708, stack(0x04780000,0x047d0000)]
  0x034b1400 JavaThread "ajp-apr-8009-CometPoller-5" daemon [_thread_blocked, id=2764, stack(0x04330000,0x04380000)]
  0x034afc00 JavaThread "ajp-apr-8009-CometPoller-4" daemon [_thread_blocked, id=708, stack(0x042e0000,0x04330000)]
  0x034ae400 JavaThread "ajp-apr-8009-CometPoller-3" daemon [_thread_blocked, id=4020, stack(0x04290000,0x042e0000)]
  0x034acc00 JavaThread "ajp-apr-8009-CometPoller-2" daemon [_thread_blocked, id=520, stack(0x04240000,0x04290000)]
  0x034ab400 JavaThread "ajp-apr-8009-CometPoller-1" daemon [_thread_blocked, id=3796, stack(0x041f0000,0x04240000)]
  0x034aa000 JavaThread "ajp-apr-8009-CometPoller-0" daemon [_thread_blocked, id=3136, stack(0x041a0000,0x041f0000)]
  0x034a4c00 JavaThread "ajp-apr-8009-Poller-7" daemon [_thread_blocked, id=804, stack(0x04150000,0x041a0000)]
  0x034a3400 JavaThread "ajp-apr-8009-Poller-6" daemon [_thread_blocked, id=2984, stack(0x04100000,0x04150000)]
  0x034a2000 JavaThread "ajp-apr-8009-Poller-5" daemon [_thread_blocked, id=2792, stack(0x040b0000,0x04100000)]
  0x0349c800 JavaThread "ajp-apr-8009-Poller-4" daemon [_thread_blocked, id=4012, stack(0x04060000,0x040b0000)]
  0x0349b000 JavaThread "ajp-apr-8009-Poller-3" daemon [_thread_blocked, id=1836, stack(0x04010000,0x04060000)]
  0x03499800 JavaThread "ajp-apr-8009-Poller-2" daemon [_thread_blocked, id=1748, stack(0x03fc0000,0x04010000)]
  0x03498000 JavaThread "ajp-apr-8009-Poller-1" daemon [_thread_blocked, id=3656, stack(0x03f70000,0x03fc0000)]
  0x03496c00 JavaThread "ajp-apr-8009-Poller-0" daemon [_thread_blocked, id=3724, stack(0x03f20000,0x03f70000)]
  0x03494c00 JavaThread "http-apr-8080-AsyncTimeout" daemon [_thread_blocked, id=4084, stack(0x03ed0000,0x03f20000)]
  0x0348fc00 JavaThread "http-apr-8080-Acceptor-0" daemon [_thread_in_native, id=1944, stack(0x03e80000,0x03ed0000)]
  0x0348dc00 JavaThread "http-apr-8080-Sendfile-0" daemon [_thread_blocked, id=3644, stack(0x03e30000,0x03e80000)]
  0x0348c400 JavaThread "http-apr-8080-CometPoller-7" daemon [_thread_blocked, id=3328, stack(0x03de0000,0x03e30000)]
  0x0348ac00 JavaThread "http-apr-8080-CometPoller-6" daemon [_thread_blocked, id=2440, stack(0x03d90000,0x03de0000)]
  0x03489400 JavaThread "http-apr-8080-CometPoller-5" daemon [_thread_blocked, id=632, stack(0x03d40000,0x03d90000)]
  0x03488000 JavaThread "http-apr-8080-CometPoller-4" daemon [_thread_blocked, id=3964, stack(0x03cf0000,0x03d40000)]
  0x0347d800 JavaThread "http-apr-8080-CometPoller-3" daemon [_thread_blocked, id=3000, stack(0x03ca0000,0x03cf0000)]
  0x0347c000 JavaThread "http-apr-8080-CometPoller-2" daemon [_thread_blocked, id=1296, stack(0x03c50000,0x03ca0000)]
  0x0347a800 JavaThread "http-apr-8080-CometPoller-1" daemon [_thread_blocked, id=2820, stack(0x03c00000,0x03c50000)]
  0x03479000 JavaThread "http-apr-8080-CometPoller-0" daemon [_thread_blocked, id=856, stack(0x039b0000,0x03a00000)]
  0x032d1800 JavaThread "http-apr-8080-Poller-7" daemon [_thread_blocked, id=3024, stack(0x03960000,0x039b0000)]
  0x03470800 JavaThread "http-apr-8080-Poller-6" daemon [_thread_in_native, id=2020, stack(0x03910000,0x03960000)]
  0x0325ec00 JavaThread "http-apr-8080-Poller-5" daemon [_thread_blocked, id=3448, stack(0x038c0000,0x03910000)]
  0x0346c400 JavaThread "http-apr-8080-Poller-4" daemon [_thread_blocked, id=1392, stack(0x03870000,0x038c0000)]
  0x0346ac00 JavaThread "http-apr-8080-Poller-3" daemon [_thread_blocked, id=1796, stack(0x03820000,0x03870000)]
  0x03450000 JavaThread "http-apr-8080-Poller-2" daemon [_thread_in_native, id=3700, stack(0x037d0000,0x03820000)]
  0x032d5400 JavaThread "http-apr-8080-Poller-1" daemon [_thread_in_native, id=3244, stack(0x03780000,0x037d0000)]
  0x03451800 JavaThread "http-apr-8080-Poller-0" daemon [_thread_in_native, id=1412, stack(0x03730000,0x03780000)]
  0x0344ac00 JavaThread "ContainerBackgroundProcessor[StandardEngine[Catalina]]" daemon [_thread_blocked, id=3520, stack(0x036e0000,0x03730000)]
  0x0319d400 JavaThread "GC Daemon" daemon [_thread_blocked, id=1876, stack(0x035d0000,0x03620000)]
  0x02a92400 JavaThread "Service Thread" daemon [_thread_blocked, id=1904, stack(0x02e30000,0x02e80000)]
  0x02a84000 JavaThread "C1 CompilerThread0" daemon [_thread_blocked, id=3020, stack(0x02de0000,0x02e30000)]
  0x02a82800 JavaThread "Attach Listener" daemon [_thread_blocked, id=2728, stack(0x02d90000,0x02de0000)]
  0x02a81400 JavaThread "Signal Dispatcher" daemon [_thread_blocked, id=952, stack(0x02d40000,0x02d90000)]
  0x02a65000 JavaThread "Finalizer" daemon [_thread_blocked, id=3472, stack(0x02cd0000,0x02d20000)]
  0x02a60000 JavaThread "Reference Handler" daemon [_thread_blocked, id=1732, stack(0x02c80000,0x02cd0000)]
  0x003e8c00 JavaThread "main" [_thread_in_native, id=612, stack(0x008d0000,0x00920000)]

Other Threads:
  0x02a5e800 VMThread [stack: 0x02c30000,0x02c80000] [id=3112]
  0x02aa5c00 WatcherThread [stack: 0x02e80000,0x02ed0000] [id=1292]

VM state:not at safepoint (normal execution)

VM Mutex/Monitor currently owned by a thread: None

Heap
 def new generation   total 8640K, used 4483K [0x22ac0000, 0x23410000, 0x28010000)
  eden space 7744K,  52% used [0x22ac0000, 0x22ebbc78, 0x23250000)
  from space 896K,  45% used [0x23330000, 0x23395080, 0x23410000)
  to   space 896K,   0% used [0x23250000, 0x23250000, 0x23330000)
 tenured generation   total 18948K, used 14503K [0x28010000, 0x29291000, 0x32ac0000)
   the space 18948K,  76% used [0x28010000, 0x28e39c70, 0x28e39e00, 0x29291000)
 compacting perm gen  total 12288K, used 8382K [0x32ac0000, 0x336c0000, 0x36ac0000)
   the space 12288K,  68% used [0x32ac0000, 0x332efb58, 0x332efc00, 0x336c0000)
    ro space 10240K,  45% used [0x36ac0000, 0x36f47988, 0x36f47a00, 0x374c0000)
    rw space 12288K,  54% used [0x374c0000, 0x37b4b5d8, 0x37b4b600, 0x380c0000)

Card table byte_map: [0x02ad0000,0x02b80000] byte_map_base: 0x029baa00

Polling page: 0x00920000

Code Cache  [0x00950000, 0x00b90000, 0x02950000)
 total_blobs=1044 nmethods=838 adapters=141 free_code_cache=30485Kb largest_free_block=31215552

Compilation events (10 events):
Event: 77.850 Thread 0x02a84000  847             java.net.URI$Parser::at (20 bytes)
Event: 77.851 Thread 0x02a84000 nmethod 847 0x00b87b08 code [0x00b87c20, 0x00b87d8c]
Event: 77.855 Thread 0x02a84000  848             java.util.jar.Attributes::get (11 bytes)
Event: 77.855 Thread 0x02a84000 nmethod 848 0x00b87fc8 code [0x00b880d0, 0x00b8816c]
Event: 77.886 Thread 0x02a84000  849             java.net.URI::access$300 (7 bytes)
Event: 77.887 Thread 0x02a84000 nmethod 849 0x00b884c8 code [0x00b885c0, 0x00b8865c]
Event: 77.956 Thread 0x02a84000  850             java.util.jar.Attributes::getValue (9 bytes)
Event: 77.956 Thread 0x02a84000 nmethod 850 0x00b89548 code [0x00b89650, 0x00b8970c]
Event: 77.961 Thread 0x02a84000  851             java.io.File::getPrefixLength (5 bytes)
Event: 77.961 Thread 0x02a84000 nmethod 851 0x00b89788 code [0x00b89880, 0x00b89900]

GC Heap History (10 events):
Event: 74.794 GC heap before
{Heap before GC invocations=92 (full 1):
 def new generation   total 8640K, used 7915K [0x22ac0000, 0x23410000, 0x28010000)
  eden space 7744K, 100% used [0x22ac0000, 0x23250000, 0x23250000)
  from space 896K,  19% used [0x23250000, 0x2327ae88, 0x23330000)
  to   space 896K,   0% used [0x23330000, 0x23330000, 0x23410000)
 tenured generation   total 18948K, used 14503K [0x28010000, 0x29291000, 0x32ac0000)
   the space 18948K,  76% used [0x28010000, 0x28e39c70, 0x28e39e00, 0x29291000)
 compacting perm gen  total 12288K, used 7612K [0x32ac0000, 0x336c0000, 0x36ac0000)
   the space 12288K,  61% used [0x32ac0000, 0x3322f390, 0x3322f400, 0x336c0000)
    ro space 10240K,  45% used [0x36ac0000, 0x36f47988, 0x36f47a00, 0x374c0000)
    rw space 12288K,  54% used [0x374c0000, 0x37b4b5d8, 0x37b4b600, 0x380c0000)
Event: 74.796 GC heap after
Heap after GC invocations=93 (full 1):
 def new generation   total 8640K, used 149K [0x22ac0000, 0x23410000, 0x28010000)
  eden space 7744K,   0% used [0x22ac0000, 0x22ac0000, 0x23250000)
  from space 896K,  16% used [0x23330000, 0x23355420, 0x23410000)
  to   space 896K,   0% used [0x23250000, 0x23250000, 0x23330000)
 tenured generation   total 18948K, used 14503K [0x28010000, 0x29291000, 0x32ac0000)
   the space 18948K,  76% used [0x28010000, 0x28e39c70, 0x28e39e00, 0x29291000)
 compacting perm gen  total 12288K, used 7612K [0x32ac0000, 0x336c0000, 0x36ac0000)
   the space 12288K,  61% used [0x32ac0000, 0x3322f390, 0x3322f400, 0x336c0000)
    ro space 10240K,  45% used [0x36ac0000, 0x36f47988, 0x36f47a00, 0x374c0000)
    rw space 12288K,  54% used [0x374c0000, 0x37b4b5d8, 0x37b4b600, 0x380c0000)
}
Event: 74.829 GC heap before
{Heap before GC invocations=93 (full 1):
 def new generation   total 8640K, used 7893K [0x22ac0000, 0x23410000, 0x28010000)
  eden space 7744K, 100% used [0x22ac0000, 0x23250000, 0x23250000)
  from space 896K,  16% used [0x23330000, 0x23355420, 0x23410000)
  to   space 896K,   0% used [0x23250000, 0x23250000, 0x23330000)
 tenured generation   total 18948K, used 14503K [0x28010000, 0x29291000, 0x32ac0000)
   the space 18948K,  76% used [0x28010000, 0x28e39c70, 0x28e39e00, 0x29291000)
 compacting perm gen  total 12288K, used 7612K [0x32ac0000, 0x336c0000, 0x36ac0000)
   the space 12288K,  61% used [0x32ac0000, 0x3322f390, 0x3322f400, 0x336c0000)
    ro space 10240K,  45% used [0x36ac0000, 0x36f47988, 0x36f47a00, 0x374c0000)
    rw space 12288K,  54% used [0x374c0000, 0x37b4b5d8, 0x37b4b600, 0x380c0000)
Event: 74.831 GC heap after
Heap after GC invocations=94 (full 1):
 def new generation   total 8640K, used 154K [0x22ac0000, 0x23410000, 0x28010000)
  eden space 7744K,   0% used [0x22ac0000, 0x22ac0000, 0x23250000)
  from space 896K,  17% used [0x23250000, 0x23276930, 0x23330000)
  to   space 896K,   0% used [0x23330000, 0x23330000, 0x23410000)
 tenured generation   total 18948K, used 14503K [0x28010000, 0x29291000, 0x32ac0000)
   the space 18948K,  76% used [0x28010000, 0x28e39c70, 0x28e39e00, 0x29291000)
 compacting perm gen  total 12288K, used 7612K [0x32ac0000, 0x336c0000, 0x36ac0000)
   the space 12288K,  61% used [0x32ac0000, 0x3322f390, 0x3322f400, 0x336c0000)
    ro space 10240K,  45% used [0x36ac0000, 0x36f47988, 0x36f47a00, 0x374c0000)
    rw space 12288K,  54% used [0x374c0000, 0x37b4b5d8, 0x37b4b600, 0x380c0000)
}
Event: 74.862 GC heap before
{Heap before GC invocations=94 (full 1):
 def new generation   total 8640K, used 7898K [0x22ac0000, 0x23410000, 0x28010000)
  eden space 7744K, 100% used [0x22ac0000, 0x23250000, 0x23250000)
  from space 896K,  17% used [0x23250000, 0x23276930, 0x23330000)
  to   space 896K,   0% used [0x23330000, 0x23330000, 0x23410000)
 tenured generation   total 18948K, used 14503K [0x28010000, 0x29291000, 0x32ac0000)
   the space 18948K,  76% used [0x28010000, 0x28e39c70, 0x28e39e00, 0x29291000)
 compacting perm gen  total 12288K, used 7612K [0x32ac0000, 0x336c0000, 0x36ac0000)
   the space 12288K,  61% used [0x32ac0000, 0x3322f390, 0x3322f400, 0x336c0000)
    ro space 10240K,  45% used [0x36ac0000, 0x36f47988, 0x36f47a00, 0x374c0000)
    rw space 12288K,  54% used [0x374c0000, 0x37b4b5d8, 0x37b4b600, 0x380c0000)
Event: 74.864 GC heap after
Heap after GC invocations=95 (full 1):
 def new generation   total 8640K, used 158K [0x22ac0000, 0x23410000, 0x28010000)
  eden space 7744K,   0% used [0x22ac0000, 0x22ac0000, 0x23250000)
  from space 896K,  17% used [0x23330000, 0x23357a38, 0x23410000)
  to   space 896K,   0% used [0x23250000, 0x23250000, 0x23330000)
 tenured generation   total 18948K, used 14503K [0x28010000, 0x29291000, 0x32ac0000)
   the space 18948K,  76% used [0x28010000, 0x28e39c70, 0x28e39e00, 0x29291000)
 compacting perm gen  total 12288K, used 7612K [0x32ac0000, 0x336c0000, 0x36ac0000)
   the space 12288K,  61% used [0x32ac0000, 0x3322f390, 0x3322f400, 0x336c0000)
    ro space 10240K,  45% used [0x36ac0000, 0x36f47988, 0x36f47a00, 0x374c0000)
    rw space 12288K,  54% used [0x374c0000, 0x37b4b5d8, 0x37b4b600, 0x380c0000)
}
Event: 74.895 GC heap before
{Heap before GC invocations=95 (full 1):
 def new generation   total 8640K, used 7898K [0x22ac0000, 0x23410000, 0x28010000)
  eden space 7744K,  99% used [0x22ac0000, 0x2324efe8, 0x23250000)
  from space 896K,  17% used [0x23330000, 0x23357a38, 0x23410000)
  to   space 896K,   0% used [0x23250000, 0x23250000, 0x23330000)
 tenured generation   total 18948K, used 14503K [0x28010000, 0x29291000, 0x32ac0000)
   the space 18948K,  76% used [0x28010000, 0x28e39c70, 0x28e39e00, 0x29291000)
 compacting perm gen  total 12288K, used 7612K [0x32ac0000, 0x336c0000, 0x36ac0000)
   the space 12288K,  61% used [0x32ac0000, 0x3322f390, 0x3322f400, 0x336c0000)
    ro space 10240K,  45% used [0x36ac0000, 0x36f47988, 0x36f47a00, 0x374c0000)
    rw space 12288K,  54% used [0x374c0000, 0x37b4b5d8, 0x37b4b600, 0x380c0000)
Event: 74.897 GC heap after
Heap after GC invocations=96 (full 1):
 def new generation   total 8640K, used 147K [0x22ac0000, 0x23410000, 0x28010000)
  eden space 7744K,   0% used [0x22ac0000, 0x22ac0000, 0x23250000)
  from space 896K,  16% used [0x23250000, 0x23274d88, 0x23330000)
  to   space 896K,   0% used [0x23330000, 0x23330000, 0x23410000)
 tenured generation   total 18948K, used 14503K [0x28010000, 0x29291000, 0x32ac0000)
   the space 18948K,  76% used [0x28010000, 0x28e39c70, 0x28e39e00, 0x29291000)
 compacting perm gen  total 12288K, used 7612K [0x32ac0000, 0x336c0000, 0x36ac0000)
   the space 12288K,  61% used [0x32ac0000, 0x3322f390, 0x3322f400, 0x336c0000)
    ro space 10240K,  45% used [0x36ac0000, 0x36f47988, 0x36f47a00, 0x374c0000)
    rw space 12288K,  54% used [0x374c0000, 0x37b4b5d8, 0x37b4b600, 0x380c0000)
}
Event: 75.853 GC heap before
{Heap before GC invocations=96 (full 1):
 def new generation   total 8640K, used 7891K [0x22ac0000, 0x23410000, 0x28010000)
  eden space 7744K, 100% used [0x22ac0000, 0x23250000, 0x23250000)
  from space 896K,  16% used [0x23250000, 0x23274d88, 0x23330000)
  to   space 896K,   0% used [0x23330000, 0x23330000, 0x23410000)
 tenured generation   total 18948K, used 14503K [0x28010000, 0x29291000, 0x32ac0000)
   the space 18948K,  76% used [0x28010000, 0x28e39c70, 0x28e39e00, 0x29291000)
 compacting perm gen  total 12288K, used 7616K [0x32ac0000, 0x336c0000, 0x36ac0000)
   the space 12288K,  61% used [0x32ac0000, 0x332303c8, 0x33230400, 0x336c0000)
    ro space 10240K,  45% used [0x36ac0000, 0x36f47988, 0x36f47a00, 0x374c0000)
    rw space 12288K,  54% used [0x374c0000, 0x37b4b5d8, 0x37b4b600, 0x380c0000)
Event: 75.857 GC heap after
Heap after GC invocations=97 (full 1):
 def new generation   total 8640K, used 404K [0x22ac0000, 0x23410000, 0x28010000)
  eden space 7744K,   0% used [0x22ac0000, 0x22ac0000, 0x23250000)
  from space 896K,  45% used [0x23330000, 0x23395080, 0x23410000)
  to   space 896K,   0% used [0x23250000, 0x23250000, 0x23330000)
 tenured generation   total 18948K, used 14503K [0x28010000, 0x29291000, 0x32ac0000)
   the space 18948K,  76% used [0x28010000, 0x28e39c70, 0x28e39e00, 0x29291000)
 compacting perm gen  total 12288K, used 7616K [0x32ac0000, 0x336c0000, 0x36ac0000)
   the space 12288K,  61% used [0x32ac0000, 0x332303c8, 0x33230400, 0x336c0000)
    ro space 10240K,  45% used [0x36ac0000, 0x36f47988, 0x36f47a00, 0x374c0000)
    rw space 12288K,  54% used [0x374c0000, 0x37b4b5d8, 0x37b4b600, 0x380c0000)
}

Deoptimization events (0 events):
No events

Internal exceptions (10 events):
Event: 77.999 Thread 0x02f4b000 Threw 0x22e9a2f8 at C:\jdk7u2_32P\jdk7u21\hotspot\src\share\vm\prims\jvm.cpp:1166
Event: 78.000 Thread 0x02f4b000 Threw 0x22e9d990 at C:\jdk7u2_32P\jdk7u21\hotspot\src\share\vm\prims\jvm.cpp:1166
Event: 78.000 Thread 0x02f4b000 Threw 0x22e9dfa0 at C:\jdk7u2_32P\jdk7u21\hotspot\src\share\vm\prims\jvm.cpp:1166
Event: 78.000 Thread 0x02f4b000 Threw 0x22ea28f0 at C:\jdk7u2_32P\jdk7u21\hotspot\src\share\vm\prims\jvm.cpp:1166
Event: 78.000 Thread 0x02f4b000 Threw 0x22ea2f00 at C:\jdk7u2_32P\jdk7u21\hotspot\src\share\vm\prims\jvm.cpp:1166
Event: 78.001 Thread 0x02f4b000 Threw 0x22ea6f20 at C:\jdk7u2_32P\jdk7u21\hotspot\src\share\vm\prims\jvm.cpp:1166
Event: 78.001 Thread 0x02f4b000 Threw 0x22ea7530 at C:\jdk7u2_32P\jdk7u21\hotspot\src\share\vm\prims\jvm.cpp:1166
Event: 78.002 Thread 0x02f4b000 Threw 0x22eaaa10 at C:\jdk7u2_32P\jdk7u21\hotspot\src\share\vm\prims\jvm.cpp:1166
Event: 78.002 Thread 0x02f4b000 Threw 0x22eab058 at C:\jdk7u2_32P\jdk7u21\hotspot\src\share\vm\prims\jvm.cpp:1166
Event: 78.014 Thread 0x02f4b000 Threw 0x22eaf838 at C:\jdk7u2_32P\jdk7u21\hotspot\src\share\vm\prims\jni.cpp:2973

Events (10 events):
Event: 78.000 loading class 0x02f4a9e0
Event: 78.000 loading class 0x02f4a9e0 done
Event: 78.001 loading class 0x02f478d0
Event: 78.001 loading class 0x02f478d0 done
Event: 78.002 loading class 0x02f4b9b0
Event: 78.002 loading class 0x02f4b9b0 done
Event: 78.002 Executing VM operation: RevokeBias
Event: 78.002 Executing VM operation: RevokeBias done
Event: 78.003 Executing VM operation: RevokeBias
Event: 78.003 Executing VM operation: RevokeBias done


Dynamic libraries:
0x00400000 - 0x0042f000 	C:\Program Files\Java\jdk1.7.0_21\bin\java.exe
0x7c900000 - 0x7c9b2000 	C:\WINDOWS\system32\ntdll.dll
0x7c800000 - 0x7c8f6000 	C:\WINDOWS\system32\kernel32.dll
0x77dd0000 - 0x77e6b000 	C:\WINDOWS\system32\ADVAPI32.dll
0x77e70000 - 0x77f03000 	C:\WINDOWS\system32\RPCRT4.dll
0x77fe0000 - 0x77ff1000 	C:\WINDOWS\system32\Secur32.dll
0x7e410000 - 0x7e4a1000 	C:\WINDOWS\system32\USER32.dll
0x77f10000 - 0x77f59000 	C:\WINDOWS\system32\GDI32.dll
0x773d0000 - 0x774d3000 	C:\WINDOWS\WinSxS\x86_Microsoft.Windows.Common-Controls_6595b64144ccf1df_6.0.2600.6028_x-ww_61e65202\COMCTL32.dll
0x77c10000 - 0x77c68000 	C:\WINDOWS\system32\msvcrt.dll
0x77f60000 - 0x77fd6000 	C:\WINDOWS\system32\SHLWAPI.dll
0x76390000 - 0x763ad000 	C:\WINDOWS\system32\IMM32.DLL
0x629c0000 - 0x629c9000 	C:\WINDOWS\system32\LPK.DLL
0x74d90000 - 0x74dfb000 	C:\WINDOWS\system32\USP10.dll
0x78aa0000 - 0x78b5e000 	C:\Program Files\Java\jdk1.7.0_21\jre\bin\msvcr100.dll
0x6e8c0000 - 0x6ec0f000 	C:\Program Files\Java\jdk1.7.0_21\jre\bin\client\jvm.dll
0x71ad0000 - 0x71ad9000 	C:\WINDOWS\system32\WSOCK32.dll
0x71ab0000 - 0x71ac7000 	C:\WINDOWS\system32\WS2_32.dll
0x71aa0000 - 0x71aa8000 	C:\WINDOWS\system32\WS2HELP.dll
0x76b40000 - 0x76b6d000 	C:\WINDOWS\system32\WINMM.dll
0x76bf0000 - 0x76bfb000 	C:\WINDOWS\system32\PSAPI.DLL
0x6e810000 - 0x6e81c000 	C:\Program Files\Java\jdk1.7.0_21\jre\bin\verify.dll
0x6d5a0000 - 0x6d5c0000 	C:\Program Files\Java\jdk1.7.0_21\jre\bin\java.dll
0x6e8a0000 - 0x6e8b3000 	C:\Program Files\Java\jdk1.7.0_21\jre\bin\zip.dll
0x6e5c0000 - 0x6e5d4000 	C:\Program Files\Java\jdk1.7.0_21\jre\bin\net.dll
0x6e5e0000 - 0x6e5ee000 	C:\Program Files\Java\jdk1.7.0_21\jre\bin\nio.dll
0x6e520000 - 0x6e52a000 	C:\Program Files\Java\jdk1.7.0_21\jre\bin\management.dll
0x10000000 - 0x1011d000 	C:\apache-tomcat-7.0.42\bin\tcnative-1.dll
0x71a50000 - 0x71a8f000 	C:\WINDOWS\system32\MSWSOCK.dll
0x68000000 - 0x68036000 	C:\WINDOWS\system32\rsaenh.dll
0x6e790000 - 0x6e7b0000 	C:\Program Files\Java\jdk1.7.0_21\jre\bin\sunec.dll
0x6e7b0000 - 0x6e7b9000 	C:\Program Files\Java\jdk1.7.0_21\jre\bin\sunmscapi.dll
0x77a80000 - 0x77b15000 	C:\WINDOWS\system32\CRYPT32.dll
0x77b20000 - 0x77b32000 	C:\WINDOWS\system32\MSASN1.dll
0x662b0000 - 0x66308000 	C:\WINDOWS\system32\hnetcfg.dll
0x71a90000 - 0x71a98000 	C:\WINDOWS\System32\wshtcpip.dll
0x769c0000 - 0x76a74000 	C:\WINDOWS\system32\USERENV.dll
0x5b860000 - 0x5b8b6000 	C:\WINDOWS\system32\netapi32.dll
0x76f20000 - 0x76f47000 	C:\WINDOWS\system32\DNSAPI.dll
0x76d60000 - 0x76d79000 	C:\WINDOWS\system32\iphlpapi.dll
0x76fb0000 - 0x76fb8000 	C:\WINDOWS\System32\winrnr.dll
0x76f60000 - 0x76f8c000 	C:\WINDOWS\system32\WLDAP32.dll
0x76fc0000 - 0x76fc6000 	C:\WINDOWS\system32\rasadhlp.dll
0x6e680000 - 0x6e68d000 	C:\Program Files\Java\jdk1.7.0_21\jre\bin\prism-d3d.dll
0x4fdd0000 - 0x4ff76000 	C:\WINDOWS\system32\d3d9.dll
0x6d990000 - 0x6d996000 	C:\WINDOWS\system32\d3d8thk.dll
0x77c00000 - 0x77c08000 	C:\WINDOWS\system32\VERSION.dll
0x59a60000 - 0x59b01000 	C:\WINDOWS\system32\dbghelp.dll

VM Arguments:
jvm_args: -Djava.util.logging.config.file=C:\apache-tomcat-7.0.42\conf\logging.properties -Djava.util.logging.manager=org.apache.juli.ClassLoaderLogManager -Djava.endorsed.dirs=C:\apache-tomcat-7.0.42\endorsed -Dcatalina.base=C:\apache-tomcat-7.0.42 -Dcatalina.home=C:\apache-tomcat-7.0.42 -Djava.io.tmpdir=C:\apache-tomcat-7.0.42\temp 
java_command: org.apache.catalina.startup.Bootstrap start
Launcher Type: SUN_STANDARD

Environment Variables:
JAVA_HOME=C:\Program Files\Java\jdk1.7.0_21
JRE_HOME=C:\Program Files\Java\jdk1.7.0_21
CLASSPATH=C:\apache-tomcat-7.0.42\bin\bootstrap.jar;C:\apache-tomcat-7.0.42\bin\tomcat-juli.jar
PATH=C:\WINDOWS\system32;C:\WINDOWS;C:\WINDOWS\System32\Wbem;C:\Program Files\TortoiseSVN\bin;C:\Program Files\Microsoft SQL Server\90\Tools\binn\;C:\Program Files\MiKTeX 2.9\miktex\bin\;C:\strawberry\c\bin;C:\strawberry\perl\site\bin;C:\strawberry\perl\bin;C:\AppServ\Apache2.2\bin;C:\AppServ\php5;C:\AppServ\MySQL\bin
USERNAME=BNK
OS=Windows_NT
PROCESSOR_IDENTIFIER=x86 Family 6 Model 23 Stepping 10, GenuineIntel



---------------  S Y S T E M  ---------------

OS: Windows XP Build 2600 Service Pack 3

CPU:total 1 (1 cores per cpu, 1 threads per core) family 6 model 23 stepping 10, cmov, cx8, fxsr, mmx, sse, sse2, sse3, ssse3, sse4.1, tsc

Memory: 4k page, physical 3073768k(1439092k free), swap 4999892k(3492732k free)

vm_info: Java HotSpot(TM) Client VM (23.21-b01) for windows-x86 JRE (1.7.0_21-b11), built on Apr  4 2013 04:43:10 by "java_re" with unknown MS VC++:1600

time: Tue Oct 08 10:56:23 2013
elapsed time: 78 seconds

