2557.01.15 15:50:30.500 ICT INFO: *** SYSTEM START ***
2557.01.15 15:50:33.390 ICT WARNING: [Local Folder Repository] The specified file must be a directory. (C:\apache-tomcat-7.0.42\bin\plugins\edu.stanford.smi.protegex.owl) -- LocalFolderRepository.update()
2557.01.15 15:50:33.437 ICT INFO: Loading triples for: null -- ProtegeOWLParser.loadTriples()
2557.01.15 15:50:33.484 ICT INFO:     Completed triple loading after 0 ms -- ProtegeOWLParser.loadTriples()
2557.01.15 15:50:33.515 ICT INFO: Importing file:/C:/sidi/ii-rules1-6.owl from location: file:/C:/sidi/ii-rules1-6.owl [actual ontology at this location: http://202.28.94.50/ontologies/ii-rules.owl] -- AbstractOWLModel.loadImportedAssertions()
2557.01.15 15:50:33.515 ICT INFO: Loading triples for: file:/C:/sidi/ii-rules1-6.owl -- ProtegeOWLParser.loadTriples()
2557.01.15 15:50:34.234 ICT INFO:     Completed triple loading after 703 ms -- ProtegeOWLParser.loadTriples()
2557.01.15 15:50:34.234 ICT INFO: Importing file:/D:/ontology/map1-6.owl from location: file:/D:/ontology/map1-6.owl [actual ontology at this location: http://202.28.94.50/ontologies/map1.owl] -- AbstractOWLModel.loadImportedAssertions()
2557.01.15 15:50:34.281 ICT INFO: Loading triples for: file:/D:/ontology/map1-6.owl -- ProtegeOWLParser.loadTriples()
2557.01.15 15:50:34.312 ICT INFO:     Completed triple loading after 31 ms -- ProtegeOWLParser.loadTriples()
2557.01.15 15:50:34.328 ICT INFO: Importing http://localhost/dbservice/case1/ontology/rawae.owl from location: http://localhost/dbservice/case1/ontology/rawae.owl -- AbstractOWLModel.loadImportedAssertions()
2557.01.15 15:50:34.343 ICT INFO: Loading triples for: http://localhost/dbservice/case1/ontology/rawae.owl -- ProtegeOWLParser.loadTriples()
2557.01.15 15:50:34.406 ICT INFO:     Completed triple loading after 63 ms -- ProtegeOWLParser.loadTriples()
2557.01.15 15:50:34.421 ICT INFO: Importing http://localhost/dbservice2/case4/ontology/MatrixHOS.owl from location: http://localhost/dbservice2/case4/ontology/MatrixHOS.owl -- AbstractOWLModel.loadImportedAssertions()
2557.01.15 15:50:34.437 ICT INFO: Loading triples for: http://localhost/dbservice2/case4/ontology/MatrixHOS.owl -- ProtegeOWLParser.loadTriples()
2557.01.15 15:50:34.468 ICT INFO:     Completed triple loading after 31 ms -- ProtegeOWLParser.loadTriples()
2557.01.15 15:50:34.484 ICT INFO: Importing http://localhost/dbservice2/case2/ontology/MatrixHOS.owl from location: http://localhost/dbservice2/case2/ontology/MatrixHOS.owl -- AbstractOWLModel.loadImportedAssertions()
2557.01.15 15:50:34.500 ICT INFO: Loading triples for: http://localhost/dbservice2/case2/ontology/MatrixHOS.owl -- ProtegeOWLParser.loadTriples()
2557.01.15 15:50:34.546 ICT INFO:     Completed triple loading after 31 ms -- ProtegeOWLParser.loadTriples()
2557.01.15 15:50:34.546 ICT INFO: Importing file:/D:/ontology/bridges.owl from location: file:/D:/ontology/bridges.owl [actual ontology at this location: http://202.28.94.50/ontologies/bridges.owl] -- AbstractOWLModel.loadImportedAssertions()
2557.01.15 15:50:34.562 ICT INFO: Loading triples for: file:/D:/ontology/bridges.owl -- ProtegeOWLParser.loadTriples()
2557.01.15 15:50:34.562 ICT INFO:     Completed triple loading after 0 ms -- ProtegeOWLParser.loadTriples()
2557.01.15 15:50:34.578 ICT INFO: Importing http://localhost/dbservice2/case1/ontology/MatrixHOS.owl from location: http://localhost/dbservice2/case1/ontology/MatrixHOS.owl -- AbstractOWLModel.loadImportedAssertions()
2557.01.15 15:50:34.593 ICT INFO: Loading triples for: http://localhost/dbservice2/case1/ontology/MatrixHOS.owl -- ProtegeOWLParser.loadTriples()
2557.01.15 15:50:34.625 ICT INFO:     Completed triple loading after 32 ms -- ProtegeOWLParser.loadTriples()
2557.01.15 15:50:34.625 ICT INFO: Importing file:/D:/ontology/healthcare/hl7.owl from location: file:/D:/ontology/healthcare/hl7.owl [actual ontology at this location: http://202.28.94.50/ontologies/healthcare/hl7.owl#] -- AbstractOWLModel.loadImportedAssertions()
2557.01.15 15:50:34.640 ICT INFO: Loading triples for: file:/D:/ontology/healthcare/hl7.owl -- ProtegeOWLParser.loadTriples()
2557.01.15 15:50:34.828 ICT INFO:     Completed triple loading after 188 ms -- ProtegeOWLParser.loadTriples()
2557.01.15 15:50:34.859 ICT INFO: Importing http://localhost/dbservice/case2/ontology/rawae.owl from location: http://localhost/dbservice/case2/ontology/rawae.owl -- AbstractOWLModel.loadImportedAssertions()
2557.01.15 15:50:34.875 ICT INFO: Loading triples for: http://localhost/dbservice/case2/ontology/rawae.owl -- ProtegeOWLParser.loadTriples()
2557.01.15 15:50:34.921 ICT INFO:     Completed triple loading after 46 ms -- ProtegeOWLParser.loadTriples()
2557.01.15 15:50:34.937 ICT INFO: Importing http://localhost/dbservice2/case3/ontology/MatrixHOS.owl from location: http://localhost/dbservice2/case3/ontology/MatrixHOS.owl -- AbstractOWLModel.loadImportedAssertions()
2557.01.15 15:50:34.953 ICT INFO: Loading triples for: http://localhost/dbservice2/case3/ontology/MatrixHOS.owl -- ProtegeOWLParser.loadTriples()
2557.01.15 15:50:34.984 ICT INFO:     Completed triple loading after 15 ms -- ProtegeOWLParser.loadTriples()
2557.01.15 15:50:34.984 ICT INFO: Postprocess: Process entities with incorrect Java type (2 entities) ...  -- TriplePostProcessor.processFramesWithWrongJavaType()
2557.01.15 15:50:34.984 ICT INFO: 0 ms
 -- TriplePostProcessor.processFramesWithWrongJavaType()
2557.01.15 15:50:34.984 ICT INFO: Postprocess: Process metaclasses (3 metaclasses) ...  -- TriplePostProcessor.processMetaclasses()
2557.01.15 15:50:34.984 ICT INFO: 0 ms
 -- TriplePostProcessor.processMetaclasses()
2557.01.15 15:50:34.984 ICT INFO: Postprocess: Process subclasses of rdf:List (1 classes) ...  -- TriplePostProcessor.processSubclassesOfRdfList()
2557.01.15 15:50:34.984 ICT INFO: 0 ms
 -- TriplePostProcessor.processSubclassesOfRdfList()
2557.01.15 15:50:34.984 ICT INFO: Postprocess: Instances with multiple types (130 instances) ...  -- TriplePostProcessor.processInstancesWithMultipleTypes()
2557.01.15 15:50:35.000 ICT INFO: 16 ms
 -- TriplePostProcessor.processInstancesWithMultipleTypes()
2557.01.15 15:50:35.000 ICT INFO: Postprocess: Add inferred superclasses ...  -- TriplePostProcessor.processInferredSuperclasses()
2557.01.15 15:50:35.000 ICT INFO: 0 ms
 -- TriplePostProcessor.processInferredSuperclasses()
2557.01.15 15:50:35.015 ICT INFO: Postprocess: Process orphan classes (109 classes) ...  -- TriplePostProcessor.processOrphanClses()
2557.01.15 15:50:35.015 ICT INFO: 0 ms
 -- TriplePostProcessor.processOrphanClses()
2557.01.15 15:50:35.015 ICT INFO: Postprocess: Generalized Concept Inclusion (0 axioms) ...  -- TriplePostProcessor.processGeneralizedConceptInclusions()
2557.01.15 15:50:35.015 ICT INFO: 0 ms
 -- TriplePostProcessor.processGeneralizedConceptInclusions()
2557.01.15 15:50:35.015 ICT INFO: Postprocess: Abstract classes...  -- TriplePostProcessor.processAbstractClasses()
2557.01.15 15:50:35.015 ICT INFO: 0 ms
 -- TriplePostProcessor.processAbstractClasses()
2557.01.15 15:50:35.031 ICT INFO: Postprocess: Domain and range of properties...  -- TriplePostProcessor.processDomainAndRange()
2557.01.15 15:50:35.203 ICT INFO: 172 ms
 -- TriplePostProcessor.processDomainAndRange()
2557.01.15 15:50:35.203 ICT INFO: Postprocess: Possibly typed entities (4 resources) ...  -- TriplePostProcessor.processPossiblyTypedResources()
2557.01.15 15:50:35.203 ICT INFO: 0 ms
 -- TriplePostProcessor.processPossiblyTypedResources()
2557.01.15 15:50:35.203 ICT INFO: Updating underlying frames model in 0 ms -- ProtegeOWLParser.doFinalPostProcessing()
2557.01.15 15:50:35.453 ICT INFO: Rule engine 'SWRLJessBridge' registered with the SWRLTab bridge. -- BridgeFactory.registerBridge()
2557.01.15 15:50:40.000 ICT WARNING: [Local Folder Repository] The specified file must be a directory. (C:\apache-tomcat-7.0.42\bin\plugins\edu.stanford.smi.protegex.owl) -- LocalFolderRepository.update()
2557.01.15 15:50:40.015 ICT INFO: Loading triples for: null -- ProtegeOWLParser.loadTriples()
2557.01.15 15:50:40.015 ICT INFO:     Completed triple loading after 0 ms -- ProtegeOWLParser.loadTriples()
2557.01.15 15:50:40.015 ICT INFO: Importing file:/C:/sidi/ii-rules1-6.owl from location: file:/C:/sidi/ii-rules1-6.owl [actual ontology at this location: http://202.28.94.50/ontologies/ii-rules.owl] -- AbstractOWLModel.loadImportedAssertions()
2557.01.15 15:50:40.031 ICT INFO: Loading triples for: file:/C:/sidi/ii-rules1-6.owl -- ProtegeOWLParser.loadTriples()
2557.01.15 15:50:40.390 ICT INFO:     Completed triple loading after 359 ms -- ProtegeOWLParser.loadTriples()
2557.01.15 15:50:40.437 ICT INFO: Importing file:/D:/ontology/map1-6.owl from location: file:/D:/ontology/map1-6.owl [actual ontology at this location: http://202.28.94.50/ontologies/map1.owl] -- AbstractOWLModel.loadImportedAssertions()
2557.01.15 15:50:40.453 ICT INFO: Loading triples for: file:/D:/ontology/map1-6.owl -- ProtegeOWLParser.loadTriples()
2557.01.15 15:50:40.468 ICT INFO:     Completed triple loading after 15 ms -- ProtegeOWLParser.loadTriples()
2557.01.15 15:50:40.515 ICT INFO: Importing http://localhost/dbservice/case1/ontology/rawae.owl from location: http://localhost/dbservice/case1/ontology/rawae.owl -- AbstractOWLModel.loadImportedAssertions()
2557.01.15 15:50:40.765 ICT INFO: Loading triples for: http://localhost/dbservice/case1/ontology/rawae.owl -- ProtegeOWLParser.loadTriples()
2557.01.15 15:50:40.828 ICT INFO:     Completed triple loading after 47 ms -- ProtegeOWLParser.loadTriples()
2557.01.15 15:50:40.859 ICT INFO: Importing http://localhost/dbservice2/case4/ontology/MatrixHOS.owl from location: http://localhost/dbservice2/case4/ontology/MatrixHOS.owl -- AbstractOWLModel.loadImportedAssertions()
2557.01.15 15:50:40.859 ICT INFO: Loading triples for: http://localhost/dbservice2/case4/ontology/MatrixHOS.owl -- ProtegeOWLParser.loadTriples()
2557.01.15 15:50:40.890 ICT INFO:     Completed triple loading after 31 ms -- ProtegeOWLParser.loadTriples()
2557.01.15 15:50:40.906 ICT INFO: Importing http://localhost/dbservice2/case2/ontology/MatrixHOS.owl from location: http://localhost/dbservice2/case2/ontology/MatrixHOS.owl -- AbstractOWLModel.loadImportedAssertions()
2557.01.15 15:50:40.921 ICT INFO: Loading triples for: http://localhost/dbservice2/case2/ontology/MatrixHOS.owl -- ProtegeOWLParser.loadTriples()
2557.01.15 15:50:40.937 ICT INFO:     Completed triple loading after 16 ms -- ProtegeOWLParser.loadTriples()
2557.01.15 15:50:40.937 ICT INFO: Importing file:/D:/ontology/bridges.owl from location: file:/D:/ontology/bridges.owl [actual ontology at this location: http://202.28.94.50/ontologies/bridges.owl] -- AbstractOWLModel.loadImportedAssertions()
2557.01.15 15:50:40.953 ICT INFO: Loading triples for: file:/D:/ontology/bridges.owl -- ProtegeOWLParser.loadTriples()
2557.01.15 15:50:40.968 ICT INFO:     Completed triple loading after 15 ms -- ProtegeOWLParser.loadTriples()
2557.01.15 15:50:40.984 ICT INFO: Importing http://localhost/dbservice2/case1/ontology/MatrixHOS.owl from location: http://localhost/dbservice2/case1/ontology/MatrixHOS.owl -- AbstractOWLModel.loadImportedAssertions()
2557.01.15 15:50:41.000 ICT INFO: Loading triples for: http://localhost/dbservice2/case1/ontology/MatrixHOS.owl -- ProtegeOWLParser.loadTriples()
2557.01.15 15:50:41.015 ICT INFO:     Completed triple loading after 15 ms -- ProtegeOWLParser.loadTriples()
2557.01.15 15:50:41.015 ICT INFO: Importing file:/D:/ontology/healthcare/hl7.owl from location: file:/D:/ontology/healthcare/hl7.owl [actual ontology at this location: http://202.28.94.50/ontologies/healthcare/hl7.owl#] -- AbstractOWLModel.loadImportedAssertions()
2557.01.15 15:50:41.031 ICT INFO: Loading triples for: file:/D:/ontology/healthcare/hl7.owl -- ProtegeOWLParser.loadTriples()
2557.01.15 15:50:41.281 ICT INFO:     Completed triple loading after 250 ms -- ProtegeOWLParser.loadTriples()
2557.01.15 15:50:41.406 ICT INFO: Importing http://localhost/dbservice/case2/ontology/rawae.owl from location: http://localhost/dbservice/case2/ontology/rawae.owl -- AbstractOWLModel.loadImportedAssertions()
2557.01.15 15:50:41.421 ICT INFO: Loading triples for: http://localhost/dbservice/case2/ontology/rawae.owl -- ProtegeOWLParser.loadTriples()
2557.01.15 15:50:41.453 ICT INFO:     Completed triple loading after 32 ms -- ProtegeOWLParser.loadTriples()
2557.01.15 15:50:41.484 ICT INFO: Importing http://localhost/dbservice2/case3/ontology/MatrixHOS.owl from location: http://localhost/dbservice2/case3/ontology/MatrixHOS.owl -- AbstractOWLModel.loadImportedAssertions()
2557.01.15 15:50:41.500 ICT INFO: Loading triples for: http://localhost/dbservice2/case3/ontology/MatrixHOS.owl -- ProtegeOWLParser.loadTriples()
2557.01.15 15:50:41.515 ICT INFO:     Completed triple loading after 15 ms -- ProtegeOWLParser.loadTriples()
2557.01.15 15:50:41.515 ICT INFO: Postprocess: Process entities with incorrect Java type (2 entities) ...  -- TriplePostProcessor.processFramesWithWrongJavaType()
2557.01.15 15:50:41.515 ICT INFO: 0 ms
 -- TriplePostProcessor.processFramesWithWrongJavaType()
2557.01.15 15:50:41.531 ICT INFO: Postprocess: Process metaclasses (3 metaclasses) ...  -- TriplePostProcessor.processMetaclasses()
2557.01.15 15:50:41.531 ICT INFO: 0 ms
 -- TriplePostProcessor.processMetaclasses()
2557.01.15 15:50:41.531 ICT INFO: Postprocess: Process subclasses of rdf:List (1 classes) ...  -- TriplePostProcessor.processSubclassesOfRdfList()
2557.01.15 15:50:41.531 ICT INFO: 0 ms
 -- TriplePostProcessor.processSubclassesOfRdfList()
2557.01.15 15:50:41.531 ICT INFO: Postprocess: Instances with multiple types (130 instances) ...  -- TriplePostProcessor.processInstancesWithMultipleTypes()
2557.01.15 15:50:41.546 ICT INFO: 15 ms
 -- TriplePostProcessor.processInstancesWithMultipleTypes()
2557.01.15 15:50:41.546 ICT INFO: Postprocess: Add inferred superclasses ...  -- TriplePostProcessor.processInferredSuperclasses()
2557.01.15 15:50:41.546 ICT INFO: 0 ms
 -- TriplePostProcessor.processInferredSuperclasses()
2557.01.15 15:50:41.546 ICT INFO: Postprocess: Process orphan classes (109 classes) ...  -- TriplePostProcessor.processOrphanClses()
2557.01.15 15:50:41.656 ICT INFO: 0 ms
 -- TriplePostProcessor.processOrphanClses()
2557.01.15 15:50:41.656 ICT INFO: Postprocess: Generalized Concept Inclusion (0 axioms) ...  -- TriplePostProcessor.processGeneralizedConceptInclusions()
2557.01.15 15:50:41.656 ICT INFO: 0 ms
 -- TriplePostProcessor.processGeneralizedConceptInclusions()
2557.01.15 15:50:41.671 ICT INFO: Postprocess: Abstract classes...  -- TriplePostProcessor.processAbstractClasses()
2557.01.15 15:50:41.671 ICT INFO: 0 ms
 -- TriplePostProcessor.processAbstractClasses()
2557.01.15 15:50:41.671 ICT INFO: Postprocess: Domain and range of properties...  -- TriplePostProcessor.processDomainAndRange()
2557.01.15 15:50:41.765 ICT INFO: 94 ms
 -- TriplePostProcessor.processDomainAndRange()
2557.01.15 15:50:41.765 ICT INFO: Postprocess: Possibly typed entities (4 resources) ...  -- TriplePostProcessor.processPossiblyTypedResources()
2557.01.15 15:50:41.765 ICT INFO: 0 ms
 -- TriplePostProcessor.processPossiblyTypedResources()
2557.01.15 15:50:41.765 ICT INFO: Updating underlying frames model in 0 ms -- ProtegeOWLParser.doFinalPostProcessing()
2557.01.15 15:50:43.890 ICT WARNING: [Local Folder Repository] The specified file must be a directory. (C:\apache-tomcat-7.0.42\bin\plugins\edu.stanford.smi.protegex.owl) -- LocalFolderRepository.update()
2557.01.15 15:50:43.890 ICT INFO: Loading triples for: null -- ProtegeOWLParser.loadTriples()
2557.01.15 15:50:43.890 ICT INFO:     Completed triple loading after 0 ms -- ProtegeOWLParser.loadTriples()
2557.01.15 15:50:43.890 ICT INFO: Importing file:/C:/sidi/ii-rules1-6.owl from location: file:/C:/sidi/ii-rules1-6.owl [actual ontology at this location: http://202.28.94.50/ontologies/ii-rules.owl] -- AbstractOWLModel.loadImportedAssertions()
2557.01.15 15:50:43.906 ICT INFO: Loading triples for: file:/C:/sidi/ii-rules1-6.owl -- ProtegeOWLParser.loadTriples()
2557.01.15 15:50:44.250 ICT INFO:     Completed triple loading after 344 ms -- ProtegeOWLParser.loadTriples()
2557.01.15 15:50:44.250 ICT INFO: Importing file:/D:/ontology/map1-6.owl from location: file:/D:/ontology/map1-6.owl [actual ontology at this location: http://202.28.94.50/ontologies/map1.owl] -- AbstractOWLModel.loadImportedAssertions()
2557.01.15 15:50:44.281 ICT INFO: Loading triples for: file:/D:/ontology/map1-6.owl -- ProtegeOWLParser.loadTriples()
2557.01.15 15:50:44.562 ICT INFO:     Completed triple loading after 31 ms -- ProtegeOWLParser.loadTriples()
2557.01.15 15:50:44.578 ICT INFO: Importing http://localhost/dbservice/case1/ontology/rawae.owl from location: http://localhost/dbservice/case1/ontology/rawae.owl -- AbstractOWLModel.loadImportedAssertions()
2557.01.15 15:50:44.593 ICT INFO: Loading triples for: http://localhost/dbservice/case1/ontology/rawae.owl -- ProtegeOWLParser.loadTriples()
2557.01.15 15:50:44.796 ICT INFO:     Completed triple loading after 203 ms -- ProtegeOWLParser.loadTriples()
2557.01.15 15:50:44.843 ICT INFO: Importing http://localhost/dbservice2/case4/ontology/MatrixHOS.owl from location: http://localhost/dbservice2/case4/ontology/MatrixHOS.owl -- AbstractOWLModel.loadImportedAssertions()
2557.01.15 15:50:44.843 ICT INFO: Loading triples for: http://localhost/dbservice2/case4/ontology/MatrixHOS.owl -- ProtegeOWLParser.loadTriples()
2557.01.15 15:50:44.906 ICT INFO:     Completed triple loading after 63 ms -- ProtegeOWLParser.loadTriples()
2557.01.15 15:50:44.921 ICT INFO: Importing http://localhost/dbservice2/case2/ontology/MatrixHOS.owl from location: http://localhost/dbservice2/case2/ontology/MatrixHOS.owl -- AbstractOWLModel.loadImportedAssertions()
2557.01.15 15:50:44.937 ICT INFO: Loading triples for: http://localhost/dbservice2/case2/ontology/MatrixHOS.owl -- ProtegeOWLParser.loadTriples()
2557.01.15 15:50:44.953 ICT INFO:     Completed triple loading after 16 ms -- ProtegeOWLParser.loadTriples()
2557.01.15 15:50:44.968 ICT INFO: Importing file:/D:/ontology/bridges.owl from location: file:/D:/ontology/bridges.owl [actual ontology at this location: http://202.28.94.50/ontologies/bridges.owl] -- AbstractOWLModel.loadImportedAssertions()
2557.01.15 15:50:44.968 ICT INFO: Loading triples for: file:/D:/ontology/bridges.owl -- ProtegeOWLParser.loadTriples()
2557.01.15 15:50:45.015 ICT INFO:     Completed triple loading after 47 ms -- ProtegeOWLParser.loadTriples()
2557.01.15 15:50:45.031 ICT INFO: Importing http://localhost/dbservice2/case1/ontology/MatrixHOS.owl from location: http://localhost/dbservice2/case1/ontology/MatrixHOS.owl -- AbstractOWLModel.loadImportedAssertions()
2557.01.15 15:50:45.046 ICT INFO: Loading triples for: http://localhost/dbservice2/case1/ontology/MatrixHOS.owl -- ProtegeOWLParser.loadTriples()
2557.01.15 15:50:45.062 ICT INFO:     Completed triple loading after 16 ms -- ProtegeOWLParser.loadTriples()
2557.01.15 15:50:45.062 ICT INFO: Importing file:/D:/ontology/healthcare/hl7.owl from location: file:/D:/ontology/healthcare/hl7.owl [actual ontology at this location: http://202.28.94.50/ontologies/healthcare/hl7.owl#] -- AbstractOWLModel.loadImportedAssertions()
2557.01.15 15:50:45.078 ICT INFO: Loading triples for: file:/D:/ontology/healthcare/hl7.owl -- ProtegeOWLParser.loadTriples()
2557.01.15 15:50:45.187 ICT INFO:     Completed triple loading after 109 ms -- ProtegeOWLParser.loadTriples()
2557.01.15 15:50:45.203 ICT INFO: Importing http://localhost/dbservice/case2/ontology/rawae.owl from location: http://localhost/dbservice/case2/ontology/rawae.owl -- AbstractOWLModel.loadImportedAssertions()
2557.01.15 15:50:45.250 ICT INFO: Loading triples for: http://localhost/dbservice/case2/ontology/rawae.owl -- ProtegeOWLParser.loadTriples()
2557.01.15 15:50:45.328 ICT INFO:     Completed triple loading after 78 ms -- ProtegeOWLParser.loadTriples()
2557.01.15 15:50:45.390 ICT INFO: Importing http://localhost/dbservice2/case3/ontology/MatrixHOS.owl from location: http://localhost/dbservice2/case3/ontology/MatrixHOS.owl -- AbstractOWLModel.loadImportedAssertions()
2557.01.15 15:50:45.390 ICT INFO: Loading triples for: http://localhost/dbservice2/case3/ontology/MatrixHOS.owl -- ProtegeOWLParser.loadTriples()
2557.01.15 15:50:45.453 ICT INFO:     Completed triple loading after 63 ms -- ProtegeOWLParser.loadTriples()
2557.01.15 15:50:45.453 ICT INFO: Postprocess: Process entities with incorrect Java type (2 entities) ...  -- TriplePostProcessor.processFramesWithWrongJavaType()
2557.01.15 15:50:45.453 ICT INFO: 0 ms
 -- TriplePostProcessor.processFramesWithWrongJavaType()
2557.01.15 15:50:45.453 ICT INFO: Postprocess: Process metaclasses (3 metaclasses) ...  -- TriplePostProcessor.processMetaclasses()
2557.01.15 15:50:45.453 ICT INFO: 0 ms
 -- TriplePostProcessor.processMetaclasses()
2557.01.15 15:50:45.453 ICT INFO: Postprocess: Process subclasses of rdf:List (1 classes) ...  -- TriplePostProcessor.processSubclassesOfRdfList()
2557.01.15 15:50:45.453 ICT INFO: 0 ms
 -- TriplePostProcessor.processSubclassesOfRdfList()
2557.01.15 15:50:45.453 ICT INFO: Postprocess: Instances with multiple types (130 instances) ...  -- TriplePostProcessor.processInstancesWithMultipleTypes()
2557.01.15 15:50:45.468 ICT INFO: 15 ms
 -- TriplePostProcessor.processInstancesWithMultipleTypes()
2557.01.15 15:50:45.468 ICT INFO: Postprocess: Add inferred superclasses ...  -- TriplePostProcessor.processInferredSuperclasses()
2557.01.15 15:50:45.468 ICT INFO: 0 ms
 -- TriplePostProcessor.processInferredSuperclasses()
2557.01.15 15:50:45.468 ICT INFO: Postprocess: Process orphan classes (109 classes) ...  -- TriplePostProcessor.processOrphanClses()
2557.01.15 15:50:45.468 ICT INFO: 0 ms
 -- TriplePostProcessor.processOrphanClses()
2557.01.15 15:50:45.500 ICT INFO: Postprocess: Generalized Concept Inclusion (0 axioms) ...  -- TriplePostProcessor.processGeneralizedConceptInclusions()
2557.01.15 15:50:45.500 ICT INFO: 0 ms
 -- TriplePostProcessor.processGeneralizedConceptInclusions()
2557.01.15 15:50:45.500 ICT INFO: Postprocess: Abstract classes...  -- TriplePostProcessor.processAbstractClasses()
2557.01.15 15:50:45.500 ICT INFO: 0 ms
 -- TriplePostProcessor.processAbstractClasses()
2557.01.15 15:50:45.500 ICT INFO: Postprocess: Domain and range of properties...  -- TriplePostProcessor.processDomainAndRange()
2557.01.15 15:50:45.578 ICT INFO: 78 ms
 -- TriplePostProcessor.processDomainAndRange()
2557.01.15 15:50:45.609 ICT INFO: Postprocess: Possibly typed entities (4 resources) ...  -- TriplePostProcessor.processPossiblyTypedResources()
2557.01.15 15:50:45.609 ICT INFO: 0 ms
 -- TriplePostProcessor.processPossiblyTypedResources()
2557.01.15 15:50:45.609 ICT INFO: Updating underlying frames model in 0 ms -- ProtegeOWLParser.doFinalPostProcessing()
2557.01.15 15:50:47.109 ICT WARNING: [Local Folder Repository] The specified file must be a directory. (C:\apache-tomcat-7.0.42\bin\plugins\edu.stanford.smi.protegex.owl) -- LocalFolderRepository.update()
2557.01.15 15:50:47.109 ICT INFO: Loading triples for: null -- ProtegeOWLParser.loadTriples()
2557.01.15 15:50:47.109 ICT INFO:     Completed triple loading after 0 ms -- ProtegeOWLParser.loadTriples()
2557.01.15 15:50:47.125 ICT INFO: Importing file:/C:/sidi/ii-rules1-6.owl from location: file:/C:/sidi/ii-rules1-6.owl [actual ontology at this location: http://202.28.94.50/ontologies/ii-rules.owl] -- AbstractOWLModel.loadImportedAssertions()
2557.01.15 15:50:47.125 ICT INFO: Loading triples for: file:/C:/sidi/ii-rules1-6.owl -- ProtegeOWLParser.loadTriples()
2557.01.15 15:50:47.421 ICT INFO:     Completed triple loading after 296 ms -- ProtegeOWLParser.loadTriples()
2557.01.15 15:50:47.421 ICT INFO: Importing file:/D:/ontology/map1-6.owl from location: file:/D:/ontology/map1-6.owl [actual ontology at this location: http://202.28.94.50/ontologies/map1.owl] -- AbstractOWLModel.loadImportedAssertions()
2557.01.15 15:50:47.437 ICT INFO: Loading triples for: file:/D:/ontology/map1-6.owl -- ProtegeOWLParser.loadTriples()
2557.01.15 15:50:47.453 ICT INFO:     Completed triple loading after 16 ms -- ProtegeOWLParser.loadTriples()
2557.01.15 15:50:47.484 ICT INFO: Importing http://localhost/dbservice/case1/ontology/rawae.owl from location: http://localhost/dbservice/case1/ontology/rawae.owl -- AbstractOWLModel.loadImportedAssertions()
2557.01.15 15:50:47.484 ICT INFO: Loading triples for: http://localhost/dbservice/case1/ontology/rawae.owl -- ProtegeOWLParser.loadTriples()
2557.01.15 15:50:47.515 ICT INFO:     Completed triple loading after 31 ms -- ProtegeOWLParser.loadTriples()
2557.01.15 15:50:47.562 ICT INFO: Importing http://localhost/dbservice2/case4/ontology/MatrixHOS.owl from location: http://localhost/dbservice2/case4/ontology/MatrixHOS.owl -- AbstractOWLModel.loadImportedAssertions()
2557.01.15 15:50:47.562 ICT INFO: Loading triples for: http://localhost/dbservice2/case4/ontology/MatrixHOS.owl -- ProtegeOWLParser.loadTriples()
2557.01.15 15:50:47.593 ICT INFO:     Completed triple loading after 31 ms -- ProtegeOWLParser.loadTriples()
2557.01.15 15:50:47.609 ICT INFO: Importing http://localhost/dbservice2/case2/ontology/MatrixHOS.owl from location: http://localhost/dbservice2/case2/ontology/MatrixHOS.owl -- AbstractOWLModel.loadImportedAssertions()
2557.01.15 15:50:47.625 ICT INFO: Loading triples for: http://localhost/dbservice2/case2/ontology/MatrixHOS.owl -- ProtegeOWLParser.loadTriples()
2557.01.15 15:50:47.640 ICT INFO:     Completed triple loading after 15 ms -- ProtegeOWLParser.loadTriples()
2557.01.15 15:50:47.640 ICT INFO: Importing file:/D:/ontology/bridges.owl from location: file:/D:/ontology/bridges.owl [actual ontology at this location: http://202.28.94.50/ontologies/bridges.owl] -- AbstractOWLModel.loadImportedAssertions()
2557.01.15 15:50:47.656 ICT INFO: Loading triples for: file:/D:/ontology/bridges.owl -- ProtegeOWLParser.loadTriples()
2557.01.15 15:50:47.656 ICT INFO:     Completed triple loading after 0 ms -- ProtegeOWLParser.loadTriples()
2557.01.15 15:50:47.671 ICT INFO: Importing http://localhost/dbservice2/case1/ontology/MatrixHOS.owl from location: http://localhost/dbservice2/case1/ontology/MatrixHOS.owl -- AbstractOWLModel.loadImportedAssertions()
2557.01.15 15:50:47.687 ICT INFO: Loading triples for: http://localhost/dbservice2/case1/ontology/MatrixHOS.owl -- ProtegeOWLParser.loadTriples()
2557.01.15 15:50:47.703 ICT INFO:     Completed triple loading after 16 ms -- ProtegeOWLParser.loadTriples()
2557.01.15 15:50:47.718 ICT INFO: Importing file:/D:/ontology/healthcare/hl7.owl from location: file:/D:/ontology/healthcare/hl7.owl [actual ontology at this location: http://202.28.94.50/ontologies/healthcare/hl7.owl#] -- AbstractOWLModel.loadImportedAssertions()
2557.01.15 15:50:47.718 ICT INFO: Loading triples for: file:/D:/ontology/healthcare/hl7.owl -- ProtegeOWLParser.loadTriples()
2557.01.15 15:50:47.765 ICT INFO:     Completed triple loading after 47 ms -- ProtegeOWLParser.loadTriples()
2557.01.15 15:50:47.796 ICT INFO: Importing http://localhost/dbservice/case2/ontology/rawae.owl from location: http://localhost/dbservice/case2/ontology/rawae.owl -- AbstractOWLModel.loadImportedAssertions()
2557.01.15 15:50:47.843 ICT INFO: Loading triples for: http://localhost/dbservice/case2/ontology/rawae.owl -- ProtegeOWLParser.loadTriples()
2557.01.15 15:50:47.875 ICT INFO:     Completed triple loading after 32 ms -- ProtegeOWLParser.loadTriples()
2557.01.15 15:50:47.890 ICT INFO: Importing http://localhost/dbservice2/case3/ontology/MatrixHOS.owl from location: http://localhost/dbservice2/case3/ontology/MatrixHOS.owl -- AbstractOWLModel.loadImportedAssertions()
2557.01.15 15:50:47.906 ICT INFO: Loading triples for: http://localhost/dbservice2/case3/ontology/MatrixHOS.owl -- ProtegeOWLParser.loadTriples()
2557.01.15 15:50:47.921 ICT INFO:     Completed triple loading after 15 ms -- ProtegeOWLParser.loadTriples()
2557.01.15 15:50:47.921 ICT INFO: Postprocess: Process entities with incorrect Java type (2 entities) ...  -- TriplePostProcessor.processFramesWithWrongJavaType()
2557.01.15 15:50:47.921 ICT INFO: 0 ms
 -- TriplePostProcessor.processFramesWithWrongJavaType()
2557.01.15 15:50:47.921 ICT INFO: Postprocess: Process metaclasses (3 metaclasses) ...  -- TriplePostProcessor.processMetaclasses()
2557.01.15 15:50:47.921 ICT INFO: 0 ms
 -- TriplePostProcessor.processMetaclasses()
2557.01.15 15:50:47.937 ICT INFO: Postprocess: Process subclasses of rdf:List (1 classes) ...  -- TriplePostProcessor.processSubclassesOfRdfList()
2557.01.15 15:50:47.937 ICT INFO: 0 ms
 -- TriplePostProcessor.processSubclassesOfRdfList()
2557.01.15 15:50:47.937 ICT INFO: Postprocess: Instances with multiple types (130 instances) ...  -- TriplePostProcessor.processInstancesWithMultipleTypes()
2557.01.15 15:50:47.937 ICT INFO: 0 ms
 -- TriplePostProcessor.processInstancesWithMultipleTypes()
2557.01.15 15:50:47.937 ICT INFO: Postprocess: Add inferred superclasses ...  -- TriplePostProcessor.processInferredSuperclasses()
2557.01.15 15:50:47.937 ICT INFO: 0 ms
 -- TriplePostProcessor.processInferredSuperclasses()
2557.01.15 15:50:47.937 ICT INFO: Postprocess: Process orphan classes (109 classes) ...  -- TriplePostProcessor.processOrphanClses()
2557.01.15 15:50:47.937 ICT INFO: 0 ms
 -- TriplePostProcessor.processOrphanClses()
2557.01.15 15:50:47.937 ICT INFO: Postprocess: Generalized Concept Inclusion (0 axioms) ...  -- TriplePostProcessor.processGeneralizedConceptInclusions()
2557.01.15 15:50:47.937 ICT INFO: 0 ms
 -- TriplePostProcessor.processGeneralizedConceptInclusions()
2557.01.15 15:50:47.953 ICT INFO: Postprocess: Abstract classes...  -- TriplePostProcessor.processAbstractClasses()
2557.01.15 15:50:47.953 ICT INFO: 0 ms
 -- TriplePostProcessor.processAbstractClasses()
2557.01.15 15:50:47.953 ICT INFO: Postprocess: Domain and range of properties...  -- TriplePostProcessor.processDomainAndRange()
2557.01.15 15:50:48.015 ICT INFO: 62 ms
 -- TriplePostProcessor.processDomainAndRange()
2557.01.15 15:50:48.015 ICT INFO: Postprocess: Possibly typed entities (4 resources) ...  -- TriplePostProcessor.processPossiblyTypedResources()
2557.01.15 15:50:48.031 ICT INFO: 0 ms
 -- TriplePostProcessor.processPossiblyTypedResources()
2557.01.15 15:50:48.031 ICT INFO: Updating underlying frames model in 0 ms -- ProtegeOWLParser.doFinalPostProcessing()
2557.01.15 15:50:50.328 ICT WARNING: [Local Folder Repository] The specified file must be a directory. (C:\apache-tomcat-7.0.42\bin\plugins\edu.stanford.smi.protegex.owl) -- LocalFolderRepository.update()
2557.01.15 15:50:50.328 ICT INFO: Loading triples for: null -- ProtegeOWLParser.loadTriples()
2557.01.15 15:50:50.328 ICT INFO:     Completed triple loading after 0 ms -- ProtegeOWLParser.loadTriples()
2557.01.15 15:50:50.343 ICT INFO: Importing file:/C:/sidi/ii-rules1-6.owl from location: file:/C:/sidi/ii-rules1-6.owl [actual ontology at this location: http://202.28.94.50/ontologies/ii-rules.owl] -- AbstractOWLModel.loadImportedAssertions()
2557.01.15 15:50:50.343 ICT INFO: Loading triples for: file:/C:/sidi/ii-rules1-6.owl -- ProtegeOWLParser.loadTriples()
2557.01.15 15:50:50.640 ICT INFO:     Completed triple loading after 297 ms -- ProtegeOWLParser.loadTriples()
2557.01.15 15:50:50.640 ICT INFO: Importing file:/D:/ontology/map1-6.owl from location: file:/D:/ontology/map1-6.owl [actual ontology at this location: http://202.28.94.50/ontologies/map1.owl] -- AbstractOWLModel.loadImportedAssertions()
2557.01.15 15:50:50.656 ICT INFO: Loading triples for: file:/D:/ontology/map1-6.owl -- ProtegeOWLParser.loadTriples()
2557.01.15 15:50:50.671 ICT INFO:     Completed triple loading after 15 ms -- ProtegeOWLParser.loadTriples()
2557.01.15 15:50:50.718 ICT INFO: Importing http://localhost/dbservice/case1/ontology/rawae.owl from location: http://localhost/dbservice/case1/ontology/rawae.owl -- AbstractOWLModel.loadImportedAssertions()
2557.01.15 15:50:50.734 ICT INFO: Loading triples for: http://localhost/dbservice/case1/ontology/rawae.owl -- ProtegeOWLParser.loadTriples()
2557.01.15 15:50:50.765 ICT INFO:     Completed triple loading after 31 ms -- ProtegeOWLParser.loadTriples()
2557.01.15 15:50:50.843 ICT INFO: Importing http://localhost/dbservice2/case4/ontology/MatrixHOS.owl from location: http://localhost/dbservice2/case4/ontology/MatrixHOS.owl -- AbstractOWLModel.loadImportedAssertions()
2557.01.15 15:50:50.859 ICT INFO: Loading triples for: http://localhost/dbservice2/case4/ontology/MatrixHOS.owl -- ProtegeOWLParser.loadTriples()
2557.01.15 15:50:50.875 ICT INFO:     Completed triple loading after 16 ms -- ProtegeOWLParser.loadTriples()
2557.01.15 15:50:50.890 ICT INFO: Importing http://localhost/dbservice2/case2/ontology/MatrixHOS.owl from location: http://localhost/dbservice2/case2/ontology/MatrixHOS.owl -- AbstractOWLModel.loadImportedAssertions()
2557.01.15 15:50:50.921 ICT INFO: Loading triples for: http://localhost/dbservice2/case2/ontology/MatrixHOS.owl -- ProtegeOWLParser.loadTriples()
2557.01.15 15:50:50.937 ICT INFO:     Completed triple loading after 16 ms -- ProtegeOWLParser.loadTriples()
2557.01.15 15:50:50.937 ICT INFO: Importing file:/D:/ontology/bridges.owl from location: file:/D:/ontology/bridges.owl [actual ontology at this location: http://202.28.94.50/ontologies/bridges.owl] -- AbstractOWLModel.loadImportedAssertions()
2557.01.15 15:50:50.953 ICT INFO: Loading triples for: file:/D:/ontology/bridges.owl -- ProtegeOWLParser.loadTriples()
2557.01.15 15:50:50.968 ICT INFO:     Completed triple loading after 0 ms -- ProtegeOWLParser.loadTriples()
2557.01.15 15:50:50.968 ICT INFO: Importing http://localhost/dbservice2/case1/ontology/MatrixHOS.owl from location: http://localhost/dbservice2/case1/ontology/MatrixHOS.owl -- AbstractOWLModel.loadImportedAssertions()
2557.01.15 15:50:51.406 ICT INFO: Loading triples for: http://localhost/dbservice2/case1/ontology/MatrixHOS.owl -- ProtegeOWLParser.loadTriples()
2557.01.15 15:50:51.421 ICT INFO:     Completed triple loading after 15 ms -- ProtegeOWLParser.loadTriples()
2557.01.15 15:50:51.421 ICT INFO: Importing file:/D:/ontology/healthcare/hl7.owl from location: file:/D:/ontology/healthcare/hl7.owl [actual ontology at this location: http://202.28.94.50/ontologies/healthcare/hl7.owl#] -- AbstractOWLModel.loadImportedAssertions()
2557.01.15 15:50:51.437 ICT INFO: Loading triples for: file:/D:/ontology/healthcare/hl7.owl -- ProtegeOWLParser.loadTriples()
2557.01.15 15:50:51.484 ICT INFO:     Completed triple loading after 47 ms -- ProtegeOWLParser.loadTriples()
2557.01.15 15:50:51.531 ICT INFO: Importing http://localhost/dbservice/case2/ontology/rawae.owl from location: http://localhost/dbservice/case2/ontology/rawae.owl -- AbstractOWLModel.loadImportedAssertions()
2557.01.15 15:50:51.578 ICT INFO: Loading triples for: http://localhost/dbservice/case2/ontology/rawae.owl -- ProtegeOWLParser.loadTriples()
2557.01.15 15:50:51.609 ICT INFO:     Completed triple loading after 31 ms -- ProtegeOWLParser.loadTriples()
2557.01.15 15:50:51.625 ICT INFO: Importing http://localhost/dbservice2/case3/ontology/MatrixHOS.owl from location: http://localhost/dbservice2/case3/ontology/MatrixHOS.owl -- AbstractOWLModel.loadImportedAssertions()
2557.01.15 15:50:51.640 ICT INFO: Loading triples for: http://localhost/dbservice2/case3/ontology/MatrixHOS.owl -- ProtegeOWLParser.loadTriples()
2557.01.15 15:50:51.718 ICT INFO:     Completed triple loading after 78 ms -- ProtegeOWLParser.loadTriples()
2557.01.15 15:50:51.718 ICT INFO: Postprocess: Process entities with incorrect Java type (2 entities) ...  -- TriplePostProcessor.processFramesWithWrongJavaType()
2557.01.15 15:50:51.718 ICT INFO: 0 ms
 -- TriplePostProcessor.processFramesWithWrongJavaType()
2557.01.15 15:50:51.718 ICT INFO: Postprocess: Process metaclasses (3 metaclasses) ...  -- TriplePostProcessor.processMetaclasses()
2557.01.15 15:50:51.718 ICT INFO: 0 ms
 -- TriplePostProcessor.processMetaclasses()
2557.01.15 15:50:51.718 ICT INFO: Postprocess: Process subclasses of rdf:List (1 classes) ...  -- TriplePostProcessor.processSubclassesOfRdfList()
2557.01.15 15:50:51.734 ICT INFO: 0 ms
 -- TriplePostProcessor.processSubclassesOfRdfList()
2557.01.15 15:50:51.734 ICT INFO: Postprocess: Instances with multiple types (130 instances) ...  -- TriplePostProcessor.processInstancesWithMultipleTypes()
2557.01.15 15:50:51.734 ICT INFO: 0 ms
 -- TriplePostProcessor.processInstancesWithMultipleTypes()
2557.01.15 15:50:51.734 ICT INFO: Postprocess: Add inferred superclasses ...  -- TriplePostProcessor.processInferredSuperclasses()
2557.01.15 15:50:51.734 ICT INFO: 0 ms
 -- TriplePostProcessor.processInferredSuperclasses()
2557.01.15 15:50:51.734 ICT INFO: Postprocess: Process orphan classes (109 classes) ...  -- TriplePostProcessor.processOrphanClses()
2557.01.15 15:50:51.734 ICT INFO: 0 ms
 -- TriplePostProcessor.processOrphanClses()
2557.01.15 15:50:51.750 ICT INFO: Postprocess: Generalized Concept Inclusion (0 axioms) ...  -- TriplePostProcessor.processGeneralizedConceptInclusions()
2557.01.15 15:50:51.750 ICT INFO: 0 ms
 -- TriplePostProcessor.processGeneralizedConceptInclusions()
2557.01.15 15:50:51.750 ICT INFO: Postprocess: Abstract classes...  -- TriplePostProcessor.processAbstractClasses()
2557.01.15 15:50:51.750 ICT INFO: 0 ms
 -- TriplePostProcessor.processAbstractClasses()
2557.01.15 15:50:51.750 ICT INFO: Postprocess: Domain and range of properties...  -- TriplePostProcessor.processDomainAndRange()
2557.01.15 15:50:51.843 ICT INFO: 62 ms
 -- TriplePostProcessor.processDomainAndRange()
2557.01.15 15:50:51.843 ICT INFO: Postprocess: Possibly typed entities (4 resources) ...  -- TriplePostProcessor.processPossiblyTypedResources()
2557.01.15 15:50:51.843 ICT INFO: 0 ms
 -- TriplePostProcessor.processPossiblyTypedResources()
2557.01.15 15:50:51.843 ICT INFO: Updating underlying frames model in 0 ms -- ProtegeOWLParser.doFinalPostProcessing()
2557.01.15 15:50:53.453 ICT WARNING: [Local Folder Repository] The specified file must be a directory. (C:\apache-tomcat-7.0.42\bin\plugins\edu.stanford.smi.protegex.owl) -- LocalFolderRepository.update()
2557.01.15 15:50:53.453 ICT INFO: Loading triples for: null -- ProtegeOWLParser.loadTriples()
2557.01.15 15:50:53.468 ICT INFO:     Completed triple loading after 15 ms -- ProtegeOWLParser.loadTriples()
2557.01.15 15:50:53.468 ICT INFO: Importing file:/C:/sidi/ii-rules1-6.owl from location: file:/C:/sidi/ii-rules1-6.owl [actual ontology at this location: http://202.28.94.50/ontologies/ii-rules.owl] -- AbstractOWLModel.loadImportedAssertions()
2557.01.15 15:50:53.484 ICT INFO: Loading triples for: file:/C:/sidi/ii-rules1-6.owl -- ProtegeOWLParser.loadTriples()
2557.01.15 15:50:53.781 ICT INFO:     Completed triple loading after 281 ms -- ProtegeOWLParser.loadTriples()
2557.01.15 15:50:53.781 ICT INFO: Importing file:/D:/ontology/map1-6.owl from location: file:/D:/ontology/map1-6.owl [actual ontology at this location: http://202.28.94.50/ontologies/map1.owl] -- AbstractOWLModel.loadImportedAssertions()
2557.01.15 15:50:53.796 ICT INFO: Loading triples for: file:/D:/ontology/map1-6.owl -- ProtegeOWLParser.loadTriples()
2557.01.15 15:50:53.812 ICT INFO:     Completed triple loading after 16 ms -- ProtegeOWLParser.loadTriples()
2557.01.15 15:50:53.828 ICT INFO: Importing http://localhost/dbservice/case1/ontology/rawae.owl from location: http://localhost/dbservice/case1/ontology/rawae.owl -- AbstractOWLModel.loadImportedAssertions()
2557.01.15 15:50:53.953 ICT INFO: Loading triples for: http://localhost/dbservice/case1/ontology/rawae.owl -- ProtegeOWLParser.loadTriples()
2557.01.15 15:50:53.968 ICT INFO:     Completed triple loading after 15 ms -- ProtegeOWLParser.loadTriples()
2557.01.15 15:50:54.015 ICT INFO: Importing http://localhost/dbservice2/case4/ontology/MatrixHOS.owl from location: http://localhost/dbservice2/case4/ontology/MatrixHOS.owl -- AbstractOWLModel.loadImportedAssertions()
2557.01.15 15:50:54.031 ICT INFO: Loading triples for: http://localhost/dbservice2/case4/ontology/MatrixHOS.owl -- ProtegeOWLParser.loadTriples()
2557.01.15 15:50:54.062 ICT INFO:     Completed triple loading after 31 ms -- ProtegeOWLParser.loadTriples()
2557.01.15 15:50:54.078 ICT INFO: Importing http://localhost/dbservice2/case2/ontology/MatrixHOS.owl from location: http://localhost/dbservice2/case2/ontology/MatrixHOS.owl -- AbstractOWLModel.loadImportedAssertions()
2557.01.15 15:50:54.093 ICT INFO: Loading triples for: http://localhost/dbservice2/case2/ontology/MatrixHOS.owl -- ProtegeOWLParser.loadTriples()
2557.01.15 15:50:54.109 ICT INFO:     Completed triple loading after 16 ms -- ProtegeOWLParser.loadTriples()
2557.01.15 15:50:54.109 ICT INFO: Importing file:/D:/ontology/bridges.owl from location: file:/D:/ontology/bridges.owl [actual ontology at this location: http://202.28.94.50/ontologies/bridges.owl] -- AbstractOWLModel.loadImportedAssertions()
2557.01.15 15:50:54.125 ICT INFO: Loading triples for: file:/D:/ontology/bridges.owl -- ProtegeOWLParser.loadTriples()
2557.01.15 15:50:54.171 ICT INFO:     Completed triple loading after 15 ms -- ProtegeOWLParser.loadTriples()
2557.01.15 15:50:54.171 ICT INFO: Importing http://localhost/dbservice2/case1/ontology/MatrixHOS.owl from location: http://localhost/dbservice2/case1/ontology/MatrixHOS.owl -- AbstractOWLModel.loadImportedAssertions()
2557.01.15 15:50:54.187 ICT INFO: Loading triples for: http://localhost/dbservice2/case1/ontology/MatrixHOS.owl -- ProtegeOWLParser.loadTriples()
2557.01.15 15:50:54.203 ICT INFO:     Completed triple loading after 16 ms -- ProtegeOWLParser.loadTriples()
2557.01.15 15:50:54.218 ICT INFO: Importing file:/D:/ontology/healthcare/hl7.owl from location: file:/D:/ontology/healthcare/hl7.owl [actual ontology at this location: http://202.28.94.50/ontologies/healthcare/hl7.owl#] -- AbstractOWLModel.loadImportedAssertions()
2557.01.15 15:50:54.218 ICT INFO: Loading triples for: file:/D:/ontology/healthcare/hl7.owl -- ProtegeOWLParser.loadTriples()
2557.01.15 15:50:54.296 ICT INFO:     Completed triple loading after 78 ms -- ProtegeOWLParser.loadTriples()
2557.01.15 15:50:54.328 ICT INFO: Importing http://localhost/dbservice/case2/ontology/rawae.owl from location: http://localhost/dbservice/case2/ontology/rawae.owl -- AbstractOWLModel.loadImportedAssertions()
2557.01.15 15:50:54.375 ICT INFO: Loading triples for: http://localhost/dbservice/case2/ontology/rawae.owl -- ProtegeOWLParser.loadTriples()
2557.01.15 15:50:54.437 ICT INFO:     Completed triple loading after 62 ms -- ProtegeOWLParser.loadTriples()
2557.01.15 15:50:54.453 ICT INFO: Importing http://localhost/dbservice2/case3/ontology/MatrixHOS.owl from location: http://localhost/dbservice2/case3/ontology/MatrixHOS.owl -- AbstractOWLModel.loadImportedAssertions()
2557.01.15 15:50:54.453 ICT INFO: Loading triples for: http://localhost/dbservice2/case3/ontology/MatrixHOS.owl -- ProtegeOWLParser.loadTriples()
2557.01.15 15:50:54.484 ICT INFO:     Completed triple loading after 31 ms -- ProtegeOWLParser.loadTriples()
2557.01.15 15:50:54.484 ICT INFO: Postprocess: Process entities with incorrect Java type (2 entities) ...  -- TriplePostProcessor.processFramesWithWrongJavaType()
2557.01.15 15:50:54.484 ICT INFO: 0 ms
 -- TriplePostProcessor.processFramesWithWrongJavaType()
2557.01.15 15:50:54.484 ICT INFO: Postprocess: Process metaclasses (3 metaclasses) ...  -- TriplePostProcessor.processMetaclasses()
2557.01.15 15:50:54.484 ICT INFO: 0 ms
 -- TriplePostProcessor.processMetaclasses()
2557.01.15 15:50:54.562 ICT INFO: Postprocess: Process subclasses of rdf:List (1 classes) ...  -- TriplePostProcessor.processSubclassesOfRdfList()
2557.01.15 15:50:54.562 ICT INFO: 0 ms
 -- TriplePostProcessor.processSubclassesOfRdfList()
2557.01.15 15:50:54.562 ICT INFO: Postprocess: Instances with multiple types (130 instances) ...  -- TriplePostProcessor.processInstancesWithMultipleTypes()
2557.01.15 15:50:54.562 ICT INFO: 0 ms
 -- TriplePostProcessor.processInstancesWithMultipleTypes()
2557.01.15 15:50:54.562 ICT INFO: Postprocess: Add inferred superclasses ...  -- TriplePostProcessor.processInferredSuperclasses()
2557.01.15 15:50:54.562 ICT INFO: 0 ms
 -- TriplePostProcessor.processInferredSuperclasses()
2557.01.15 15:50:54.562 ICT INFO: Postprocess: Process orphan classes (109 classes) ...  -- TriplePostProcessor.processOrphanClses()
2557.01.15 15:50:54.562 ICT INFO: 0 ms
 -- TriplePostProcessor.processOrphanClses()
2557.01.15 15:50:54.562 ICT INFO: Postprocess: Generalized Concept Inclusion (0 axioms) ...  -- TriplePostProcessor.processGeneralizedConceptInclusions()
2557.01.15 15:50:54.562 ICT INFO: 0 ms
 -- TriplePostProcessor.processGeneralizedConceptInclusions()
2557.01.15 15:50:54.562 ICT INFO: Postprocess: Abstract classes...  -- TriplePostProcessor.processAbstractClasses()
2557.01.15 15:50:54.562 ICT INFO: 0 ms
 -- TriplePostProcessor.processAbstractClasses()
2557.01.15 15:50:54.578 ICT INFO: Postprocess: Domain and range of properties...  -- TriplePostProcessor.processDomainAndRange()
2557.01.15 15:50:54.640 ICT INFO: 62 ms
 -- TriplePostProcessor.processDomainAndRange()
2557.01.15 15:50:54.640 ICT INFO: Postprocess: Possibly typed entities (4 resources) ...  -- TriplePostProcessor.processPossiblyTypedResources()
2557.01.15 15:50:54.640 ICT INFO: 0 ms
 -- TriplePostProcessor.processPossiblyTypedResources()
2557.01.15 15:50:54.640 ICT INFO: Updating underlying frames model in 0 ms -- ProtegeOWLParser.doFinalPostProcessing()
2557.01.15 15:50:56.125 ICT WARNING: [Local Folder Repository] The specified file must be a directory. (C:\apache-tomcat-7.0.42\bin\plugins\edu.stanford.smi.protegex.owl) -- LocalFolderRepository.update()
2557.01.15 15:50:56.140 ICT INFO: Loading triples for: null -- ProtegeOWLParser.loadTriples()
2557.01.15 15:50:56.140 ICT INFO:     Completed triple loading after 0 ms -- ProtegeOWLParser.loadTriples()
2557.01.15 15:50:56.140 ICT INFO: Importing file:/C:/sidi/ii-rules1-6.owl from location: file:/C:/sidi/ii-rules1-6.owl [actual ontology at this location: http://202.28.94.50/ontologies/ii-rules.owl] -- AbstractOWLModel.loadImportedAssertions()
2557.01.15 15:50:56.187 ICT INFO: Loading triples for: file:/C:/sidi/ii-rules1-6.owl -- ProtegeOWLParser.loadTriples()
2557.01.15 15:50:56.500 ICT INFO:     Completed triple loading after 313 ms -- ProtegeOWLParser.loadTriples()
2557.01.15 15:50:56.500 ICT INFO: Importing file:/D:/ontology/map1-6.owl from location: file:/D:/ontology/map1-6.owl [actual ontology at this location: http://202.28.94.50/ontologies/map1.owl] -- AbstractOWLModel.loadImportedAssertions()
2557.01.15 15:50:56.531 ICT INFO: Loading triples for: file:/D:/ontology/map1-6.owl -- ProtegeOWLParser.loadTriples()
2557.01.15 15:50:56.546 ICT INFO:     Completed triple loading after 15 ms -- ProtegeOWLParser.loadTriples()
2557.01.15 15:50:56.562 ICT INFO: Importing http://localhost/dbservice/case1/ontology/rawae.owl from location: http://localhost/dbservice/case1/ontology/rawae.owl -- AbstractOWLModel.loadImportedAssertions()
2557.01.15 15:50:56.578 ICT INFO: Loading triples for: http://localhost/dbservice/case1/ontology/rawae.owl -- ProtegeOWLParser.loadTriples()
2557.01.15 15:50:56.609 ICT INFO:     Completed triple loading after 15 ms -- ProtegeOWLParser.loadTriples()
2557.01.15 15:50:56.640 ICT INFO: Importing http://localhost/dbservice2/case4/ontology/MatrixHOS.owl from location: http://localhost/dbservice2/case4/ontology/MatrixHOS.owl -- AbstractOWLModel.loadImportedAssertions()
2557.01.15 15:50:56.703 ICT INFO: Loading triples for: http://localhost/dbservice2/case4/ontology/MatrixHOS.owl -- ProtegeOWLParser.loadTriples()
2557.01.15 15:50:56.718 ICT INFO:     Completed triple loading after 15 ms -- ProtegeOWLParser.loadTriples()
2557.01.15 15:50:56.734 ICT INFO: Importing http://localhost/dbservice2/case2/ontology/MatrixHOS.owl from location: http://localhost/dbservice2/case2/ontology/MatrixHOS.owl -- AbstractOWLModel.loadImportedAssertions()
2557.01.15 15:50:56.750 ICT INFO: Loading triples for: http://localhost/dbservice2/case2/ontology/MatrixHOS.owl -- ProtegeOWLParser.loadTriples()
2557.01.15 15:50:56.765 ICT INFO:     Completed triple loading after 15 ms -- ProtegeOWLParser.loadTriples()
2557.01.15 15:50:56.812 ICT INFO: Importing file:/D:/ontology/bridges.owl from location: file:/D:/ontology/bridges.owl [actual ontology at this location: http://202.28.94.50/ontologies/bridges.owl] -- AbstractOWLModel.loadImportedAssertions()
2557.01.15 15:50:56.828 ICT INFO: Loading triples for: file:/D:/ontology/bridges.owl -- ProtegeOWLParser.loadTriples()
2557.01.15 15:50:56.843 ICT INFO:     Completed triple loading after 15 ms -- ProtegeOWLParser.loadTriples()
2557.01.15 15:50:56.859 ICT INFO: Importing http://localhost/dbservice2/case1/ontology/MatrixHOS.owl from location: http://localhost/dbservice2/case1/ontology/MatrixHOS.owl -- AbstractOWLModel.loadImportedAssertions()
2557.01.15 15:50:56.859 ICT INFO: Loading triples for: http://localhost/dbservice2/case1/ontology/MatrixHOS.owl -- ProtegeOWLParser.loadTriples()
2557.01.15 15:50:56.875 ICT INFO:     Completed triple loading after 16 ms -- ProtegeOWLParser.loadTriples()
2557.01.15 15:50:56.890 ICT INFO: Importing file:/D:/ontology/healthcare/hl7.owl from location: file:/D:/ontology/healthcare/hl7.owl [actual ontology at this location: http://202.28.94.50/ontologies/healthcare/hl7.owl#] -- AbstractOWLModel.loadImportedAssertions()
2557.01.15 15:50:56.921 ICT INFO: Loading triples for: file:/D:/ontology/healthcare/hl7.owl -- ProtegeOWLParser.loadTriples()
2557.01.15 15:50:56.968 ICT INFO:     Completed triple loading after 47 ms -- ProtegeOWLParser.loadTriples()
2557.01.15 15:50:56.984 ICT INFO: Importing http://localhost/dbservice/case2/ontology/rawae.owl from location: http://localhost/dbservice/case2/ontology/rawae.owl -- AbstractOWLModel.loadImportedAssertions()
2557.01.15 15:50:57.062 ICT INFO: Loading triples for: http://localhost/dbservice/case2/ontology/rawae.owl -- ProtegeOWLParser.loadTriples()
2557.01.15 15:50:57.093 ICT INFO:     Completed triple loading after 31 ms -- ProtegeOWLParser.loadTriples()
2557.01.15 15:50:57.125 ICT INFO: Importing http://localhost/dbservice2/case3/ontology/MatrixHOS.owl from location: http://localhost/dbservice2/case3/ontology/MatrixHOS.owl -- AbstractOWLModel.loadImportedAssertions()
2557.01.15 15:50:57.140 ICT INFO: Loading triples for: http://localhost/dbservice2/case3/ontology/MatrixHOS.owl -- ProtegeOWLParser.loadTriples()
2557.01.15 15:50:57.156 ICT INFO:     Completed triple loading after 16 ms -- ProtegeOWLParser.loadTriples()
2557.01.15 15:50:57.156 ICT INFO: Postprocess: Process entities with incorrect Java type (2 entities) ...  -- TriplePostProcessor.processFramesWithWrongJavaType()
2557.01.15 15:50:57.187 ICT INFO: 0 ms
 -- TriplePostProcessor.processFramesWithWrongJavaType()
2557.01.15 15:50:57.187 ICT INFO: Postprocess: Process metaclasses (3 metaclasses) ...  -- TriplePostProcessor.processMetaclasses()
2557.01.15 15:50:57.187 ICT INFO: 0 ms
 -- TriplePostProcessor.processMetaclasses()
2557.01.15 15:50:57.187 ICT INFO: Postprocess: Process subclasses of rdf:List (1 classes) ...  -- TriplePostProcessor.processSubclassesOfRdfList()
2557.01.15 15:50:57.187 ICT INFO: 0 ms
 -- TriplePostProcessor.processSubclassesOfRdfList()
2557.01.15 15:50:57.187 ICT INFO: Postprocess: Instances with multiple types (130 instances) ...  -- TriplePostProcessor.processInstancesWithMultipleTypes()
2557.01.15 15:50:57.187 ICT INFO: 0 ms
 -- TriplePostProcessor.processInstancesWithMultipleTypes()
2557.01.15 15:50:57.203 ICT INFO: Postprocess: Add inferred superclasses ...  -- TriplePostProcessor.processInferredSuperclasses()
2557.01.15 15:50:57.203 ICT INFO: 0 ms
 -- TriplePostProcessor.processInferredSuperclasses()
2557.01.15 15:50:57.203 ICT INFO: Postprocess: Process orphan classes (109 classes) ...  -- TriplePostProcessor.processOrphanClses()
2557.01.15 15:50:57.203 ICT INFO: 0 ms
 -- TriplePostProcessor.processOrphanClses()
2557.01.15 15:50:57.203 ICT INFO: Postprocess: Generalized Concept Inclusion (0 axioms) ...  -- TriplePostProcessor.processGeneralizedConceptInclusions()
2557.01.15 15:50:57.203 ICT INFO: 0 ms
 -- TriplePostProcessor.processGeneralizedConceptInclusions()
2557.01.15 15:50:57.203 ICT INFO: Postprocess: Abstract classes...  -- TriplePostProcessor.processAbstractClasses()
2557.01.15 15:50:57.203 ICT INFO: 0 ms
 -- TriplePostProcessor.processAbstractClasses()
2557.01.15 15:50:57.218 ICT INFO: Postprocess: Domain and range of properties...  -- TriplePostProcessor.processDomainAndRange()
2557.01.15 15:50:57.296 ICT INFO: 62 ms
 -- TriplePostProcessor.processDomainAndRange()
2557.01.15 15:50:57.312 ICT INFO: Postprocess: Possibly typed entities (4 resources) ...  -- TriplePostProcessor.processPossiblyTypedResources()
2557.01.15 15:50:57.312 ICT INFO: 0 ms
 -- TriplePostProcessor.processPossiblyTypedResources()
2557.01.15 15:50:57.312 ICT INFO: Updating underlying frames model in 0 ms -- ProtegeOWLParser.doFinalPostProcessing()
2557.01.15 15:51:05.046 ICT WARNING: [Local Folder Repository] The specified file must be a directory. (C:\apache-tomcat-7.0.42\bin\plugins\edu.stanford.smi.protegex.owl) -- LocalFolderRepository.update()
2557.01.15 15:51:05.046 ICT INFO: Loading triples for: null -- ProtegeOWLParser.loadTriples()
2557.01.15 15:51:05.046 ICT INFO:     Completed triple loading after 0 ms -- ProtegeOWLParser.loadTriples()
2557.01.15 15:51:05.046 ICT INFO: Importing file:/C:/sidi/ii-rules1-6.owl from location: file:/C:/sidi/ii-rules1-6.owl [actual ontology at this location: http://202.28.94.50/ontologies/ii-rules.owl] -- AbstractOWLModel.loadImportedAssertions()
2557.01.15 15:51:05.078 ICT INFO: Loading triples for: file:/C:/sidi/ii-rules1-6.owl -- ProtegeOWLParser.loadTriples()
2557.01.15 15:51:05.484 ICT INFO:     Completed triple loading after 343 ms -- ProtegeOWLParser.loadTriples()
2557.01.15 15:51:05.484 ICT INFO: Importing file:/D:/ontology/map1-6.owl from location: file:/D:/ontology/map1-6.owl [actual ontology at this location: http://202.28.94.50/ontologies/map1.owl] -- AbstractOWLModel.loadImportedAssertions()
2557.01.15 15:51:05.500 ICT INFO: Loading triples for: file:/D:/ontology/map1-6.owl -- ProtegeOWLParser.loadTriples()
2557.01.15 15:51:05.515 ICT INFO:     Completed triple loading after 15 ms -- ProtegeOWLParser.loadTriples()
2557.01.15 15:51:05.531 ICT INFO: Importing http://localhost/dbservice/case1/ontology/rawae.owl from location: http://localhost/dbservice/case1/ontology/rawae.owl -- AbstractOWLModel.loadImportedAssertions()
2557.01.15 15:51:05.578 ICT INFO: Loading triples for: http://localhost/dbservice/case1/ontology/rawae.owl -- ProtegeOWLParser.loadTriples()
2557.01.15 15:51:05.593 ICT INFO:     Completed triple loading after 15 ms -- ProtegeOWLParser.loadTriples()
2557.01.15 15:51:05.609 ICT INFO: Importing http://localhost/dbservice2/case4/ontology/MatrixHOS.owl from location: http://localhost/dbservice2/case4/ontology/MatrixHOS.owl -- AbstractOWLModel.loadImportedAssertions()
2557.01.15 15:51:05.718 ICT INFO: Loading triples for: http://localhost/dbservice2/case4/ontology/MatrixHOS.owl -- ProtegeOWLParser.loadTriples()
2557.01.15 15:51:05.843 ICT INFO:     Completed triple loading after 16 ms -- ProtegeOWLParser.loadTriples()
2557.01.15 15:51:05.859 ICT INFO: Importing http://localhost/dbservice2/case2/ontology/MatrixHOS.owl from location: http://localhost/dbservice2/case2/ontology/MatrixHOS.owl -- AbstractOWLModel.loadImportedAssertions()
2557.01.15 15:51:05.859 ICT INFO: Loading triples for: http://localhost/dbservice2/case2/ontology/MatrixHOS.owl -- ProtegeOWLParser.loadTriples()
2557.01.15 15:51:06.203 ICT INFO:     Completed triple loading after 344 ms -- ProtegeOWLParser.loadTriples()
2557.01.15 15:51:06.203 ICT INFO: Importing file:/D:/ontology/bridges.owl from location: file:/D:/ontology/bridges.owl [actual ontology at this location: http://202.28.94.50/ontologies/bridges.owl] -- AbstractOWLModel.loadImportedAssertions()
2557.01.15 15:51:06.328 ICT INFO: Loading triples for: file:/D:/ontology/bridges.owl -- ProtegeOWLParser.loadTriples()
2557.01.15 15:51:06.328 ICT INFO:     Completed triple loading after 0 ms -- ProtegeOWLParser.loadTriples()
2557.01.15 15:51:06.343 ICT INFO: Importing http://localhost/dbservice2/case1/ontology/MatrixHOS.owl from location: http://localhost/dbservice2/case1/ontology/MatrixHOS.owl -- AbstractOWLModel.loadImportedAssertions()
2557.01.15 15:51:06.453 ICT INFO: Loading triples for: http://localhost/dbservice2/case1/ontology/MatrixHOS.owl -- ProtegeOWLParser.loadTriples()
2557.01.15 15:51:06.562 ICT INFO:     Completed triple loading after 15 ms -- ProtegeOWLParser.loadTriples()
2557.01.15 15:51:06.562 ICT INFO: Importing file:/D:/ontology/healthcare/hl7.owl from location: file:/D:/ontology/healthcare/hl7.owl [actual ontology at this location: http://202.28.94.50/ontologies/healthcare/hl7.owl#] -- AbstractOWLModel.loadImportedAssertions()
2557.01.15 15:51:06.562 ICT INFO: Loading triples for: file:/D:/ontology/healthcare/hl7.owl -- ProtegeOWLParser.loadTriples()
2557.01.15 15:51:06.765 ICT INFO:     Completed triple loading after 203 ms -- ProtegeOWLParser.loadTriples()
2557.01.15 15:51:06.796 ICT INFO: Importing http://localhost/dbservice/case2/ontology/rawae.owl from location: http://localhost/dbservice/case2/ontology/rawae.owl -- AbstractOWLModel.loadImportedAssertions()
2557.01.15 15:51:06.812 ICT INFO: Loading triples for: http://localhost/dbservice/case2/ontology/rawae.owl -- ProtegeOWLParser.loadTriples()
2557.01.15 15:51:06.843 ICT INFO:     Completed triple loading after 31 ms -- ProtegeOWLParser.loadTriples()
2557.01.15 15:51:06.890 ICT INFO: Importing http://localhost/dbservice2/case3/ontology/MatrixHOS.owl from location: http://localhost/dbservice2/case3/ontology/MatrixHOS.owl -- AbstractOWLModel.loadImportedAssertions()
2557.01.15 15:51:06.906 ICT INFO: Loading triples for: http://localhost/dbservice2/case3/ontology/MatrixHOS.owl -- ProtegeOWLParser.loadTriples()
2557.01.15 15:51:06.953 ICT INFO:     Completed triple loading after 47 ms -- ProtegeOWLParser.loadTriples()
2557.01.15 15:51:06.953 ICT INFO: Postprocess: Process entities with incorrect Java type (2 entities) ...  -- TriplePostProcessor.processFramesWithWrongJavaType()
2557.01.15 15:51:06.953 ICT INFO: 0 ms
 -- TriplePostProcessor.processFramesWithWrongJavaType()
2557.01.15 15:51:06.953 ICT INFO: Postprocess: Process metaclasses (3 metaclasses) ...  -- TriplePostProcessor.processMetaclasses()
2557.01.15 15:51:06.953 ICT INFO: 0 ms
 -- TriplePostProcessor.processMetaclasses()
2557.01.15 15:51:06.953 ICT INFO: Postprocess: Process subclasses of rdf:List (1 classes) ...  -- TriplePostProcessor.processSubclassesOfRdfList()
2557.01.15 15:51:06.953 ICT INFO: 0 ms
 -- TriplePostProcessor.processSubclassesOfRdfList()
2557.01.15 15:51:06.953 ICT INFO: Postprocess: Instances with multiple types (130 instances) ...  -- TriplePostProcessor.processInstancesWithMultipleTypes()
2557.01.15 15:51:07.000 ICT INFO: 47 ms
 -- TriplePostProcessor.processInstancesWithMultipleTypes()
2557.01.15 15:51:07.000 ICT INFO: Postprocess: Add inferred superclasses ...  -- TriplePostProcessor.processInferredSuperclasses()
2557.01.15 15:51:07.000 ICT INFO: 0 ms
 -- TriplePostProcessor.processInferredSuperclasses()
2557.01.15 15:51:07.000 ICT INFO: Postprocess: Process orphan classes (109 classes) ...  -- TriplePostProcessor.processOrphanClses()
2557.01.15 15:51:07.000 ICT INFO: 0 ms
 -- TriplePostProcessor.processOrphanClses()
2557.01.15 15:51:07.000 ICT INFO: Postprocess: Generalized Concept Inclusion (0 axioms) ...  -- TriplePostProcessor.processGeneralizedConceptInclusions()
2557.01.15 15:51:07.000 ICT INFO: 0 ms
 -- TriplePostProcessor.processGeneralizedConceptInclusions()
2557.01.15 15:51:07.000 ICT INFO: Postprocess: Abstract classes...  -- TriplePostProcessor.processAbstractClasses()
2557.01.15 15:51:07.000 ICT INFO: 0 ms
 -- TriplePostProcessor.processAbstractClasses()
2557.01.15 15:51:07.000 ICT INFO: Postprocess: Domain and range of properties...  -- TriplePostProcessor.processDomainAndRange()
2557.01.15 15:51:07.156 ICT INFO: 156 ms
 -- TriplePostProcessor.processDomainAndRange()
2557.01.15 15:51:07.171 ICT INFO: Postprocess: Possibly typed entities (4 resources) ...  -- TriplePostProcessor.processPossiblyTypedResources()
2557.01.15 15:51:07.171 ICT INFO: 0 ms
 -- TriplePostProcessor.processPossiblyTypedResources()
2557.01.15 15:51:07.171 ICT INFO: Updating underlying frames model in 0 ms -- ProtegeOWLParser.doFinalPostProcessing()
2557.01.15 15:51:10.796 ICT WARNING: [Local Folder Repository] The specified file must be a directory. (C:\apache-tomcat-7.0.42\bin\plugins\edu.stanford.smi.protegex.owl) -- LocalFolderRepository.update()
2557.01.15 15:51:10.796 ICT INFO: Loading triples for: null -- ProtegeOWLParser.loadTriples()
2557.01.15 15:51:10.875 ICT INFO:     Completed triple loading after 0 ms -- ProtegeOWLParser.loadTriples()
2557.01.15 15:51:10.875 ICT INFO: Importing file:/C:/sidi/ii-rules1-6.owl from location: file:/C:/sidi/ii-rules1-6.owl [actual ontology at this location: http://202.28.94.50/ontologies/ii-rules.owl] -- AbstractOWLModel.loadImportedAssertions()
2557.01.15 15:51:10.890 ICT INFO: Loading triples for: file:/C:/sidi/ii-rules1-6.owl -- ProtegeOWLParser.loadTriples()
2557.01.15 15:51:11.906 ICT INFO:     Completed triple loading after 1016 ms -- ProtegeOWLParser.loadTriples()
2557.01.15 15:51:11.968 ICT INFO: Importing file:/D:/ontology/map1-6.owl from location: file:/D:/ontology/map1-6.owl [actual ontology at this location: http://202.28.94.50/ontologies/map1.owl] -- AbstractOWLModel.loadImportedAssertions()
2557.01.15 15:51:11.968 ICT INFO: Loading triples for: file:/D:/ontology/map1-6.owl -- ProtegeOWLParser.loadTriples()
2557.01.15 15:51:12.046 ICT INFO:     Completed triple loading after 78 ms -- ProtegeOWLParser.loadTriples()
2557.01.15 15:51:12.125 ICT INFO: Importing http://localhost/dbservice/case1/ontology/rawae.owl from location: http://localhost/dbservice/case1/ontology/rawae.owl -- AbstractOWLModel.loadImportedAssertions()
2557.01.15 15:51:12.203 ICT INFO: Loading triples for: http://localhost/dbservice/case1/ontology/rawae.owl -- ProtegeOWLParser.loadTriples()
2557.01.15 15:51:12.218 ICT INFO:     Completed triple loading after 15 ms -- ProtegeOWLParser.loadTriples()
2557.01.15 15:51:12.343 ICT INFO: Importing http://localhost/dbservice2/case4/ontology/MatrixHOS.owl from location: http://localhost/dbservice2/case4/ontology/MatrixHOS.owl -- AbstractOWLModel.loadImportedAssertions()
2557.01.15 15:51:12.421 ICT INFO: Loading triples for: http://localhost/dbservice2/case4/ontology/MatrixHOS.owl -- ProtegeOWLParser.loadTriples()
2557.01.15 15:51:12.437 ICT INFO:     Completed triple loading after 16 ms -- ProtegeOWLParser.loadTriples()
2557.01.15 15:51:12.515 ICT INFO: Importing http://localhost/dbservice2/case2/ontology/MatrixHOS.owl from location: http://localhost/dbservice2/case2/ontology/MatrixHOS.owl -- AbstractOWLModel.loadImportedAssertions()
2557.01.15 15:51:12.562 ICT INFO: Loading triples for: http://localhost/dbservice2/case2/ontology/MatrixHOS.owl -- ProtegeOWLParser.loadTriples()
2557.01.15 15:51:12.578 ICT INFO:     Completed triple loading after 16 ms -- ProtegeOWLParser.loadTriples()
2557.01.15 15:51:12.578 ICT INFO: Importing file:/D:/ontology/bridges.owl from location: file:/D:/ontology/bridges.owl [actual ontology at this location: http://202.28.94.50/ontologies/bridges.owl] -- AbstractOWLModel.loadImportedAssertions()
2557.01.15 15:51:12.625 ICT INFO: Loading triples for: file:/D:/ontology/bridges.owl -- ProtegeOWLParser.loadTriples()
2557.01.15 15:51:12.625 ICT INFO:     Completed triple loading after 0 ms -- ProtegeOWLParser.loadTriples()
2557.01.15 15:51:12.640 ICT INFO: Importing http://localhost/dbservice2/case1/ontology/MatrixHOS.owl from location: http://localhost/dbservice2/case1/ontology/MatrixHOS.owl -- AbstractOWLModel.loadImportedAssertions()
2557.01.15 15:51:12.687 ICT INFO: Loading triples for: http://localhost/dbservice2/case1/ontology/MatrixHOS.owl -- ProtegeOWLParser.loadTriples()
2557.01.15 15:51:12.765 ICT INFO:     Completed triple loading after 16 ms -- ProtegeOWLParser.loadTriples()
2557.01.15 15:51:12.765 ICT INFO: Importing file:/D:/ontology/healthcare/hl7.owl from location: file:/D:/ontology/healthcare/hl7.owl [actual ontology at this location: http://202.28.94.50/ontologies/healthcare/hl7.owl#] -- AbstractOWLModel.loadImportedAssertions()
2557.01.15 15:51:12.765 ICT INFO: Loading triples for: file:/D:/ontology/healthcare/hl7.owl -- ProtegeOWLParser.loadTriples()
2557.01.15 15:51:12.875 ICT INFO:     Completed triple loading after 110 ms -- ProtegeOWLParser.loadTriples()
2557.01.15 15:51:12.937 ICT INFO: Importing http://localhost/dbservice/case2/ontology/rawae.owl from location: http://localhost/dbservice/case2/ontology/rawae.owl -- AbstractOWLModel.loadImportedAssertions()
2557.01.15 15:51:12.968 ICT INFO: Loading triples for: http://localhost/dbservice/case2/ontology/rawae.owl -- ProtegeOWLParser.loadTriples()
2557.01.15 15:51:13.078 ICT INFO:     Completed triple loading after 110 ms -- ProtegeOWLParser.loadTriples()
2557.01.15 15:51:13.093 ICT INFO: Importing http://localhost/dbservice2/case3/ontology/MatrixHOS.owl from location: http://localhost/dbservice2/case3/ontology/MatrixHOS.owl -- AbstractOWLModel.loadImportedAssertions()
2557.01.15 15:51:13.156 ICT INFO: Loading triples for: http://localhost/dbservice2/case3/ontology/MatrixHOS.owl -- ProtegeOWLParser.loadTriples()
2557.01.15 15:51:13.171 ICT INFO:     Completed triple loading after 15 ms -- ProtegeOWLParser.loadTriples()
2557.01.15 15:51:13.171 ICT INFO: Postprocess: Process entities with incorrect Java type (2 entities) ...  -- TriplePostProcessor.processFramesWithWrongJavaType()
2557.01.15 15:51:13.203 ICT INFO: 0 ms
 -- TriplePostProcessor.processFramesWithWrongJavaType()
2557.01.15 15:51:13.218 ICT INFO: Postprocess: Process metaclasses (3 metaclasses) ...  -- TriplePostProcessor.processMetaclasses()
2557.01.15 15:51:13.218 ICT INFO: 0 ms
 -- TriplePostProcessor.processMetaclasses()
2557.01.15 15:51:13.218 ICT INFO: Postprocess: Process subclasses of rdf:List (1 classes) ...  -- TriplePostProcessor.processSubclassesOfRdfList()
2557.01.15 15:51:13.218 ICT INFO: 0 ms
 -- TriplePostProcessor.processSubclassesOfRdfList()
2557.01.15 15:51:13.218 ICT INFO: Postprocess: Instances with multiple types (130 instances) ...  -- TriplePostProcessor.processInstancesWithMultipleTypes()
2557.01.15 15:51:13.281 ICT INFO: 16 ms
 -- TriplePostProcessor.processInstancesWithMultipleTypes()
2557.01.15 15:51:13.281 ICT INFO: Postprocess: Add inferred superclasses ...  -- TriplePostProcessor.processInferredSuperclasses()
2557.01.15 15:51:13.281 ICT INFO: 0 ms
 -- TriplePostProcessor.processInferredSuperclasses()
2557.01.15 15:51:13.312 ICT INFO: Postprocess: Process orphan classes (109 classes) ...  -- TriplePostProcessor.processOrphanClses()
2557.01.15 15:51:13.312 ICT INFO: 0 ms
 -- TriplePostProcessor.processOrphanClses()
2557.01.15 15:51:13.312 ICT INFO: Postprocess: Generalized Concept Inclusion (0 axioms) ...  -- TriplePostProcessor.processGeneralizedConceptInclusions()
2557.01.15 15:51:13.312 ICT INFO: 0 ms
 -- TriplePostProcessor.processGeneralizedConceptInclusions()
2557.01.15 15:51:13.312 ICT INFO: Postprocess: Abstract classes...  -- TriplePostProcessor.processAbstractClasses()
2557.01.15 15:51:13.312 ICT INFO: 0 ms
 -- TriplePostProcessor.processAbstractClasses()
2557.01.15 15:51:13.406 ICT INFO: Postprocess: Domain and range of properties...  -- TriplePostProcessor.processDomainAndRange()
2557.01.15 15:51:13.562 ICT INFO: 156 ms
 -- TriplePostProcessor.processDomainAndRange()
2557.01.15 15:51:13.562 ICT INFO: Postprocess: Possibly typed entities (4 resources) ...  -- TriplePostProcessor.processPossiblyTypedResources()
2557.01.15 15:51:13.562 ICT INFO: 0 ms
 -- TriplePostProcessor.processPossiblyTypedResources()
2557.01.15 15:51:13.656 ICT INFO: Updating underlying frames model in 0 ms -- ProtegeOWLParser.doFinalPostProcessing()
